[    1289ms] Uncaught Error: Minified React error #418; visit https://react.dev/errors/418 for the full message or use the non-minified dev environment for full errors and additional helpful warnings.
    at t5 (https://assets.pchome.com.tw/production/nextjs/main/_next/static/chunks/76af1d31-2d54a6c5656e00d4.js:0:25015)
    at iZ (https://assets.pchome.com.tw/production/nextjs/main/_next/static/chunks/76af1d31-2d54a6c5656e00d4.js:0:120880)
    at ia (https://assets.pchome.com.tw/production/nextjs/main/_next/static/chunks/76af1d31-2d54a6c5656e00d4.js:0:95507)
    at <anonymous> (https://assets.pchome.com.tw/production/nextjs/main/_next/static/chunks/76af1d31-2d54a6c5656e00d4.js:0:91433)
    at <anonymous> (https://assets.pchome.com.tw/production/nextjs/main/_next/static/chunks/76af1d31-2d54a6c5656e00d4.js:0:91440)
    at oZ (https://assets.pchome.com.tw/production/nextjs/main/_next/static/chunks/76af1d31-2d54a6c5656e00d4.js:0:91545)
    at x (https://assets.pchome.com.tw/production/nextjs/main/_next/static/chunks/7963-3b1b96530e79b9f9.js:0:121040)
[    1290ms] Uncaught Error: Minified React error #418; visit https://react.dev/errors/418 for the full message or use the non-minified dev environment for full errors and additional helpful warnings.
    at t5 (https://assets.pchome.com.tw/production/nextjs/main/_next/static/chunks/76af1d31-2d54a6c5656e00d4.js:0:25015)
    at iZ (https://assets.pchome.com.tw/production/nextjs/main/_next/static/chunks/76af1d31-2d54a6c5656e00d4.js:0:120880)
    at ia (https://assets.pchome.com.tw/production/nextjs/main/_next/static/chunks/76af1d31-2d54a6c5656e00d4.js:0:95507)
    at <anonymous> (https://assets.pchome.com.tw/production/nextjs/main/_next/static/chunks/76af1d31-2d54a6c5656e00d4.js:0:91433)
    at <anonymous> (https://assets.pchome.com.tw/production/nextjs/main/_next/static/chunks/76af1d31-2d54a6c5656e00d4.js:0:91440)
    at oZ (https://assets.pchome.com.tw/production/nextjs/main/_next/static/chunks/76af1d31-2d54a6c5656e00d4.js:0:91545)
    at x (https://assets.pchome.com.tw/production/nextjs/main/_next/static/chunks/7963-3b1b96530e79b9f9.js:0:121040)
[    1290ms] Uncaught Error: Minified React error #418; visit https://react.dev/errors/418 for the full message or use the non-minified dev environment for full errors and additional helpful warnings.
    at t5 (https://assets.pchome.com.tw/production/nextjs/main/_next/static/chunks/76af1d31-2d54a6c5656e00d4.js:0:25015)
    at iZ (https://assets.pchome.com.tw/production/nextjs/main/_next/static/chunks/76af1d31-2d54a6c5656e00d4.js:0:120880)
    at ia (https://assets.pchome.com.tw/production/nextjs/main/_next/static/chunks/76af1d31-2d54a6c5656e00d4.js:0:95507)
    at <anonymous> (https://assets.pchome.com.tw/production/nextjs/main/_next/static/chunks/76af1d31-2d54a6c5656e00d4.js:0:91433)
    at <anonymous> (https://assets.pchome.com.tw/production/nextjs/main/_next/static/chunks/76af1d31-2d54a6c5656e00d4.js:0:91440)
    at oZ (https://assets.pchome.com.tw/production/nextjs/main/_next/static/chunks/76af1d31-2d54a6c5656e00d4.js:0:91545)
    at x (https://assets.pchome.com.tw/production/nextjs/main/_next/static/chunks/7963-3b1b96530e79b9f9.js:0:121040)
[    1290ms] Uncaught Error: Minified React error #418; visit https://react.dev/errors/418 for the full message or use the non-minified dev environment for full errors and additional helpful warnings.
    at t5 (https://assets.pchome.com.tw/production/nextjs/main/_next/static/chunks/76af1d31-2d54a6c5656e00d4.js:0:25015)
    at iZ (https://assets.pchome.com.tw/production/nextjs/main/_next/static/chunks/76af1d31-2d54a6c5656e00d4.js:0:120880)
    at ia (https://assets.pchome.com.tw/production/nextjs/main/_next/static/chunks/76af1d31-2d54a6c5656e00d4.js:0:95507)
    at <anonymous> (https://assets.pchome.com.tw/production/nextjs/main/_next/static/chunks/76af1d31-2d54a6c5656e00d4.js:0:91433)
    at <anonymous> (https://assets.pchome.com.tw/production/nextjs/main/_next/static/chunks/76af1d31-2d54a6c5656e00d4.js:0:91440)
    at oZ (https://assets.pchome.com.tw/production/nextjs/main/_next/static/chunks/76af1d31-2d54a6c5656e00d4.js:0:91545)
    at x (https://assets.pchome.com.tw/production/nextjs/main/_next/static/chunks/7963-3b1b96530e79b9f9.js:0:121040)
[    1290ms] Uncaught Error: Minified React error #418; visit https://react.dev/errors/418 for the full message or use the non-minified dev environment for full errors and additional helpful warnings.
    at t5 (https://assets.pchome.com.tw/production/nextjs/main/_next/static/chunks/76af1d31-2d54a6c5656e00d4.js:0:25015)
    at iZ (https://assets.pchome.com.tw/production/nextjs/main/_next/static/chunks/76af1d31-2d54a6c5656e00d4.js:0:120880)
    at ia (https://assets.pchome.com.tw/production/nextjs/main/_next/static/chunks/76af1d31-2d54a6c5656e00d4.js:0:95507)
    at <anonymous> (https://assets.pchome.com.tw/production/nextjs/main/_next/static/chunks/76af1d31-2d54a6c5656e00d4.js:0:91433)
    at <anonymous> (https://assets.pchome.com.tw/production/nextjs/main/_next/static/chunks/76af1d31-2d54a6c5656e00d4.js:0:91440)
    at oZ (https://assets.pchome.com.tw/production/nextjs/main/_next/static/chunks/76af1d31-2d54a6c5656e00d4.js:0:91545)
    at x (https://assets.pchome.com.tw/production/nextjs/main/_next/static/chunks/7963-3b1b96530e79b9f9.js:0:121040)
[    1290ms] Uncaught Error: Minified React error #418; visit https://react.dev/errors/418 for the full message or use the non-minified dev environment for full errors and additional helpful warnings.
    at t5 (https://assets.pchome.com.tw/production/nextjs/main/_next/static/chunks/76af1d31-2d54a6c5656e00d4.js:0:25015)
    at iZ (https://assets.pchome.com.tw/production/nextjs/main/_next/static/chunks/76af1d31-2d54a6c5656e00d4.js:0:120880)
    at ia (https://assets.pchome.com.tw/production/nextjs/main/_next/static/chunks/76af1d31-2d54a6c5656e00d4.js:0:95507)
    at <anonymous> (https://assets.pchome.com.tw/production/nextjs/main/_next/static/chunks/76af1d31-2d54a6c5656e00d4.js:0:91433)
    at <anonymous> (https://assets.pchome.com.tw/production/nextjs/main/_next/static/chunks/76af1d31-2d54a6c5656e00d4.js:0:91440)
    at oZ (https://assets.pchome.com.tw/production/nextjs/main/_next/static/chunks/76af1d31-2d54a6c5656e00d4.js:0:91545)
    at x (https://assets.pchome.com.tw/production/nextjs/main/_next/static/chunks/7963-3b1b96530e79b9f9.js:0:121040)
[    1290ms] Uncaught Error: Minified React error #418; visit https://react.dev/errors/418 for the full message or use the non-minified dev environment for full errors and additional helpful warnings.
    at t5 (https://assets.pchome.com.tw/production/nextjs/main/_next/static/chunks/76af1d31-2d54a6c5656e00d4.js:0:25015)
    at iZ (https://assets.pchome.com.tw/production/nextjs/main/_next/static/chunks/76af1d31-2d54a6c5656e00d4.js:0:120880)
    at ia (https://assets.pchome.com.tw/production/nextjs/main/_next/static/chunks/76af1d31-2d54a6c5656e00d4.js:0:95507)
    at <anonymous> (https://assets.pchome.com.tw/production/nextjs/main/_next/static/chunks/76af1d31-2d54a6c5656e00d4.js:0:91433)
    at <anonymous> (https://assets.pchome.com.tw/production/nextjs/main/_next/static/chunks/76af1d31-2d54a6c5656e00d4.js:0:91440)
    at oZ (https://assets.pchome.com.tw/production/nextjs/main/_next/static/chunks/76af1d31-2d54a6c5656e00d4.js:0:91545)
    at x (https://assets.pchome.com.tw/production/nextjs/main/_next/static/chunks/7963-3b1b96530e79b9f9.js:0:121040)
[    1290ms] Uncaught Error: Minified React error #418; visit https://react.dev/errors/418 for the full message or use the non-minified dev environment for full errors and additional helpful warnings.
    at t5 (https://assets.pchome.com.tw/production/nextjs/main/_next/static/chunks/76af1d31-2d54a6c5656e00d4.js:0:25015)
    at iZ (https://assets.pchome.com.tw/production/nextjs/main/_next/static/chunks/76af1d31-2d54a6c5656e00d4.js:0:120880)
    at ia (https://assets.pchome.com.tw/production/nextjs/main/_next/static/chunks/76af1d31-2d54a6c5656e00d4.js:0:95507)
    at <anonymous> (https://assets.pchome.com.tw/production/nextjs/main/_next/static/chunks/76af1d31-2d54a6c5656e00d4.js:0:91433)
    at <anonymous> (https://assets.pchome.com.tw/production/nextjs/main/_next/static/chunks/76af1d31-2d54a6c5656e00d4.js:0:91440)
    at oZ (https://assets.pchome.com.tw/production/nextjs/main/_next/static/chunks/76af1d31-2d54a6c5656e00d4.js:0:91545)
    at x (https://assets.pchome.com.tw/production/nextjs/main/_next/static/chunks/7963-3b1b96530e79b9f9.js:0:121040)
[    1290ms] Uncaught Error: Minified React error #423; visit https://react.dev/errors/423 for the full message or use the non-minified dev environment for full errors and additional helpful warnings.
    at iZ (https://assets.pchome.com.tw/production/nextjs/main/_next/static/chunks/76af1d31-2d54a6c5656e00d4.js:0:118694)
    at ia (https://assets.pchome.com.tw/production/nextjs/main/_next/static/chunks/76af1d31-2d54a6c5656e00d4.js:0:95507)
    at <anonymous> (https://assets.pchome.com.tw/production/nextjs/main/_next/static/chunks/76af1d31-2d54a6c5656e00d4.js:0:95329)
    at il (https://assets.pchome.com.tw/production/nextjs/main/_next/static/chunks/76af1d31-2d54a6c5656e00d4.js:0:95336)
    at oJ (https://assets.pchome.com.tw/production/nextjs/main/_next/static/chunks/76af1d31-2d54a6c5656e00d4.js:0:92692)
    at oZ (https://assets.pchome.com.tw/production/nextjs/main/_next/static/chunks/76af1d31-2d54a6c5656e00d4.js:0:92111)
    at x (https://assets.pchome.com.tw/production/nextjs/main/_next/static/chunks/7963-3b1b96530e79b9f9.js:0:121040)
[    2837ms] [ERROR] TypeError: Cannot read properties of undefined (reading 'dataset')
    at <anonymous>:2:367
    at s (https://assets.pchome.com.tw/production/nextjs/main/_next/static/chunks/7963-3b1b96530e79b9f9.js:2:93786) @ https://assets.pchome.com.tw/production/nextjs/main/_next/static/chunks/7963-3b1b96530e79b9f9.js:14
