[   18356ms] [ERROR] Failed to load resource: the server responded with a status of 403 () @ https://tshop.r10s.com/8e2/a25/c7bc/0c62/c094/3eb7/b76f/115def8a640242ac110005.gif:0
[   19705ms] [LOG] dynamic generate div.rakuten-cmp-fsa-promo-container @ https://ad.sitemaji.com/ysm_rakuten_cmp_fsa.js:0
[   27770ms] [WARNING] Warning: fragment with name SearchResultItemFragment already exists.
graphql-tag enforces all fragment names across your application to be unique; read more about
this in the docs: http://dev.apollodata.com/core/fragments.html#unique-names @ https://www.rakuten.com.tw/assets/webpack/navigation-bundle.js?t=a5uzthuy6wb:1
[   27777ms] [WARNING] Warning: fragment with name CampaignRootFragment already exists.
graphql-tag enforces all fragment names across your application to be unique; read more about
this in the docs: http://dev.apollodata.com/core/fragments.html#unique-names @ https://www.rakuten.com.tw/assets/webpack/navigation-bundle.js?t=a5uzthuy6wb:1
[   36844ms] [WARNING] Warning: fragment with name DurationFragment already exists.
graphql-tag enforces all fragment names across your application to be unique; read more about
this in the docs: http://dev.apollodata.com/core/fragments.html#unique-names @ https://www.rakuten.com.tw/assets/webpack/navigation-bundle.js?t=a5uzthuy6wb:1
[   36844ms] [WARNING] Warning: fragment with name VariantsFragment already exists.
graphql-tag enforces all fragment names across your application to be unique; read more about
this in the docs: http://dev.apollodata.com/core/fragments.html#unique-names @ https://www.rakuten.com.tw/assets/webpack/navigation-bundle.js?t=a5uzthuy6wb:1
[   36844ms] [WARNING] Warning: fragment with name DefaultPricingFragment already exists.
graphql-tag enforces all fragment names across your application to be unique; read more about
this in the docs: http://dev.apollodata.com/core/fragments.html#unique-names @ https://www.rakuten.com.tw/assets/webpack/navigation-bundle.js?t=a5uzthuy6wb:1
[   36844ms] [WARNING] Warning: fragment with name QuantityFragment already exists.
graphql-tag enforces all fragment names across your application to be unique; read more about
this in the docs: http://dev.apollodata.com/core/fragments.html#unique-names @ https://www.rakuten.com.tw/assets/webpack/navigation-bundle.js?t=a5uzthuy6wb:1
[   36879ms] Error: Minified React error #418; visit https://reactjs.org/docs/error-decoder.html?invariant=418 for the full message or use the non-minified dev environment for full errors and additional helpful warnings.
    at ua (https://www.rakuten.com.tw/assets/webpack/navigation-bundle.js?t=a5uzthuy6wb:2:1440326)
    at Os (https://www.rakuten.com.tw/assets/webpack/navigation-bundle.js?t=a5uzthuy6wb:2:1513419)
    at Ec (https://www.rakuten.com.tw/assets/webpack/navigation-bundle.js?t=a5uzthuy6wb:2:1500723)
    at vc (https://www.rakuten.com.tw/assets/webpack/navigation-bundle.js?t=a5uzthuy6wb:2:1500651)
    at mc (https://www.rakuten.com.tw/assets/webpack/navigation-bundle.js?t=a5uzthuy6wb:2:1500514)
    at nc (https://www.rakuten.com.tw/assets/webpack/navigation-bundle.js?t=a5uzthuy6wb:2:1495650)
    at O (https://www.rakuten.com.tw/assets/webpack/navigation-bundle.js?t=a5uzthuy6wb:2:1613363)
    at MessagePort.N (https://www.rakuten.com.tw/assets/webpack/navigation-bundle.js?t=a5uzthuy6wb:2:1613895)
[   36879ms] Error: Minified React error #418; visit https://reactjs.org/docs/error-decoder.html?invariant=418 for the full message or use the non-minified dev environment for full errors and additional helpful warnings.
    at ua (https://www.rakuten.com.tw/assets/webpack/navigation-bundle.js?t=a5uzthuy6wb:2:1440326)
    at Os (https://www.rakuten.com.tw/assets/webpack/navigation-bundle.js?t=a5uzthuy6wb:2:1513419)
    at Ec (https://www.rakuten.com.tw/assets/webpack/navigation-bundle.js?t=a5uzthuy6wb:2:1500723)
    at vc (https://www.rakuten.com.tw/assets/webpack/navigation-bundle.js?t=a5uzthuy6wb:2:1500651)
    at mc (https://www.rakuten.com.tw/assets/webpack/navigation-bundle.js?t=a5uzthuy6wb:2:1500514)
    at nc (https://www.rakuten.com.tw/assets/webpack/navigation-bundle.js?t=a5uzthuy6wb:2:1495650)
    at O (https://www.rakuten.com.tw/assets/webpack/navigation-bundle.js?t=a5uzthuy6wb:2:1613363)
    at MessagePort.N (https://www.rakuten.com.tw/assets/webpack/navigation-bundle.js?t=a5uzthuy6wb:2:1613895)
[   36879ms] Error: Minified React error #418; visit https://reactjs.org/docs/error-decoder.html?invariant=418 for the full message or use the non-minified dev environment for full errors and additional helpful warnings.
    at ua (https://www.rakuten.com.tw/assets/webpack/navigation-bundle.js?t=a5uzthuy6wb:2:1440326)
    at Os (https://www.rakuten.com.tw/assets/webpack/navigation-bundle.js?t=a5uzthuy6wb:2:1513419)
    at Ec (https://www.rakuten.com.tw/assets/webpack/navigation-bundle.js?t=a5uzthuy6wb:2:1500723)
    at vc (https://www.rakuten.com.tw/assets/webpack/navigation-bundle.js?t=a5uzthuy6wb:2:1500651)
    at mc (https://www.rakuten.com.tw/assets/webpack/navigation-bundle.js?t=a5uzthuy6wb:2:1500514)
    at nc (https://www.rakuten.com.tw/assets/webpack/navigation-bundle.js?t=a5uzthuy6wb:2:1495650)
    at O (https://www.rakuten.com.tw/assets/webpack/navigation-bundle.js?t=a5uzthuy6wb:2:1613363)
    at MessagePort.N (https://www.rakuten.com.tw/assets/webpack/navigation-bundle.js?t=a5uzthuy6wb:2:1613895)
[   36879ms] Error: Minified React error #418; visit https://reactjs.org/docs/error-decoder.html?invariant=418 for the full message or use the non-minified dev environment for full errors and additional helpful warnings.
    at ua (https://www.rakuten.com.tw/assets/webpack/navigation-bundle.js?t=a5uzthuy6wb:2:1440326)
    at Os (https://www.rakuten.com.tw/assets/webpack/navigation-bundle.js?t=a5uzthuy6wb:2:1513419)
    at Ec (https://www.rakuten.com.tw/assets/webpack/navigation-bundle.js?t=a5uzthuy6wb:2:1500723)
    at vc (https://www.rakuten.com.tw/assets/webpack/navigation-bundle.js?t=a5uzthuy6wb:2:1500651)
    at mc (https://www.rakuten.com.tw/assets/webpack/navigation-bundle.js?t=a5uzthuy6wb:2:1500514)
    at nc (https://www.rakuten.com.tw/assets/webpack/navigation-bundle.js?t=a5uzthuy6wb:2:1495650)
    at O (https://www.rakuten.com.tw/assets/webpack/navigation-bundle.js?t=a5uzthuy6wb:2:1613363)
    at MessagePort.N (https://www.rakuten.com.tw/assets/webpack/navigation-bundle.js?t=a5uzthuy6wb:2:1613895)
[   36880ms] Error: Minified React error #418; visit https://reactjs.org/docs/error-decoder.html?invariant=418 for the full message or use the non-minified dev environment for full errors and additional helpful warnings.
    at ua (https://www.rakuten.com.tw/assets/webpack/navigation-bundle.js?t=a5uzthuy6wb:2:1440326)
    at Os (https://www.rakuten.com.tw/assets/webpack/navigation-bundle.js?t=a5uzthuy6wb:2:1513419)
    at Ec (https://www.rakuten.com.tw/assets/webpack/navigation-bundle.js?t=a5uzthuy6wb:2:1500723)
    at vc (https://www.rakuten.com.tw/assets/webpack/navigation-bundle.js?t=a5uzthuy6wb:2:1500651)
    at mc (https://www.rakuten.com.tw/assets/webpack/navigation-bundle.js?t=a5uzthuy6wb:2:1500514)
    at nc (https://www.rakuten.com.tw/assets/webpack/navigation-bundle.js?t=a5uzthuy6wb:2:1495650)
    at O (https://www.rakuten.com.tw/assets/webpack/navigation-bundle.js?t=a5uzthuy6wb:2:1613363)
    at MessagePort.N (https://www.rakuten.com.tw/assets/webpack/navigation-bundle.js?t=a5uzthuy6wb:2:1613895)
[   36880ms] Error: Minified React error #418; visit https://reactjs.org/docs/error-decoder.html?invariant=418 for the full message or use the non-minified dev environment for full errors and additional helpful warnings.
    at ua (https://www.rakuten.com.tw/assets/webpack/navigation-bundle.js?t=a5uzthuy6wb:2:1440326)
    at Os (https://www.rakuten.com.tw/assets/webpack/navigation-bundle.js?t=a5uzthuy6wb:2:1513419)
    at Ec (https://www.rakuten.com.tw/assets/webpack/navigation-bundle.js?t=a5uzthuy6wb:2:1500723)
    at vc (https://www.rakuten.com.tw/assets/webpack/navigation-bundle.js?t=a5uzthuy6wb:2:1500651)
    at mc (https://www.rakuten.com.tw/assets/webpack/navigation-bundle.js?t=a5uzthuy6wb:2:1500514)
    at nc (https://www.rakuten.com.tw/assets/webpack/navigation-bundle.js?t=a5uzthuy6wb:2:1495650)
    at O (https://www.rakuten.com.tw/assets/webpack/navigation-bundle.js?t=a5uzthuy6wb:2:1613363)
    at MessagePort.N (https://www.rakuten.com.tw/assets/webpack/navigation-bundle.js?t=a5uzthuy6wb:2:1613895)
[   36880ms] Error: Minified React error #418; visit https://reactjs.org/docs/error-decoder.html?invariant=418 for the full message or use the non-minified dev environment for full errors and additional helpful warnings.
    at ua (https://www.rakuten.com.tw/assets/webpack/navigation-bundle.js?t=a5uzthuy6wb:2:1440326)
    at Os (https://www.rakuten.com.tw/assets/webpack/navigation-bundle.js?t=a5uzthuy6wb:2:1513419)
    at Ec (https://www.rakuten.com.tw/assets/webpack/navigation-bundle.js?t=a5uzthuy6wb:2:1500723)
    at vc (https://www.rakuten.com.tw/assets/webpack/navigation-bundle.js?t=a5uzthuy6wb:2:1500651)
    at mc (https://www.rakuten.com.tw/assets/webpack/navigation-bundle.js?t=a5uzthuy6wb:2:1500514)
    at nc (https://www.rakuten.com.tw/assets/webpack/navigation-bundle.js?t=a5uzthuy6wb:2:1495650)
    at O (https://www.rakuten.com.tw/assets/webpack/navigation-bundle.js?t=a5uzthuy6wb:2:1613363)
    at MessagePort.N (https://www.rakuten.com.tw/assets/webpack/navigation-bundle.js?t=a5uzthuy6wb:2:1613895)
[   36880ms] Error: Minified React error #418; visit https://reactjs.org/docs/error-decoder.html?invariant=418 for the full message or use the non-minified dev environment for full errors and additional helpful warnings.
    at ua (https://www.rakuten.com.tw/assets/webpack/navigation-bundle.js?t=a5uzthuy6wb:2:1440326)
    at Os (https://www.rakuten.com.tw/assets/webpack/navigation-bundle.js?t=a5uzthuy6wb:2:1513419)
    at Ec (https://www.rakuten.com.tw/assets/webpack/navigation-bundle.js?t=a5uzthuy6wb:2:1500723)
    at vc (https://www.rakuten.com.tw/assets/webpack/navigation-bundle.js?t=a5uzthuy6wb:2:1500651)
    at mc (https://www.rakuten.com.tw/assets/webpack/navigation-bundle.js?t=a5uzthuy6wb:2:1500514)
    at nc (https://www.rakuten.com.tw/assets/webpack/navigation-bundle.js?t=a5uzthuy6wb:2:1495650)
    at O (https://www.rakuten.com.tw/assets/webpack/navigation-bundle.js?t=a5uzthuy6wb:2:1613363)
    at MessagePort.N (https://www.rakuten.com.tw/assets/webpack/navigation-bundle.js?t=a5uzthuy6wb:2:1613895)
[   36880ms] Error: Minified React error #418; visit https://reactjs.org/docs/error-decoder.html?invariant=418 for the full message or use the non-minified dev environment for full errors and additional helpful warnings.
    at ua (https://www.rakuten.com.tw/assets/webpack/navigation-bundle.js?t=a5uzthuy6wb:2:1440326)
    at Os (https://www.rakuten.com.tw/assets/webpack/navigation-bundle.js?t=a5uzthuy6wb:2:1513419)
    at Ec (https://www.rakuten.com.tw/assets/webpack/navigation-bundle.js?t=a5uzthuy6wb:2:1500723)
    at vc (https://www.rakuten.com.tw/assets/webpack/navigation-bundle.js?t=a5uzthuy6wb:2:1500651)
    at mc (https://www.rakuten.com.tw/assets/webpack/navigation-bundle.js?t=a5uzthuy6wb:2:1500514)
    at nc (https://www.rakuten.com.tw/assets/webpack/navigation-bundle.js?t=a5uzthuy6wb:2:1495650)
    at O (https://www.rakuten.com.tw/assets/webpack/navigation-bundle.js?t=a5uzthuy6wb:2:1613363)
    at MessagePort.N (https://www.rakuten.com.tw/assets/webpack/navigation-bundle.js?t=a5uzthuy6wb:2:1613895)
[   36880ms] Error: Minified React error #418; visit https://reactjs.org/docs/error-decoder.html?invariant=418 for the full message or use the non-minified dev environment for full errors and additional helpful warnings.
    at ua (https://www.rakuten.com.tw/assets/webpack/navigation-bundle.js?t=a5uzthuy6wb:2:1440326)
    at Os (https://www.rakuten.com.tw/assets/webpack/navigation-bundle.js?t=a5uzthuy6wb:2:1513419)
    at Ec (https://www.rakuten.com.tw/assets/webpack/navigation-bundle.js?t=a5uzthuy6wb:2:1500723)
    at vc (https://www.rakuten.com.tw/assets/webpack/navigation-bundle.js?t=a5uzthuy6wb:2:1500651)
    at mc (https://www.rakuten.com.tw/assets/webpack/navigation-bundle.js?t=a5uzthuy6wb:2:1500514)
    at nc (https://www.rakuten.com.tw/assets/webpack/navigation-bundle.js?t=a5uzthuy6wb:2:1495650)
    at O (https://www.rakuten.com.tw/assets/webpack/navigation-bundle.js?t=a5uzthuy6wb:2:1613363)
    at MessagePort.N (https://www.rakuten.com.tw/assets/webpack/navigation-bundle.js?t=a5uzthuy6wb:2:1613895)
[   36880ms] Error: Minified React error #418; visit https://reactjs.org/docs/error-decoder.html?invariant=418 for the full message or use the non-minified dev environment for full errors and additional helpful warnings.
    at ua (https://www.rakuten.com.tw/assets/webpack/navigation-bundle.js?t=a5uzthuy6wb:2:1440326)
    at Os (https://www.rakuten.com.tw/assets/webpack/navigation-bundle.js?t=a5uzthuy6wb:2:1513419)
    at Ec (https://www.rakuten.com.tw/assets/webpack/navigation-bundle.js?t=a5uzthuy6wb:2:1500723)
    at vc (https://www.rakuten.com.tw/assets/webpack/navigation-bundle.js?t=a5uzthuy6wb:2:1500651)
    at mc (https://www.rakuten.com.tw/assets/webpack/navigation-bundle.js?t=a5uzthuy6wb:2:1500514)
    at nc (https://www.rakuten.com.tw/assets/webpack/navigation-bundle.js?t=a5uzthuy6wb:2:1495650)
    at O (https://www.rakuten.com.tw/assets/webpack/navigation-bundle.js?t=a5uzthuy6wb:2:1613363)
    at MessagePort.N (https://www.rakuten.com.tw/assets/webpack/navigation-bundle.js?t=a5uzthuy6wb:2:1613895)
[   36880ms] Error: Minified React error #423; visit https://reactjs.org/docs/error-decoder.html?invariant=423 for the full message or use the non-minified dev environment for full errors and additional helpful warnings.
    at Os (https://www.rakuten.com.tw/assets/webpack/navigation-bundle.js?t=a5uzthuy6wb:2:1513105)
    at Ec (https://www.rakuten.com.tw/assets/webpack/navigation-bundle.js?t=a5uzthuy6wb:2:1500723)
    at vc (https://www.rakuten.com.tw/assets/webpack/navigation-bundle.js?t=a5uzthuy6wb:2:1500651)
    at mc (https://www.rakuten.com.tw/assets/webpack/navigation-bundle.js?t=a5uzthuy6wb:2:1500514)
    at oc (https://www.rakuten.com.tw/assets/webpack/navigation-bundle.js?t=a5uzthuy6wb:2:1497321)
    at nc (https://www.rakuten.com.tw/assets/webpack/navigation-bundle.js?t=a5uzthuy6wb:2:1495876)
    at O (https://www.rakuten.com.tw/assets/webpack/navigation-bundle.js?t=a5uzthuy6wb:2:1613363)
    at MessagePort.N (https://www.rakuten.com.tw/assets/webpack/navigation-bundle.js?t=a5uzthuy6wb:2:1613895)
[   36950ms] Error: Minified React error #425; visit https://reactjs.org/docs/error-decoder.html?invariant=425 for the full message or use the non-minified dev environment for full errors and additional helpful warnings.
    at Zn (https://www.rakuten.com.tw/assets/webpack/navigation-bundle.js?t=a5uzthuy6wb:2:1435509)
    at Wl (https://www.rakuten.com.tw/assets/webpack/navigation-bundle.js?t=a5uzthuy6wb:2:1476787)
    at yc (https://www.rakuten.com.tw/assets/webpack/navigation-bundle.js?t=a5uzthuy6wb:2:1500902)
    at Ec (https://www.rakuten.com.tw/assets/webpack/navigation-bundle.js?t=a5uzthuy6wb:2:1500784)
    at vc (https://www.rakuten.com.tw/assets/webpack/navigation-bundle.js?t=a5uzthuy6wb:2:1500651)
    at mc (https://www.rakuten.com.tw/assets/webpack/navigation-bundle.js?t=a5uzthuy6wb:2:1500514)
    at nc (https://www.rakuten.com.tw/assets/webpack/navigation-bundle.js?t=a5uzthuy6wb:2:1495650)
    at O (https://www.rakuten.com.tw/assets/webpack/navigation-bundle.js?t=a5uzthuy6wb:2:1613363)
    at MessagePort.N (https://www.rakuten.com.tw/assets/webpack/navigation-bundle.js?t=a5uzthuy6wb:2:1613895)
[   36950ms] Error: Minified React error #418; visit https://reactjs.org/docs/error-decoder.html?invariant=418 for the full message or use the non-minified dev environment for full errors and additional helpful warnings.
    at ua (https://www.rakuten.com.tw/assets/webpack/navigation-bundle.js?t=a5uzthuy6wb:2:1440326)
    at Os (https://www.rakuten.com.tw/assets/webpack/navigation-bundle.js?t=a5uzthuy6wb:2:1513419)
    at Ec (https://www.rakuten.com.tw/assets/webpack/navigation-bundle.js?t=a5uzthuy6wb:2:1500723)
    at vc (https://www.rakuten.com.tw/assets/webpack/navigation-bundle.js?t=a5uzthuy6wb:2:1500651)
    at mc (https://www.rakuten.com.tw/assets/webpack/navigation-bundle.js?t=a5uzthuy6wb:2:1500514)
    at nc (https://www.rakuten.com.tw/assets/webpack/navigation-bundle.js?t=a5uzthuy6wb:2:1495650)
    at O (https://www.rakuten.com.tw/assets/webpack/navigation-bundle.js?t=a5uzthuy6wb:2:1613363)
    at MessagePort.N (https://www.rakuten.com.tw/assets/webpack/navigation-bundle.js?t=a5uzthuy6wb:2:1613895)
[   36951ms] Error: Minified React error #418; visit https://reactjs.org/docs/error-decoder.html?invariant=418 for the full message or use the non-minified dev environment for full errors and additional helpful warnings.
    at ua (https://www.rakuten.com.tw/assets/webpack/navigation-bundle.js?t=a5uzthuy6wb:2:1440326)
    at Os (https://www.rakuten.com.tw/assets/webpack/navigation-bundle.js?t=a5uzthuy6wb:2:1513419)
    at Ec (https://www.rakuten.com.tw/assets/webpack/navigation-bundle.js?t=a5uzthuy6wb:2:1500723)
    at vc (https://www.rakuten.com.tw/assets/webpack/navigation-bundle.js?t=a5uzthuy6wb:2:1500651)
    at mc (https://www.rakuten.com.tw/assets/webpack/navigation-bundle.js?t=a5uzthuy6wb:2:1500514)
    at nc (https://www.rakuten.com.tw/assets/webpack/navigation-bundle.js?t=a5uzthuy6wb:2:1495650)
    at O (https://www.rakuten.com.tw/assets/webpack/navigation-bundle.js?t=a5uzthuy6wb:2:1613363)
    at MessagePort.N (https://www.rakuten.com.tw/assets/webpack/navigation-bundle.js?t=a5uzthuy6wb:2:1613895)
[   36951ms] Error: Minified React error #418; visit https://reactjs.org/docs/error-decoder.html?invariant=418 for the full message or use the non-minified dev environment for full errors and additional helpful warnings.
    at ua (https://www.rakuten.com.tw/assets/webpack/navigation-bundle.js?t=a5uzthuy6wb:2:1440326)
    at Os (https://www.rakuten.com.tw/assets/webpack/navigation-bundle.js?t=a5uzthuy6wb:2:1513419)
    at Ec (https://www.rakuten.com.tw/assets/webpack/navigation-bundle.js?t=a5uzthuy6wb:2:1500723)
    at vc (https://www.rakuten.com.tw/assets/webpack/navigation-bundle.js?t=a5uzthuy6wb:2:1500651)
    at mc (https://www.rakuten.com.tw/assets/webpack/navigation-bundle.js?t=a5uzthuy6wb:2:1500514)
    at nc (https://www.rakuten.com.tw/assets/webpack/navigation-bundle.js?t=a5uzthuy6wb:2:1495650)
    at O (https://www.rakuten.com.tw/assets/webpack/navigation-bundle.js?t=a5uzthuy6wb:2:1613363)
    at MessagePort.N (https://www.rakuten.com.tw/assets/webpack/navigation-bundle.js?t=a5uzthuy6wb:2:1613895)
[   36951ms] Error: Minified React error #418; visit https://reactjs.org/docs/error-decoder.html?invariant=418 for the full message or use the non-minified dev environment for full errors and additional helpful warnings.
    at ua (https://www.rakuten.com.tw/assets/webpack/navigation-bundle.js?t=a5uzthuy6wb:2:1440326)
    at Os (https://www.rakuten.com.tw/assets/webpack/navigation-bundle.js?t=a5uzthuy6wb:2:1513419)
    at Ec (https://www.rakuten.com.tw/assets/webpack/navigation-bundle.js?t=a5uzthuy6wb:2:1500723)
    at vc (https://www.rakuten.com.tw/assets/webpack/navigation-bundle.js?t=a5uzthuy6wb:2:1500651)
    at mc (https://www.rakuten.com.tw/assets/webpack/navigation-bundle.js?t=a5uzthuy6wb:2:1500514)
    at nc (https://www.rakuten.com.tw/assets/webpack/navigation-bundle.js?t=a5uzthuy6wb:2:1495650)
    at O (https://www.rakuten.com.tw/assets/webpack/navigation-bundle.js?t=a5uzthuy6wb:2:1613363)
    at MessagePort.N (https://www.rakuten.com.tw/assets/webpack/navigation-bundle.js?t=a5uzthuy6wb:2:1613895)
[   36951ms] Error: Minified React error #418; visit https://reactjs.org/docs/error-decoder.html?invariant=418 for the full message or use the non-minified dev environment for full errors and additional helpful warnings.
    at ua (https://www.rakuten.com.tw/assets/webpack/navigation-bundle.js?t=a5uzthuy6wb:2:1440326)
    at Os (https://www.rakuten.com.tw/assets/webpack/navigation-bundle.js?t=a5uzthuy6wb:2:1513419)
    at Ec (https://www.rakuten.com.tw/assets/webpack/navigation-bundle.js?t=a5uzthuy6wb:2:1500723)
    at vc (https://www.rakuten.com.tw/assets/webpack/navigation-bundle.js?t=a5uzthuy6wb:2:1500651)
    at mc (https://www.rakuten.com.tw/assets/webpack/navigation-bundle.js?t=a5uzthuy6wb:2:1500514)
    at nc (https://www.rakuten.com.tw/assets/webpack/navigation-bundle.js?t=a5uzthuy6wb:2:1495650)
    at O (https://www.rakuten.com.tw/assets/webpack/navigation-bundle.js?t=a5uzthuy6wb:2:1613363)
    at MessagePort.N (https://www.rakuten.com.tw/assets/webpack/navigation-bundle.js?t=a5uzthuy6wb:2:1613895)
[   36951ms] Error: Minified React error #418; visit https://reactjs.org/docs/error-decoder.html?invariant=418 for the full message or use the non-minified dev environment for full errors and additional helpful warnings.
    at ua (https://www.rakuten.com.tw/assets/webpack/navigation-bundle.js?t=a5uzthuy6wb:2:1440326)
    at Os (https://www.rakuten.com.tw/assets/webpack/navigation-bundle.js?t=a5uzthuy6wb:2:1513419)
    at Ec (https://www.rakuten.com.tw/assets/webpack/navigation-bundle.js?t=a5uzthuy6wb:2:1500723)
    at vc (https://www.rakuten.com.tw/assets/webpack/navigation-bundle.js?t=a5uzthuy6wb:2:1500651)
    at mc (https://www.rakuten.com.tw/assets/webpack/navigation-bundle.js?t=a5uzthuy6wb:2:1500514)
    at nc (https://www.rakuten.com.tw/assets/webpack/navigation-bundle.js?t=a5uzthuy6wb:2:1495650)
    at O (https://www.rakuten.com.tw/assets/webpack/navigation-bundle.js?t=a5uzthuy6wb:2:1613363)
    at MessagePort.N (https://www.rakuten.com.tw/assets/webpack/navigation-bundle.js?t=a5uzthuy6wb:2:1613895)
[   36951ms] Error: Minified React error #418; visit https://reactjs.org/docs/error-decoder.html?invariant=418 for the full message or use the non-minified dev environment for full errors and additional helpful warnings.
    at ua (https://www.rakuten.com.tw/assets/webpack/navigation-bundle.js?t=a5uzthuy6wb:2:1440326)
    at Os (https://www.rakuten.com.tw/assets/webpack/navigation-bundle.js?t=a5uzthuy6wb:2:1513419)
    at Ec (https://www.rakuten.com.tw/assets/webpack/navigation-bundle.js?t=a5uzthuy6wb:2:1500723)
    at vc (https://www.rakuten.com.tw/assets/webpack/navigation-bundle.js?t=a5uzthuy6wb:2:1500651)
    at mc (https://www.rakuten.com.tw/assets/webpack/navigation-bundle.js?t=a5uzthuy6wb:2:1500514)
    at nc (https://www.rakuten.com.tw/assets/webpack/navigation-bundle.js?t=a5uzthuy6wb:2:1495650)
    at O (https://www.rakuten.com.tw/assets/webpack/navigation-bundle.js?t=a5uzthuy6wb:2:1613363)
    at MessagePort.N (https://www.rakuten.com.tw/assets/webpack/navigation-bundle.js?t=a5uzthuy6wb:2:1613895)
[   36951ms] Error: Minified React error #418; visit https://reactjs.org/docs/error-decoder.html?invariant=418 for the full message or use the non-minified dev environment for full errors and additional helpful warnings.
    at ua (https://www.rakuten.com.tw/assets/webpack/navigation-bundle.js?t=a5uzthuy6wb:2:1440326)
    at Os (https://www.rakuten.com.tw/assets/webpack/navigation-bundle.js?t=a5uzthuy6wb:2:1513419)
    at Ec (https://www.rakuten.com.tw/assets/webpack/navigation-bundle.js?t=a5uzthuy6wb:2:1500723)
    at vc (https://www.rakuten.com.tw/assets/webpack/navigation-bundle.js?t=a5uzthuy6wb:2:1500651)
    at mc (https://www.rakuten.com.tw/assets/webpack/navigation-bundle.js?t=a5uzthuy6wb:2:1500514)
    at nc (https://www.rakuten.com.tw/assets/webpack/navigation-bundle.js?t=a5uzthuy6wb:2:1495650)
    at O (https://www.rakuten.com.tw/assets/webpack/navigation-bundle.js?t=a5uzthuy6wb:2:1613363)
    at MessagePort.N (https://www.rakuten.com.tw/assets/webpack/navigation-bundle.js?t=a5uzthuy6wb:2:1613895)
[   36951ms] Error: Minified React error #418; visit https://reactjs.org/docs/error-decoder.html?invariant=418 for the full message or use the non-minified dev environment for full errors and additional helpful warnings.
    at ua (https://www.rakuten.com.tw/assets/webpack/navigation-bundle.js?t=a5uzthuy6wb:2:1440326)
    at Os (https://www.rakuten.com.tw/assets/webpack/navigation-bundle.js?t=a5uzthuy6wb:2:1513419)
    at Ec (https://www.rakuten.com.tw/assets/webpack/navigation-bundle.js?t=a5uzthuy6wb:2:1500723)
    at vc (https://www.rakuten.com.tw/assets/webpack/navigation-bundle.js?t=a5uzthuy6wb:2:1500651)
    at mc (https://www.rakuten.com.tw/assets/webpack/navigation-bundle.js?t=a5uzthuy6wb:2:1500514)
    at nc (https://www.rakuten.com.tw/assets/webpack/navigation-bundle.js?t=a5uzthuy6wb:2:1495650)
    at O (https://www.rakuten.com.tw/assets/webpack/navigation-bundle.js?t=a5uzthuy6wb:2:1613363)
    at MessagePort.N (https://www.rakuten.com.tw/assets/webpack/navigation-bundle.js?t=a5uzthuy6wb:2:1613895)
[   36951ms] Error: Minified React error #418; visit https://reactjs.org/docs/error-decoder.html?invariant=418 for the full message or use the non-minified dev environment for full errors and additional helpful warnings.
    at ua (https://www.rakuten.com.tw/assets/webpack/navigation-bundle.js?t=a5uzthuy6wb:2:1440326)
    at Os (https://www.rakuten.com.tw/assets/webpack/navigation-bundle.js?t=a5uzthuy6wb:2:1513419)
    at Ec (https://www.rakuten.com.tw/assets/webpack/navigation-bundle.js?t=a5uzthuy6wb:2:1500723)
    at vc (https://www.rakuten.com.tw/assets/webpack/navigation-bundle.js?t=a5uzthuy6wb:2:1500651)
    at mc (https://www.rakuten.com.tw/assets/webpack/navigation-bundle.js?t=a5uzthuy6wb:2:1500514)
    at nc (https://www.rakuten.com.tw/assets/webpack/navigation-bundle.js?t=a5uzthuy6wb:2:1495650)
    at O (https://www.rakuten.com.tw/assets/webpack/navigation-bundle.js?t=a5uzthuy6wb:2:1613363)
    at MessagePort.N (https://www.rakuten.com.tw/assets/webpack/navigation-bundle.js?t=a5uzthuy6wb:2:1613895)
[   36951ms] Error: Minified React error #418; visit https://reactjs.org/docs/error-decoder.html?invariant=418 for the full message or use the non-minified dev environment for full errors and additional helpful warnings.
    at ua (https://www.rakuten.com.tw/assets/webpack/navigation-bundle.js?t=a5uzthuy6wb:2:1440326)
    at Os (https://www.rakuten.com.tw/assets/webpack/navigation-bundle.js?t=a5uzthuy6wb:2:1513419)
    at Ec (https://www.rakuten.com.tw/assets/webpack/navigation-bundle.js?t=a5uzthuy6wb:2:1500723)
    at vc (https://www.rakuten.com.tw/assets/webpack/navigation-bundle.js?t=a5uzthuy6wb:2:1500651)
    at mc (https://www.rakuten.com.tw/assets/webpack/navigation-bundle.js?t=a5uzthuy6wb:2:1500514)
    at nc (https://www.rakuten.com.tw/assets/webpack/navigation-bundle.js?t=a5uzthuy6wb:2:1495650)
    at O (https://www.rakuten.com.tw/assets/webpack/navigation-bundle.js?t=a5uzthuy6wb:2:1613363)
    at MessagePort.N (https://www.rakuten.com.tw/assets/webpack/navigation-bundle.js?t=a5uzthuy6wb:2:1613895)
[   36951ms] Error: Minified React error #418; visit https://reactjs.org/docs/error-decoder.html?invariant=418 for the full message or use the non-minified dev environment for full errors and additional helpful warnings.
    at ua (https://www.rakuten.com.tw/assets/webpack/navigation-bundle.js?t=a5uzthuy6wb:2:1440326)
    at Os (https://www.rakuten.com.tw/assets/webpack/navigation-bundle.js?t=a5uzthuy6wb:2:1513419)
    at Ec (https://www.rakuten.com.tw/assets/webpack/navigation-bundle.js?t=a5uzthuy6wb:2:1500723)
    at vc (https://www.rakuten.com.tw/assets/webpack/navigation-bundle.js?t=a5uzthuy6wb:2:1500651)
    at mc (https://www.rakuten.com.tw/assets/webpack/navigation-bundle.js?t=a5uzthuy6wb:2:1500514)
    at nc (https://www.rakuten.com.tw/assets/webpack/navigation-bundle.js?t=a5uzthuy6wb:2:1495650)
    at O (https://www.rakuten.com.tw/assets/webpack/navigation-bundle.js?t=a5uzthuy6wb:2:1613363)
    at MessagePort.N (https://www.rakuten.com.tw/assets/webpack/navigation-bundle.js?t=a5uzthuy6wb:2:1613895)
[   36951ms] Error: Minified React error #418; visit https://reactjs.org/docs/error-decoder.html?invariant=418 for the full message or use the non-minified dev environment for full errors and additional helpful warnings.
    at ua (https://www.rakuten.com.tw/assets/webpack/navigation-bundle.js?t=a5uzthuy6wb:2:1440326)
    at Os (https://www.rakuten.com.tw/assets/webpack/navigation-bundle.js?t=a5uzthuy6wb:2:1513419)
    at Ec (https://www.rakuten.com.tw/assets/webpack/navigation-bundle.js?t=a5uzthuy6wb:2:1500723)
    at vc (https://www.rakuten.com.tw/assets/webpack/navigation-bundle.js?t=a5uzthuy6wb:2:1500651)
    at mc (https://www.rakuten.com.tw/assets/webpack/navigation-bundle.js?t=a5uzthuy6wb:2:1500514)
    at nc (https://www.rakuten.com.tw/assets/webpack/navigation-bundle.js?t=a5uzthuy6wb:2:1495650)
    at O (https://www.rakuten.com.tw/assets/webpack/navigation-bundle.js?t=a5uzthuy6wb:2:1613363)
    at MessagePort.N (https://www.rakuten.com.tw/assets/webpack/navigation-bundle.js?t=a5uzthuy6wb:2:1613895)
[   36951ms] Error: Minified React error #418; visit https://reactjs.org/docs/error-decoder.html?invariant=418 for the full message or use the non-minified dev environment for full errors and additional helpful warnings.
    at ua (https://www.rakuten.com.tw/assets/webpack/navigation-bundle.js?t=a5uzthuy6wb:2:1440326)
    at Os (https://www.rakuten.com.tw/assets/webpack/navigation-bundle.js?t=a5uzthuy6wb:2:1513419)
    at Ec (https://www.rakuten.com.tw/assets/webpack/navigation-bundle.js?t=a5uzthuy6wb:2:1500723)
    at vc (https://www.rakuten.com.tw/assets/webpack/navigation-bundle.js?t=a5uzthuy6wb:2:1500651)
    at mc (https://www.rakuten.com.tw/assets/webpack/navigation-bundle.js?t=a5uzthuy6wb:2:1500514)
    at nc (https://www.rakuten.com.tw/assets/webpack/navigation-bundle.js?t=a5uzthuy6wb:2:1495650)
    at O (https://www.rakuten.com.tw/assets/webpack/navigation-bundle.js?t=a5uzthuy6wb:2:1613363)
    at MessagePort.N (https://www.rakuten.com.tw/assets/webpack/navigation-bundle.js?t=a5uzthuy6wb:2:1613895)
[   36951ms] Error: Minified React error #418; visit https://reactjs.org/docs/error-decoder.html?invariant=418 for the full message or use the non-minified dev environment for full errors and additional helpful warnings.
    at ua (https://www.rakuten.com.tw/assets/webpack/navigation-bundle.js?t=a5uzthuy6wb:2:1440326)
    at Os (https://www.rakuten.com.tw/assets/webpack/navigation-bundle.js?t=a5uzthuy6wb:2:1513419)
    at Ec (https://www.rakuten.com.tw/assets/webpack/navigation-bundle.js?t=a5uzthuy6wb:2:1500723)
    at vc (https://www.rakuten.com.tw/assets/webpack/navigation-bundle.js?t=a5uzthuy6wb:2:1500651)
    at mc (https://www.rakuten.com.tw/assets/webpack/navigation-bundle.js?t=a5uzthuy6wb:2:1500514)
    at nc (https://www.rakuten.com.tw/assets/webpack/navigation-bundle.js?t=a5uzthuy6wb:2:1495650)
    at O (https://www.rakuten.com.tw/assets/webpack/navigation-bundle.js?t=a5uzthuy6wb:2:1613363)
    at MessagePort.N (https://www.rakuten.com.tw/assets/webpack/navigation-bundle.js?t=a5uzthuy6wb:2:1613895)
[   36952ms] Error: Minified React error #418; visit https://reactjs.org/docs/error-decoder.html?invariant=418 for the full message or use the non-minified dev environment for full errors and additional helpful warnings.
    at ua (https://www.rakuten.com.tw/assets/webpack/navigation-bundle.js?t=a5uzthuy6wb:2:1440326)
    at Os (https://www.rakuten.com.tw/assets/webpack/navigation-bundle.js?t=a5uzthuy6wb:2:1513419)
    at Ec (https://www.rakuten.com.tw/assets/webpack/navigation-bundle.js?t=a5uzthuy6wb:2:1500723)
    at vc (https://www.rakuten.com.tw/assets/webpack/navigation-bundle.js?t=a5uzthuy6wb:2:1500651)
    at mc (https://www.rakuten.com.tw/assets/webpack/navigation-bundle.js?t=a5uzthuy6wb:2:1500514)
    at nc (https://www.rakuten.com.tw/assets/webpack/navigation-bundle.js?t=a5uzthuy6wb:2:1495650)
    at O (https://www.rakuten.com.tw/assets/webpack/navigation-bundle.js?t=a5uzthuy6wb:2:1613363)
    at MessagePort.N (https://www.rakuten.com.tw/assets/webpack/navigation-bundle.js?t=a5uzthuy6wb:2:1613895)
[   36952ms] Error: Minified React error #418; visit https://reactjs.org/docs/error-decoder.html?invariant=418 for the full message or use the non-minified dev environment for full errors and additional helpful warnings.
    at ua (https://www.rakuten.com.tw/assets/webpack/navigation-bundle.js?t=a5uzthuy6wb:2:1440326)
    at Os (https://www.rakuten.com.tw/assets/webpack/navigation-bundle.js?t=a5uzthuy6wb:2:1513419)
    at Ec (https://www.rakuten.com.tw/assets/webpack/navigation-bundle.js?t=a5uzthuy6wb:2:1500723)
    at vc (https://www.rakuten.com.tw/assets/webpack/navigation-bundle.js?t=a5uzthuy6wb:2:1500651)
    at mc (https://www.rakuten.com.tw/assets/webpack/navigation-bundle.js?t=a5uzthuy6wb:2:1500514)
    at nc (https://www.rakuten.com.tw/assets/webpack/navigation-bundle.js?t=a5uzthuy6wb:2:1495650)
    at O (https://www.rakuten.com.tw/assets/webpack/navigation-bundle.js?t=a5uzthuy6wb:2:1613363)
    at MessagePort.N (https://www.rakuten.com.tw/assets/webpack/navigation-bundle.js?t=a5uzthuy6wb:2:1613895)
[   36952ms] Error: Minified React error #418; visit https://reactjs.org/docs/error-decoder.html?invariant=418 for the full message or use the non-minified dev environment for full errors and additional helpful warnings.
    at ua (https://www.rakuten.com.tw/assets/webpack/navigation-bundle.js?t=a5uzthuy6wb:2:1440326)
    at Os (https://www.rakuten.com.tw/assets/webpack/navigation-bundle.js?t=a5uzthuy6wb:2:1513419)
    at Ec (https://www.rakuten.com.tw/assets/webpack/navigation-bundle.js?t=a5uzthuy6wb:2:1500723)
    at vc (https://www.rakuten.com.tw/assets/webpack/navigation-bundle.js?t=a5uzthuy6wb:2:1500651)
    at mc (https://www.rakuten.com.tw/assets/webpack/navigation-bundle.js?t=a5uzthuy6wb:2:1500514)
    at nc (https://www.rakuten.com.tw/assets/webpack/navigation-bundle.js?t=a5uzthuy6wb:2:1495650)
    at O (https://www.rakuten.com.tw/assets/webpack/navigation-bundle.js?t=a5uzthuy6wb:2:1613363)
    at MessagePort.N (https://www.rakuten.com.tw/assets/webpack/navigation-bundle.js?t=a5uzthuy6wb:2:1613895)
[   36952ms] Error: Minified React error #418; visit https://reactjs.org/docs/error-decoder.html?invariant=418 for the full message or use the non-minified dev environment for full errors and additional helpful warnings.
    at ua (https://www.rakuten.com.tw/assets/webpack/navigation-bundle.js?t=a5uzthuy6wb:2:1440326)
    at Os (https://www.rakuten.com.tw/assets/webpack/navigation-bundle.js?t=a5uzthuy6wb:2:1513419)
    at Ec (https://www.rakuten.com.tw/assets/webpack/navigation-bundle.js?t=a5uzthuy6wb:2:1500723)
    at vc (https://www.rakuten.com.tw/assets/webpack/navigation-bundle.js?t=a5uzthuy6wb:2:1500651)
    at mc (https://www.rakuten.com.tw/assets/webpack/navigation-bundle.js?t=a5uzthuy6wb:2:1500514)
    at nc (https://www.rakuten.com.tw/assets/webpack/navigation-bundle.js?t=a5uzthuy6wb:2:1495650)
    at O (https://www.rakuten.com.tw/assets/webpack/navigation-bundle.js?t=a5uzthuy6wb:2:1613363)
    at MessagePort.N (https://www.rakuten.com.tw/assets/webpack/navigation-bundle.js?t=a5uzthuy6wb:2:1613895)
[   36952ms] Error: Minified React error #418; visit https://reactjs.org/docs/error-decoder.html?invariant=418 for the full message or use the non-minified dev environment for full errors and additional helpful warnings.
    at ua (https://www.rakuten.com.tw/assets/webpack/navigation-bundle.js?t=a5uzthuy6wb:2:1440326)
    at Os (https://www.rakuten.com.tw/assets/webpack/navigation-bundle.js?t=a5uzthuy6wb:2:1513419)
    at Ec (https://www.rakuten.com.tw/assets/webpack/navigation-bundle.js?t=a5uzthuy6wb:2:1500723)
    at vc (https://www.rakuten.com.tw/assets/webpack/navigation-bundle.js?t=a5uzthuy6wb:2:1500651)
    at mc (https://www.rakuten.com.tw/assets/webpack/navigation-bundle.js?t=a5uzthuy6wb:2:1500514)
    at nc (https://www.rakuten.com.tw/assets/webpack/navigation-bundle.js?t=a5uzthuy6wb:2:1495650)
    at O (https://www.rakuten.com.tw/assets/webpack/navigation-bundle.js?t=a5uzthuy6wb:2:1613363)
    at MessagePort.N (https://www.rakuten.com.tw/assets/webpack/navigation-bundle.js?t=a5uzthuy6wb:2:1613895)
[   36952ms] Error: Minified React error #418; visit https://reactjs.org/docs/error-decoder.html?invariant=418 for the full message or use the non-minified dev environment for full errors and additional helpful warnings.
    at ua (https://www.rakuten.com.tw/assets/webpack/navigation-bundle.js?t=a5uzthuy6wb:2:1440326)
    at Os (https://www.rakuten.com.tw/assets/webpack/navigation-bundle.js?t=a5uzthuy6wb:2:1513419)
    at Ec (https://www.rakuten.com.tw/assets/webpack/navigation-bundle.js?t=a5uzthuy6wb:2:1500723)
    at vc (https://www.rakuten.com.tw/assets/webpack/navigation-bundle.js?t=a5uzthuy6wb:2:1500651)
    at mc (https://www.rakuten.com.tw/assets/webpack/navigation-bundle.js?t=a5uzthuy6wb:2:1500514)
    at nc (https://www.rakuten.com.tw/assets/webpack/navigation-bundle.js?t=a5uzthuy6wb:2:1495650)
    at O (https://www.rakuten.com.tw/assets/webpack/navigation-bundle.js?t=a5uzthuy6wb:2:1613363)
    at MessagePort.N (https://www.rakuten.com.tw/assets/webpack/navigation-bundle.js?t=a5uzthuy6wb:2:1613895)
[   36952ms] Error: Minified React error #418; visit https://reactjs.org/docs/error-decoder.html?invariant=418 for the full message or use the non-minified dev environment for full errors and additional helpful warnings.
    at ua (https://www.rakuten.com.tw/assets/webpack/navigation-bundle.js?t=a5uzthuy6wb:2:1440326)
    at Os (https://www.rakuten.com.tw/assets/webpack/navigation-bundle.js?t=a5uzthuy6wb:2:1513419)
    at Ec (https://www.rakuten.com.tw/assets/webpack/navigation-bundle.js?t=a5uzthuy6wb:2:1500723)
    at vc (https://www.rakuten.com.tw/assets/webpack/navigation-bundle.js?t=a5uzthuy6wb:2:1500651)
    at mc (https://www.rakuten.com.tw/assets/webpack/navigation-bundle.js?t=a5uzthuy6wb:2:1500514)
    at nc (https://www.rakuten.com.tw/assets/webpack/navigation-bundle.js?t=a5uzthuy6wb:2:1495650)
    at O (https://www.rakuten.com.tw/assets/webpack/navigation-bundle.js?t=a5uzthuy6wb:2:1613363)
    at MessagePort.N (https://www.rakuten.com.tw/assets/webpack/navigation-bundle.js?t=a5uzthuy6wb:2:1613895)
[   36952ms] Error: Minified React error #418; visit https://reactjs.org/docs/error-decoder.html?invariant=418 for the full message or use the non-minified dev environment for full errors and additional helpful warnings.
    at ua (https://www.rakuten.com.tw/assets/webpack/navigation-bundle.js?t=a5uzthuy6wb:2:1440326)
    at Os (https://www.rakuten.com.tw/assets/webpack/navigation-bundle.js?t=a5uzthuy6wb:2:1513419)
    at Ec (https://www.rakuten.com.tw/assets/webpack/navigation-bundle.js?t=a5uzthuy6wb:2:1500723)
    at vc (https://www.rakuten.com.tw/assets/webpack/navigation-bundle.js?t=a5uzthuy6wb:2:1500651)
    at mc (https://www.rakuten.com.tw/assets/webpack/navigation-bundle.js?t=a5uzthuy6wb:2:1500514)
    at nc (https://www.rakuten.com.tw/assets/webpack/navigation-bundle.js?t=a5uzthuy6wb:2:1495650)
    at O (https://www.rakuten.com.tw/assets/webpack/navigation-bundle.js?t=a5uzthuy6wb:2:1613363)
    at MessagePort.N (https://www.rakuten.com.tw/assets/webpack/navigation-bundle.js?t=a5uzthuy6wb:2:1613895)
[   36952ms] Error: Minified React error #418; visit https://reactjs.org/docs/error-decoder.html?invariant=418 for the full message or use the non-minified dev environment for full errors and additional helpful warnings.
    at ua (https://www.rakuten.com.tw/assets/webpack/navigation-bundle.js?t=a5uzthuy6wb:2:1440326)
    at Os (https://www.rakuten.com.tw/assets/webpack/navigation-bundle.js?t=a5uzthuy6wb:2:1513419)
    at Ec (https://www.rakuten.com.tw/assets/webpack/navigation-bundle.js?t=a5uzthuy6wb:2:1500723)
    at vc (https://www.rakuten.com.tw/assets/webpack/navigation-bundle.js?t=a5uzthuy6wb:2:1500651)
    at mc (https://www.rakuten.com.tw/assets/webpack/navigation-bundle.js?t=a5uzthuy6wb:2:1500514)
    at nc (https://www.rakuten.com.tw/assets/webpack/navigation-bundle.js?t=a5uzthuy6wb:2:1495650)
    at O (https://www.rakuten.com.tw/assets/webpack/navigation-bundle.js?t=a5uzthuy6wb:2:1613363)
    at MessagePort.N (https://www.rakuten.com.tw/assets/webpack/navigation-bundle.js?t=a5uzthuy6wb:2:1613895)
[   36952ms] Error: Minified React error #418; visit https://reactjs.org/docs/error-decoder.html?invariant=418 for the full message or use the non-minified dev environment for full errors and additional helpful warnings.
    at ua (https://www.rakuten.com.tw/assets/webpack/navigation-bundle.js?t=a5uzthuy6wb:2:1440326)
    at Os (https://www.rakuten.com.tw/assets/webpack/navigation-bundle.js?t=a5uzthuy6wb:2:1513419)
    at Ec (https://www.rakuten.com.tw/assets/webpack/navigation-bundle.js?t=a5uzthuy6wb:2:1500723)
    at vc (https://www.rakuten.com.tw/assets/webpack/navigation-bundle.js?t=a5uzthuy6wb:2:1500651)
    at mc (https://www.rakuten.com.tw/assets/webpack/navigation-bundle.js?t=a5uzthuy6wb:2:1500514)
    at nc (https://www.rakuten.com.tw/assets/webpack/navigation-bundle.js?t=a5uzthuy6wb:2:1495650)
    at O (https://www.rakuten.com.tw/assets/webpack/navigation-bundle.js?t=a5uzthuy6wb:2:1613363)
    at MessagePort.N (https://www.rakuten.com.tw/assets/webpack/navigation-bundle.js?t=a5uzthuy6wb:2:1613895)
[   36952ms] Error: Minified React error #418; visit https://reactjs.org/docs/error-decoder.html?invariant=418 for the full message or use the non-minified dev environment for full errors and additional helpful warnings.
    at ua (https://www.rakuten.com.tw/assets/webpack/navigation-bundle.js?t=a5uzthuy6wb:2:1440326)
    at Os (https://www.rakuten.com.tw/assets/webpack/navigation-bundle.js?t=a5uzthuy6wb:2:1513419)
    at Ec (https://www.rakuten.com.tw/assets/webpack/navigation-bundle.js?t=a5uzthuy6wb:2:1500723)
    at vc (https://www.rakuten.com.tw/assets/webpack/navigation-bundle.js?t=a5uzthuy6wb:2:1500651)
    at mc (https://www.rakuten.com.tw/assets/webpack/navigation-bundle.js?t=a5uzthuy6wb:2:1500514)
    at nc (https://www.rakuten.com.tw/assets/webpack/navigation-bundle.js?t=a5uzthuy6wb:2:1495650)
    at O (https://www.rakuten.com.tw/assets/webpack/navigation-bundle.js?t=a5uzthuy6wb:2:1613363)
    at MessagePort.N (https://www.rakuten.com.tw/assets/webpack/navigation-bundle.js?t=a5uzthuy6wb:2:1613895)
[   36952ms] Error: Minified React error #418; visit https://reactjs.org/docs/error-decoder.html?invariant=418 for the full message or use the non-minified dev environment for full errors and additional helpful warnings.
    at ua (https://www.rakuten.com.tw/assets/webpack/navigation-bundle.js?t=a5uzthuy6wb:2:1440326)
    at Os (https://www.rakuten.com.tw/assets/webpack/navigation-bundle.js?t=a5uzthuy6wb:2:1513419)
    at Ec (https://www.rakuten.com.tw/assets/webpack/navigation-bundle.js?t=a5uzthuy6wb:2:1500723)
    at vc (https://www.rakuten.com.tw/assets/webpack/navigation-bundle.js?t=a5uzthuy6wb:2:1500651)
    at mc (https://www.rakuten.com.tw/assets/webpack/navigation-bundle.js?t=a5uzthuy6wb:2:1500514)
    at nc (https://www.rakuten.com.tw/assets/webpack/navigation-bundle.js?t=a5uzthuy6wb:2:1495650)
    at O (https://www.rakuten.com.tw/assets/webpack/navigation-bundle.js?t=a5uzthuy6wb:2:1613363)
    at MessagePort.N (https://www.rakuten.com.tw/assets/webpack/navigation-bundle.js?t=a5uzthuy6wb:2:1613895)
[   36952ms] Error: Minified React error #418; visit https://reactjs.org/docs/error-decoder.html?invariant=418 for the full message or use the non-minified dev environment for full errors and additional helpful warnings.
    at ua (https://www.rakuten.com.tw/assets/webpack/navigation-bundle.js?t=a5uzthuy6wb:2:1440326)
    at Os (https://www.rakuten.com.tw/assets/webpack/navigation-bundle.js?t=a5uzthuy6wb:2:1513419)
    at Ec (https://www.rakuten.com.tw/assets/webpack/navigation-bundle.js?t=a5uzthuy6wb:2:1500723)
    at vc (https://www.rakuten.com.tw/assets/webpack/navigation-bundle.js?t=a5uzthuy6wb:2:1500651)
    at mc (https://www.rakuten.com.tw/assets/webpack/navigation-bundle.js?t=a5uzthuy6wb:2:1500514)
    at nc (https://www.rakuten.com.tw/assets/webpack/navigation-bundle.js?t=a5uzthuy6wb:2:1495650)
    at O (https://www.rakuten.com.tw/assets/webpack/navigation-bundle.js?t=a5uzthuy6wb:2:1613363)
    at MessagePort.N (https://www.rakuten.com.tw/assets/webpack/navigation-bundle.js?t=a5uzthuy6wb:2:1613895)
[   36952ms] Error: Minified React error #418; visit https://reactjs.org/docs/error-decoder.html?invariant=418 for the full message or use the non-minified dev environment for full errors and additional helpful warnings.
    at ua (https://www.rakuten.com.tw/assets/webpack/navigation-bundle.js?t=a5uzthuy6wb:2:1440326)
    at Os (https://www.rakuten.com.tw/assets/webpack/navigation-bundle.js?t=a5uzthuy6wb:2:1513419)
    at Ec (https://www.rakuten.com.tw/assets/webpack/navigation-bundle.js?t=a5uzthuy6wb:2:1500723)
    at vc (https://www.rakuten.com.tw/assets/webpack/navigation-bundle.js?t=a5uzthuy6wb:2:1500651)
    at mc (https://www.rakuten.com.tw/assets/webpack/navigation-bundle.js?t=a5uzthuy6wb:2:1500514)
    at nc (https://www.rakuten.com.tw/assets/webpack/navigation-bundle.js?t=a5uzthuy6wb:2:1495650)
    at O (https://www.rakuten.com.tw/assets/webpack/navigation-bundle.js?t=a5uzthuy6wb:2:1613363)
    at MessagePort.N (https://www.rakuten.com.tw/assets/webpack/navigation-bundle.js?t=a5uzthuy6wb:2:1613895)
[   36952ms] Error: Minified React error #418; visit https://reactjs.org/docs/error-decoder.html?invariant=418 for the full message or use the non-minified dev environment for full errors and additional helpful warnings.
    at ua (https://www.rakuten.com.tw/assets/webpack/navigation-bundle.js?t=a5uzthuy6wb:2:1440326)
    at Os (https://www.rakuten.com.tw/assets/webpack/navigation-bundle.js?t=a5uzthuy6wb:2:1513419)
    at Ec (https://www.rakuten.com.tw/assets/webpack/navigation-bundle.js?t=a5uzthuy6wb:2:1500723)
    at vc (https://www.rakuten.com.tw/assets/webpack/navigation-bundle.js?t=a5uzthuy6wb:2:1500651)
    at mc (https://www.rakuten.com.tw/assets/webpack/navigation-bundle.js?t=a5uzthuy6wb:2:1500514)
    at nc (https://www.rakuten.com.tw/assets/webpack/navigation-bundle.js?t=a5uzthuy6wb:2:1495650)
    at O (https://www.rakuten.com.tw/assets/webpack/navigation-bundle.js?t=a5uzthuy6wb:2:1613363)
    at MessagePort.N (https://www.rakuten.com.tw/assets/webpack/navigation-bundle.js?t=a5uzthuy6wb:2:1613895)
[   36952ms] Error: Minified React error #418; visit https://reactjs.org/docs/error-decoder.html?invariant=418 for the full message or use the non-minified dev environment for full errors and additional helpful warnings.
    at ua (https://www.rakuten.com.tw/assets/webpack/navigation-bundle.js?t=a5uzthuy6wb:2:1440326)
    at Os (https://www.rakuten.com.tw/assets/webpack/navigation-bundle.js?t=a5uzthuy6wb:2:1513419)
    at Ec (https://www.rakuten.com.tw/assets/webpack/navigation-bundle.js?t=a5uzthuy6wb:2:1500723)
    at vc (https://www.rakuten.com.tw/assets/webpack/navigation-bundle.js?t=a5uzthuy6wb:2:1500651)
    at mc (https://www.rakuten.com.tw/assets/webpack/navigation-bundle.js?t=a5uzthuy6wb:2:1500514)
    at nc (https://www.rakuten.com.tw/assets/webpack/navigation-bundle.js?t=a5uzthuy6wb:2:1495650)
    at O (https://www.rakuten.com.tw/assets/webpack/navigation-bundle.js?t=a5uzthuy6wb:2:1613363)
    at MessagePort.N (https://www.rakuten.com.tw/assets/webpack/navigation-bundle.js?t=a5uzthuy6wb:2:1613895)
[   36953ms] Error: Minified React error #418; visit https://reactjs.org/docs/error-decoder.html?invariant=418 for the full message or use the non-minified dev environment for full errors and additional helpful warnings.
    at ua (https://www.rakuten.com.tw/assets/webpack/navigation-bundle.js?t=a5uzthuy6wb:2:1440326)
    at Os (https://www.rakuten.com.tw/assets/webpack/navigation-bundle.js?t=a5uzthuy6wb:2:1513419)
    at Ec (https://www.rakuten.com.tw/assets/webpack/navigation-bundle.js?t=a5uzthuy6wb:2:1500723)
    at vc (https://www.rakuten.com.tw/assets/webpack/navigation-bundle.js?t=a5uzthuy6wb:2:1500651)
    at mc (https://www.rakuten.com.tw/assets/webpack/navigation-bundle.js?t=a5uzthuy6wb:2:1500514)
    at nc (https://www.rakuten.com.tw/assets/webpack/navigation-bundle.js?t=a5uzthuy6wb:2:1495650)
    at O (https://www.rakuten.com.tw/assets/webpack/navigation-bundle.js?t=a5uzthuy6wb:2:1613363)
    at MessagePort.N (https://www.rakuten.com.tw/assets/webpack/navigation-bundle.js?t=a5uzthuy6wb:2:1613895)
[   36953ms] Error: Minified React error #423; visit https://reactjs.org/docs/error-decoder.html?invariant=423 for the full message or use the non-minified dev environment for full errors and additional helpful warnings.
    at Os (https://www.rakuten.com.tw/assets/webpack/navigation-bundle.js?t=a5uzthuy6wb:2:1513105)
    at Ec (https://www.rakuten.com.tw/assets/webpack/navigation-bundle.js?t=a5uzthuy6wb:2:1500723)
    at vc (https://www.rakuten.com.tw/assets/webpack/navigation-bundle.js?t=a5uzthuy6wb:2:1500651)
    at mc (https://www.rakuten.com.tw/assets/webpack/navigation-bundle.js?t=a5uzthuy6wb:2:1500514)
    at oc (https://www.rakuten.com.tw/assets/webpack/navigation-bundle.js?t=a5uzthuy6wb:2:1497321)
    at nc (https://www.rakuten.com.tw/assets/webpack/navigation-bundle.js?t=a5uzthuy6wb:2:1495876)
    at O (https://www.rakuten.com.tw/assets/webpack/navigation-bundle.js?t=a5uzthuy6wb:2:1613363)
    at MessagePort.N (https://www.rakuten.com.tw/assets/webpack/navigation-bundle.js?t=a5uzthuy6wb:2:1613895)
[   37172ms] Uncaught [object Object]
    at error (https://www.googletagmanager.com/gtm.js?id=GTM-N72TJV:195:503)
    at onerror (https://www.googletagmanager.com/gtm.js?id=GTM-N72TJV:203:44)
[   37172ms] Uncaught [object Object]
    at error (https://www.googletagmanager.com/gtm.js?id=GTM-N72TJV:195:503)
    at <anonymous> (https://www.googletagmanager.com/gtm.js?id=GTM-N72TJV:204:160)
