[     212ms] [WARNING] [JavaScript Warning: "This page is in Quirks Mode. Page layout may be impacted. For Standards Mode use “<!DOCTYPE html>”." {file: "https://www.douyin.com/video/7589184096992038195" line: 0}] @ https://www.douyin.com/video/7589184096992038195:0
[     214ms] [WARNING] [JavaScript Warning: "InstallTrigger is deprecated and will be removed in the future." {file: "https://www.douyin.com/video/7589184096992038195" line: 1}] @ https://www.douyin.com/video/7589184096992038195:1
[     214ms] [WARNING] [JavaScript Warning: "WEBGL_debug_renderer_info is deprecated in Firefox and will be removed. Please use RENDERER." {file: "https://www.douyin.com/video/7589184096992038195" line: 1}] @ https://www.douyin.com/video/7589184096992038195:1
[     221ms] [WARNING] [JavaScript Warning: "“douyin.com” has been classified as a bounce tracker. If it does not receive user activation within the next 3,600 seconds it will have its state purged."] @ :0
[     619ms] [WARNING] [JavaScript Warning: "Content-Security-Policy: Ignoring “'report-sample'” within script-src: ‘strict-dynamic’ specified" {file: "https://www.douyin.com/video/7589184096992038195" line: 0}] @ https://www.douyin.com/video/7589184096992038195:0
[     619ms] [WARNING] [JavaScript Warning: "Content-Security-Policy: Ignoring “'self'” within script-src: ‘strict-dynamic’ specified" {file: "https://www.douyin.com/video/7589184096992038195" line: 0}] @ https://www.douyin.com/video/7589184096992038195:0
[     619ms] [WARNING] [JavaScript Warning: "Content-Security-Policy: Ignoring “https://*.bytedance.com” within script-src: ‘strict-dynamic’ specified" {file: "https://www.douyin.com/video/7589184096992038195" line: 0}] @ https://www.douyin.com/video/7589184096992038195:0
[     619ms] [WARNING] [JavaScript Warning: "Content-Security-Policy: Ignoring “https://*.bytedance.net” within script-src: ‘strict-dynamic’ specified" {file: "https://www.douyin.com/video/7589184096992038195" line: 0}] @ https://www.douyin.com/video/7589184096992038195:0
[     619ms] [WARNING] [JavaScript Warning: "Content-Security-Policy: Ignoring “https://*.pstatp.com” within script-src: ‘strict-dynamic’ specified" {file: "https://www.douyin.com/video/7589184096992038195" line: 0}] @ https://www.douyin.com/video/7589184096992038195:0
[     619ms] [WARNING] [JavaScript Warning: "Content-Security-Policy: Ignoring “https://*.bytednsdoc.com” within script-src: ‘strict-dynamic’ specified" {file: "https://www.douyin.com/video/7589184096992038195" line: 0}] @ https://www.douyin.com/video/7589184096992038195:0
[     619ms] [WARNING] [JavaScript Warning: "Content-Security-Policy: Ignoring “https://*.bytescm.com” within script-src: ‘strict-dynamic’ specified" {file: "https://www.douyin.com/video/7589184096992038195" line: 0}] @ https://www.douyin.com/video/7589184096992038195:0
[     619ms] [WARNING] [JavaScript Warning: "Content-Security-Policy: Ignoring “https://*.douyin.com” within script-src: ‘strict-dynamic’ specified" {file: "https://www.douyin.com/video/7589184096992038195" line: 0}] @ https://www.douyin.com/video/7589184096992038195:0
[     619ms] [WARNING] [JavaScript Warning: "Content-Security-Policy: Ignoring “https://*.bytegoofy.com” within script-src: ‘strict-dynamic’ specified" {file: "https://www.douyin.com/video/7589184096992038195" line: 0}] @ https://www.douyin.com/video/7589184096992038195:0
[     619ms] [WARNING] [JavaScript Warning: "Content-Security-Policy: Ignoring “https://*.snssdk.com” within script-src: ‘strict-dynamic’ specified" {file: "https://www.douyin.com/video/7589184096992038195" line: 0}] @ https://www.douyin.com/video/7589184096992038195:0
[     619ms] [WARNING] [JavaScript Warning: "Content-Security-Policy: Ignoring “https://*.byted-static.com” within script-src: ‘strict-dynamic’ specified" {file: "https://www.douyin.com/video/7589184096992038195" line: 0}] @ https://www.douyin.com/video/7589184096992038195:0
[     619ms] [WARNING] [JavaScript Warning: "Content-Security-Policy: Ignoring “https://*.huoshanstatic.com” within script-src: ‘strict-dynamic’ specified" {file: "https://www.douyin.com/video/7589184096992038195" line: 0}] @ https://www.douyin.com/video/7589184096992038195:0
[     619ms] [WARNING] [JavaScript Warning: "Content-Security-Policy: Ignoring “https://*.douyinstatic.com” within script-src: ‘strict-dynamic’ specified" {file: "https://www.douyin.com/video/7589184096992038195" line: 0}] @ https://www.douyin.com/video/7589184096992038195:0
[     620ms] [WARNING] [JavaScript Warning: "Content-Security-Policy: Ignoring “https://*.ibytedapm.com” within script-src: ‘strict-dynamic’ specified" {file: "https://www.douyin.com/video/7589184096992038195" line: 0}] @ https://www.douyin.com/video/7589184096992038195:0
[     620ms] [WARNING] [JavaScript Warning: "Content-Security-Policy: Ignoring “https://*.zijieapi.com” within script-src: ‘strict-dynamic’ specified" {file: "https://www.douyin.com/video/7589184096992038195" line: 0}] @ https://www.douyin.com/video/7589184096992038195:0
[     620ms] [WARNING] [JavaScript Warning: "Content-Security-Policy: Ignoring “https://*.bytetos.com” within script-src: ‘strict-dynamic’ specified" {file: "https://www.douyin.com/video/7589184096992038195" line: 0}] @ https://www.douyin.com/video/7589184096992038195:0
[     620ms] [WARNING] [JavaScript Warning: "Content-Security-Policy: Ignoring “https://*.yhgfb-cn-static.com” within script-src: ‘strict-dynamic’ specified" {file: "https://www.douyin.com/video/7589184096992038195" line: 0}] @ https://www.douyin.com/video/7589184096992038195:0
[     620ms] [WARNING] [JavaScript Warning: "Content-Security-Policy: Ignoring “https://*.byteimg.com” within script-src: ‘strict-dynamic’ specified" {file: "https://www.douyin.com/video/7589184096992038195" line: 0}] @ https://www.douyin.com/video/7589184096992038195:0
[     620ms] [WARNING] [JavaScript Warning: "Content-Security-Policy: Ignoring “blob:” within script-src: ‘strict-dynamic’ specified" {file: "https://www.douyin.com/video/7589184096992038195" line: 0}] @ https://www.douyin.com/video/7589184096992038195:0
[     620ms] [WARNING] [JavaScript Warning: "Content-Security-Policy: Ignoring “'report-sample'” within script-src: ‘strict-dynamic’ specified" {file: "https://www.douyin.com/video/7589184096992038195" line: 0}] @ https://www.douyin.com/video/7589184096992038195:0
[     620ms] [WARNING] [JavaScript Warning: "Content-Security-Policy: Ignoring “'self'” within script-src: ‘strict-dynamic’ specified" {file: "https://www.douyin.com/video/7589184096992038195" line: 0}] @ https://www.douyin.com/video/7589184096992038195:0
[     620ms] [WARNING] [JavaScript Warning: "Content-Security-Policy: Ignoring “https://*.bytedance.com” within script-src: ‘strict-dynamic’ specified" {file: "https://www.douyin.com/video/7589184096992038195" line: 0}] @ https://www.douyin.com/video/7589184096992038195:0
[     620ms] [WARNING] [JavaScript Warning: "Content-Security-Policy: Ignoring “https://*.bytedance.net” within script-src: ‘strict-dynamic’ specified" {file: "https://www.douyin.com/video/7589184096992038195" line: 0}] @ https://www.douyin.com/video/7589184096992038195:0
[     620ms] [WARNING] [JavaScript Warning: "Content-Security-Policy: Ignoring “https://*.pstatp.com” within script-src: ‘strict-dynamic’ specified" {file: "https://www.douyin.com/video/7589184096992038195" line: 0}] @ https://www.douyin.com/video/7589184096992038195:0
[     620ms] [WARNING] [JavaScript Warning: "Content-Security-Policy: Ignoring “https://*.bytednsdoc.com” within script-src: ‘strict-dynamic’ specified" {file: "https://www.douyin.com/video/7589184096992038195" line: 0}] @ https://www.douyin.com/video/7589184096992038195:0
[     620ms] [WARNING] [JavaScript Warning: "Content-Security-Policy: Ignoring “https://*.bytescm.com” within script-src: ‘strict-dynamic’ specified" {file: "https://www.douyin.com/video/7589184096992038195" line: 0}] @ https://www.douyin.com/video/7589184096992038195:0
[     620ms] [WARNING] [JavaScript Warning: "Content-Security-Policy: Ignoring “https://*.douyin.com” within script-src: ‘strict-dynamic’ specified" {file: "https://www.douyin.com/video/7589184096992038195" line: 0}] @ https://www.douyin.com/video/7589184096992038195:0
[     620ms] [WARNING] [JavaScript Warning: "Content-Security-Policy: Ignoring “https://*.bytegoofy.com” within script-src: ‘strict-dynamic’ specified" {file: "https://www.douyin.com/video/7589184096992038195" line: 0}] @ https://www.douyin.com/video/7589184096992038195:0
[     620ms] [WARNING] [JavaScript Warning: "Content-Security-Policy: Ignoring “https://*.snssdk.com” within script-src: ‘strict-dynamic’ specified" {file: "https://www.douyin.com/video/7589184096992038195" line: 0}] @ https://www.douyin.com/video/7589184096992038195:0
[     620ms] [WARNING] [JavaScript Warning: "Content-Security-Policy: Ignoring “https://*.byted-static.com” within script-src: ‘strict-dynamic’ specified" {file: "https://www.douyin.com/video/7589184096992038195" line: 0}] @ https://www.douyin.com/video/7589184096992038195:0
[     620ms] [WARNING] [JavaScript Warning: "Content-Security-Policy: Ignoring “https://*.huoshanstatic.com” within script-src: ‘strict-dynamic’ specified" {file: "https://www.douyin.com/video/7589184096992038195" line: 0}] @ https://www.douyin.com/video/7589184096992038195:0
[     620ms] [WARNING] [JavaScript Warning: "Content-Security-Policy: Ignoring “https://*.douyinstatic.com” within script-src: ‘strict-dynamic’ specified" {file: "https://www.douyin.com/video/7589184096992038195" line: 0}] @ https://www.douyin.com/video/7589184096992038195:0
[     621ms] [WARNING] [JavaScript Warning: "Content-Security-Policy: Ignoring “https://*.ibytedapm.com” within script-src: ‘strict-dynamic’ specified" {file: "https://www.douyin.com/video/7589184096992038195" line: 0}] @ https://www.douyin.com/video/7589184096992038195:0
[     621ms] [WARNING] [JavaScript Warning: "Content-Security-Policy: Ignoring “https://*.zijieapi.com” within script-src: ‘strict-dynamic’ specified" {file: "https://www.douyin.com/video/7589184096992038195" line: 0}] @ https://www.douyin.com/video/7589184096992038195:0
[     621ms] [WARNING] [JavaScript Warning: "Content-Security-Policy: Ignoring “https://*.bytetos.com” within script-src: ‘strict-dynamic’ specified" {file: "https://www.douyin.com/video/7589184096992038195" line: 0}] @ https://www.douyin.com/video/7589184096992038195:0
[     621ms] [WARNING] [JavaScript Warning: "Content-Security-Policy: Ignoring “https://*.yhgfb-cn-static.com” within script-src: ‘strict-dynamic’ specified" {file: "https://www.douyin.com/video/7589184096992038195" line: 0}] @ https://www.douyin.com/video/7589184096992038195:0
[     621ms] [WARNING] [JavaScript Warning: "Content-Security-Policy: Ignoring “https://*.byteimg.com” within script-src: ‘strict-dynamic’ specified" {file: "https://www.douyin.com/video/7589184096992038195" line: 0}] @ https://www.douyin.com/video/7589184096992038195:0
[     621ms] [WARNING] [JavaScript Warning: "Content-Security-Policy: Ignoring “blob:” within script-src: ‘strict-dynamic’ specified" {file: "https://www.douyin.com/video/7589184096992038195" line: 0}] @ https://www.douyin.com/video/7589184096992038195:0
[    1306ms] [WARNING] [JavaScript Warning: "Ignoring unsupported entryTypes: element." {file: "https://lf-security.bytegoofy.com/obj/security-secsdk/runtime_bundler_34.js" line: 7}] @ https://lf-security.bytegoofy.com/obj/security-secsdk/runtime_bundler_34.js:7
[    1536ms] [WARNING] [SDK] 1774154062861        0 already inited @ https://lf3-short.ibytedapm.com/slardar/fe/sdk-web/browser.cn.js?bid=douyin_web&globalName=Slardar:0
[    1538ms] [WARNING] [JavaScript Warning: "WEBGL_debug_renderer_info is deprecated in Firefox and will be removed. Please use RENDERER." {file: "https://lf-douyin-pc-web.douyinstatic.com/obj/douyin-pc-web/ies/douyin_web/64759.f83510aa.js" line: 2}] @ https://lf-douyin-pc-web.douyinstatic.com/obj/douyin-pc-web/ies/douyin_web/64759.f83510aa.js:2
[    1638ms] [WARNING] [JavaScript Warning: "InstallTrigger is deprecated and will be removed in the future." {file: "https://lf-douyin-pc-web.douyinstatic.com/obj/douyin-pc-web/ies/douyin_web/client-entry~ba55b886.575da3ec.js" line: 2}] @ https://lf-douyin-pc-web.douyinstatic.com/obj/douyin-pc-web/ies/douyin_web/client-entry~ba55b886.575da3ec.js:2
[    1716ms] [WARNING] [JavaScript Warning: "Use of the orientation sensor is deprecated." {file: "https://p-pc-weboff.byteimg.com/tos-cn-i-9r5gewecjs/bdms_1.0.1.19_fix.js" line: 2}] @ https://p-pc-weboff.byteimg.com/tos-cn-i-9r5gewecjs/bdms_1.0.1.19_fix.js:2
[    1733ms] [WARNING] [JavaScript Warning: "The script from “https://sf1-cdn-tos.douyinstatic.com/obj/accessibility-task-platform/entrance/a11y_web_init.js” was loaded even though its MIME type (“application/json”) is not a valid JavaScript MIME type." {file: "https://www.douyin.com/video/7589184096992038195" line: 0}] @ https://www.douyin.com/video/7589184096992038195:0
[    1783ms] [WARNING] [JavaScript Warning: "Prevented navigation to “bitbrowser://cc/” due to an unknown protocol." {file: "about:blank" line: 0}] @ about:blank:0
[    1994ms] [WARNING] [JavaScript Warning: "WEBGL_debug_renderer_info is deprecated in Firefox and will be removed. Please use RENDERER." {file: "https://p-pc-weboff.byteimg.com/tos-cn-i-9r5gewecjs/bdms_1.0.1.19_fix.js" line: 2}] @ https://p-pc-weboff.byteimg.com/tos-cn-i-9r5gewecjs/bdms_1.0.1.19_fix.js:2
[    1995ms] [WARNING] [JavaScript Warning: "An AudioContext was prevented from starting automatically. It must be created or resumed after a user gesture on the page." {file: "https://p-pc-weboff.byteimg.com/tos-cn-i-9r5gewecjs/bdms_1.0.1.19_fix.js" line: 2}] @ https://p-pc-weboff.byteimg.com/tos-cn-i-9r5gewecjs/bdms_1.0.1.19_fix.js:2
[    2337ms] [WARNING] [JavaScript Warning: "WEBGL_debug_renderer_info is deprecated in Firefox and will be removed. Please use RENDERER." {file: "https://lf-douyin-pc-web.douyinstatic.com/obj/douyin-pc-web/ies/douyin_web/async/81708.18085ed3.js" line: 2}] @ https://lf-douyin-pc-web.douyinstatic.com/obj/douyin-pc-web/ies/douyin_web/async/81708.18085ed3.js:2
[    2553ms] [WARNING] [JavaScript Warning: "Ignoring unsupported entryTypes: longtask." {file: "https://lf3-short.ibytedapm.com/slardar/fe/sdk-web/plugins/action.1.16.6.js" line: 1}] @ https://lf3-short.ibytedapm.com/slardar/fe/sdk-web/plugins/action.1.16.6.js:1
[    2553ms] [WARNING] [JavaScript Warning: "No valid entryTypes; aborting registration." {file: "https://lf3-short.ibytedapm.com/slardar/fe/sdk-web/plugins/action.1.16.6.js" line: 1}] @ https://lf3-short.ibytedapm.com/slardar/fe/sdk-web/plugins/action.1.16.6.js:1
[    2554ms] [WARNING] [JavaScript Warning: "Ignoring unsupported entryTypes: layout-shift." {file: "https://lf3-short.ibytedapm.com/slardar/fe/sdk-web/plugins/common-monitors.1.16.6.js" line: 1}] @ https://lf3-short.ibytedapm.com/slardar/fe/sdk-web/plugins/common-monitors.1.16.6.js:1
[    2554ms] [WARNING] [JavaScript Warning: "Ignoring unsupported entryTypes: layout-shift." {file: "https://lf3-short.ibytedapm.com/slardar/fe/sdk-web/plugins/common-monitors.1.16.6.js" line: 1}] @ https://lf3-short.ibytedapm.com/slardar/fe/sdk-web/plugins/common-monitors.1.16.6.js:1
[    2661ms] [WARNING] [xgplayer] warn>>icons.[object Object] in config of plugin named [texttrack] is invalid @ https://lf-douyin-pc-web.douyinstatic.com/obj/douyin-pc-web/ies/douyin_web/async/80946.7327c3e8.js:0
[    2661ms] [WARNING] [xgplayer] warn>>icons.[object Object] in config of plugin named [texttrack] is invalid @ https://lf-douyin-pc-web.douyinstatic.com/obj/douyin-pc-web/ies/douyin_web/async/80946.7327c3e8.js:0
[    2684ms] [WARNING] [JavaScript Warning: "WEBGL_debug_renderer_info is deprecated in Firefox and will be removed. Please use RENDERER." {file: "https://lf-douyin-pc-web.douyinstatic.com/obj/douyin-pc-web/ies/douyin_web/async/2637.617b8610.js" line: 2}] @ https://lf-douyin-pc-web.douyinstatic.com/obj/douyin-pc-web/ies/douyin_web/async/2637.617b8610.js:2
[    2710ms] [WARNING] [JavaScript Warning: "Content-Security-Policy: Upgrading insecure request ‘http://p-pc-weboff.byteimg.com/tos-cn-i-9r5gewecjs/4b95924411baebf6243c0bb8fa26b830.png’ to use ‘https’"] @ :0
[    2836ms] [WARNING] [JavaScript Warning: "Ignoring unsupported entryTypes: layout-shift." {file: "https://lf3-short.ibytedapm.com/slardar/fe/sdk-web/plugins/common-monitors.1.14.4.js" line: 1}] @ https://lf3-short.ibytedapm.com/slardar/fe/sdk-web/plugins/common-monitors.1.14.4.js:1
[    2836ms] [WARNING] [JavaScript Warning: "Ignoring unsupported entryTypes: layout-shift." {file: "https://lf3-short.ibytedapm.com/slardar/fe/sdk-web/plugins/common-monitors.1.14.4.js" line: 1}] @ https://lf3-short.ibytedapm.com/slardar/fe/sdk-web/plugins/common-monitors.1.14.4.js:1
[    2887ms] [WARNING] [JavaScript Warning: "WEBGL_debug_renderer_info is deprecated in Firefox and will be removed. Please use RENDERER." {file: "https://lf-douyin-pc-web.douyinstatic.com/obj/passport-fe/ucenter_fe/@byted/uc-secure-dtrait-core/1.0.31/dist/index.umd.production.js" line: 1}] @ https://lf-douyin-pc-web.douyinstatic.com/obj/passport-fe/ucenter_fe/@byted/uc-secure-dtrait-core/1.0.31/dist/index.umd.production.js:1
[    2888ms] [WARNING] [JavaScript Warning: "WEBGL_debug_renderer_info is deprecated in Firefox and will be removed. Please use RENDERER." {file: "https://lf-douyin-pc-web.douyinstatic.com/obj/passport-fe/ucenter_fe/@byted/uc-secure-dtrait-core/1.0.31/dist/index.umd.production.js" line: 1}] @ https://lf-douyin-pc-web.douyinstatic.com/obj/passport-fe/ucenter_fe/@byted/uc-secure-dtrait-core/1.0.31/dist/index.umd.production.js:1
[    3070ms] [WARNING] [JavaScript Warning: "WEBGL_debug_renderer_info is deprecated in Firefox and will be removed. Please use RENDERER." {file: "https://lf-douyin-pc-web.douyinstatic.com/obj/douyin-pc-web/ies/douyin_web/async/81708.18085ed3.js" line: 2}] @ https://lf-douyin-pc-web.douyinstatic.com/obj/douyin-pc-web/ies/douyin_web/async/81708.18085ed3.js:2
[    3070ms] [WARNING] [JavaScript Warning: "WEBGL_debug_renderer_info is deprecated in Firefox and will be removed. Please use RENDERER." {file: "https://lf-douyin-pc-web.douyinstatic.com/obj/douyin-pc-web/ies/douyin_web/async/81708.18085ed3.js" line: 2}] @ https://lf-douyin-pc-web.douyinstatic.com/obj/douyin-pc-web/ies/douyin_web/async/81708.18085ed3.js:2
[    3606ms] [WARNING] [JavaScript Warning: "WEBGL_debug_renderer_info is deprecated in Firefox and will be removed. Please use RENDERER." {file: "https://lf-douyin-pc-web.douyinstatic.com/obj/douyin-pc-web/ies/douyin_web/async/81708.18085ed3.js line 2 > Function" line: 3}] @ https://lf-douyin-pc-web.douyinstatic.com/obj/douyin-pc-web/ies/douyin_web/async/81708.18085ed3.js line 2 > Function:3
[    3606ms] [WARNING] [JavaScript Warning: "WEBGL_debug_renderer_info is deprecated in Firefox and will be removed. Please use RENDERER." {file: "https://lf-douyin-pc-web.douyinstatic.com/obj/douyin-pc-web/ies/douyin_web/async/81708.18085ed3.js line 2 > Function" line: 3}] @ https://lf-douyin-pc-web.douyinstatic.com/obj/douyin-pc-web/ies/douyin_web/async/81708.18085ed3.js line 2 > Function:3
[    3641ms] [WARNING] "call" is read-only @ https://lf3-webcast.bytetos.com/obj/webcast-new/recharge_web_vmok/static/js/async/__federation_expose_data.783d5811.js:1
[    4303ms] [WARNING] [JavaScript Warning: "Window.fullScreen attribute is deprecated and will be removed in the future." {file: "https://lf-c-flwb.bytetos.com/obj/rc-client-security/c-webmssdk/1.0.0.20/webmssdk.es5.js" line: 2}] @ https://lf-c-flwb.bytetos.com/obj/rc-client-security/c-webmssdk/1.0.0.20/webmssdk.es5.js:2
[    4303ms] [WARNING] [JavaScript Warning: "onmozfullscreenchange is deprecated." {file: "https://lf-c-flwb.bytetos.com/obj/rc-client-security/c-webmssdk/1.0.0.20/webmssdk.es5.js" line: 2}] @ https://lf-c-flwb.bytetos.com/obj/rc-client-security/c-webmssdk/1.0.0.20/webmssdk.es5.js:2
[    4303ms] [WARNING] [JavaScript Warning: "onmozfullscreenerror is deprecated." {file: "https://lf-c-flwb.bytetos.com/obj/rc-client-security/c-webmssdk/1.0.0.20/webmssdk.es5.js" line: 2}] @ https://lf-c-flwb.bytetos.com/obj/rc-client-security/c-webmssdk/1.0.0.20/webmssdk.es5.js:2
[    4659ms] [WARNING] [JavaScript Warning: "WEBGL_debug_renderer_info is deprecated in Firefox and will be removed. Please use RENDERER." {file: "https://lf-douyin-pc-web.douyinstatic.com/obj/douyin-pc-web/ies/douyin_web/62869.55721506.js" line: 2}] @ https://lf-douyin-pc-web.douyinstatic.com/obj/douyin-pc-web/ies/douyin_web/62869.55721506.js:2
[    4703ms] [WARNING] [JavaScript Warning: "WEBGL_debug_renderer_info is deprecated in Firefox and will be removed. Please use RENDERER." {file: "https://lf-douyin-pc-web.douyinstatic.com/obj/douyin-pc-web/ies/douyin_web/18957.d5dfa9b9.js" line: 2}] @ https://lf-douyin-pc-web.douyinstatic.com/obj/douyin-pc-web/ies/douyin_web/18957.d5dfa9b9.js:2
[    4730ms] [WARNING] [JavaScript Warning: "WEBGL_debug_renderer_info is deprecated in Firefox and will be removed. Please use RENDERER." {file: "https://lf-douyin-pc-web.douyinstatic.com/obj/douyin-pc-web/ies/douyin_web/23135.a9b4f865.js" line: 2}] @ https://lf-douyin-pc-web.douyinstatic.com/obj/douyin-pc-web/ies/douyin_web/23135.a9b4f865.js:2
[   10203ms] [WARNING] [JavaScript Warning: "WEBGL_debug_renderer_info is deprecated in Firefox and will be removed. Please use RENDERER." {file: "https://p-pc-weboff.byteimg.com/tos-cn-i-9r5gewecjs/bdms_1.0.1.19_fix.js" line: 2}] @ https://p-pc-weboff.byteimg.com/tos-cn-i-9r5gewecjs/bdms_1.0.1.19_fix.js:2
[   18701ms] [WARNING] [JavaScript Warning: "WEBGL_debug_renderer_info is deprecated in Firefox and will be removed. Please use RENDERER." {file: "https://p-pc-weboff.byteimg.com/tos-cn-i-9r5gewecjs/bdms_1.0.1.19_fix.js" line: 2}] @ https://p-pc-weboff.byteimg.com/tos-cn-i-9r5gewecjs/bdms_1.0.1.19_fix.js:2
[   18717ms] [WARNING] [JavaScript Warning: "WEBGL_debug_renderer_info is deprecated in Firefox and will be removed. Please use RENDERER." {file: "https://p-pc-weboff.byteimg.com/tos-cn-i-9r5gewecjs/bdms_1.0.1.19_fix.js" line: 2}] @ https://p-pc-weboff.byteimg.com/tos-cn-i-9r5gewecjs/bdms_1.0.1.19_fix.js:2
[  243669ms] [WARNING] [JavaScript Warning: "WEBGL_debug_renderer_info is deprecated in Firefox and will be removed. Please use RENDERER." {file: "https://lf-douyin-pc-web.douyinstatic.com/obj/douyin-pc-web/ies/douyin_web/async/81708.18085ed3.js" line: 2}] @ https://lf-douyin-pc-web.douyinstatic.com/obj/douyin-pc-web/ies/douyin_web/async/81708.18085ed3.js:2
[  243707ms] [WARNING] [JavaScript Warning: "WEBGL_debug_renderer_info is deprecated in Firefox and will be removed. Please use RENDERER." {file: "https://lf-douyin-pc-web.douyinstatic.com/obj/douyin-pc-web/ies/douyin_web/async/81708.18085ed3.js" line: 2}] @ https://lf-douyin-pc-web.douyinstatic.com/obj/douyin-pc-web/ies/douyin_web/async/81708.18085ed3.js:2
[  243960ms] [WARNING] [JavaScript Warning: "WEBGL_debug_renderer_info is deprecated in Firefox and will be removed. Please use RENDERER." {file: "https://lf-douyin-pc-web.douyinstatic.com/obj/douyin-pc-web/ies/douyin_web/async/81708.18085ed3.js line 2 > Function" line: 3}] @ https://lf-douyin-pc-web.douyinstatic.com/obj/douyin-pc-web/ies/douyin_web/async/81708.18085ed3.js line 2 > Function:3
[  243995ms] [WARNING] [JavaScript Warning: "WEBGL_debug_renderer_info is deprecated in Firefox and will be removed. Please use RENDERER." {file: "https://lf-douyin-pc-web.douyinstatic.com/obj/douyin-pc-web/ies/douyin_web/async/81708.18085ed3.js line 2 > Function" line: 3}] @ https://lf-douyin-pc-web.douyinstatic.com/obj/douyin-pc-web/ies/douyin_web/async/81708.18085ed3.js line 2 > Function:3
[  360346ms] [ERROR] [JavaScript Error: "The connection to wss://frontier100-normal.zijieapi.com/ws/v2?device_platform=web&version_code=fws_1.0.0&access_key=5df17c28e427cc63e4c26a89de3fca0d&fpid=971&aid=6383&device_id=7619933632283903497&xsack=0&xaack=0&xsqos=0&qos_sdk_version=2 was interrupted while the page was loading." {file: "https://lf-douyin-pc-web.douyinstatic.com/obj/douyin-pc-web/ies/douyin_web/async/66579.ed0de754.js" line: 2}] @ https://lf-douyin-pc-web.douyinstatic.com/obj/douyin-pc-web/ies/douyin_web/async/66579.ed0de754.js:2
[  390211ms] [ERROR] [JavaScript Error: "The connection to wss://frontier100-normal.zijieapi.com/ws/v2?device_platform=web&version_code=fws_1.0.0&access_key=5df17c28e427cc63e4c26a89de3fca0d&fpid=971&aid=6383&device_id=7619933632283903497&xsack=0&xaack=0&xsqos=0&qos_sdk_version=2 was interrupted while the page was loading." {file: "https://lf-douyin-pc-web.douyinstatic.com/obj/douyin-pc-web/ies/douyin_web/async/66579.ed0de754.js" line: 2}] @ https://lf-douyin-pc-web.douyinstatic.com/obj/douyin-pc-web/ies/douyin_web/async/66579.ed0de754.js:2
[  484056ms] [WARNING] [JavaScript Warning: "WEBGL_debug_renderer_info is deprecated in Firefox and will be removed. Please use RENDERER." {file: "https://lf-douyin-pc-web.douyinstatic.com/obj/douyin-pc-web/ies/douyin_web/async/81708.18085ed3.js" line: 2}] @ https://lf-douyin-pc-web.douyinstatic.com/obj/douyin-pc-web/ies/douyin_web/async/81708.18085ed3.js:2
[  484066ms] [WARNING] [JavaScript Warning: "WEBGL_debug_renderer_info is deprecated in Firefox and will be removed. Please use RENDERER." {file: "https://lf-douyin-pc-web.douyinstatic.com/obj/douyin-pc-web/ies/douyin_web/async/81708.18085ed3.js" line: 2}] @ https://lf-douyin-pc-web.douyinstatic.com/obj/douyin-pc-web/ies/douyin_web/async/81708.18085ed3.js:2
[  484353ms] [WARNING] [JavaScript Warning: "WEBGL_debug_renderer_info is deprecated in Firefox and will be removed. Please use RENDERER." {file: "https://lf-douyin-pc-web.douyinstatic.com/obj/douyin-pc-web/ies/douyin_web/async/81708.18085ed3.js line 2 > Function" line: 3}] @ https://lf-douyin-pc-web.douyinstatic.com/obj/douyin-pc-web/ies/douyin_web/async/81708.18085ed3.js line 2 > Function:3
[  484370ms] [WARNING] [JavaScript Warning: "WEBGL_debug_renderer_info is deprecated in Firefox and will be removed. Please use RENDERER." {file: "https://lf-douyin-pc-web.douyinstatic.com/obj/douyin-pc-web/ies/douyin_web/async/81708.18085ed3.js line 2 > Function" line: 3}] @ https://lf-douyin-pc-web.douyinstatic.com/obj/douyin-pc-web/ies/douyin_web/async/81708.18085ed3.js line 2 > Function:3
[  776623ms] [ERROR] [JavaScript Error: "Cross-Origin Request Blocked: The Same Origin Policy disallows reading the remote resource at https://mcs.zijieapi.com/list?aid=6383&sdk_version=5.1.24_dy. (Reason: CORS request did not succeed). Status code: (null)."] @ :0
[  776624ms] [ERROR] [JavaScript Error: "Cross-Origin Request Blocked: The Same Origin Policy disallows reading the remote resource at https://mcs.zijieapi.com/list?aid=6383&sdk_version=5.1.24_dy. (Reason: CORS request did not succeed). Status code: (null)."] @ :0
[  776624ms] [ERROR] [JavaScript Error: "Cross-Origin Request Blocked: The Same Origin Policy disallows reading the remote resource at https://mcs.zijieapi.com/list?aid=6383&sdk_version=5.1.24_dy. (Reason: CORS request did not succeed). Status code: (null)."] @ :0
[  776624ms] [ERROR] [JavaScript Error: "Cross-Origin Request Blocked: The Same Origin Policy disallows reading the remote resource at https://mcs.zijieapi.com/list?aid=6383&sdk_version=5.1.24_dy. (Reason: CORS request did not succeed). Status code: (null)."] @ :0
[  776625ms] [ERROR] [JavaScript Error: "Cross-Origin Request Blocked: The Same Origin Policy disallows reading the remote resource at https://mcs.zijieapi.com/list?aid=6383&sdk_version=5.1.24_dy. (Reason: CORS request did not succeed). Status code: (null)."] @ :0
[  776625ms] [ERROR] [JavaScript Error: "Cross-Origin Request Blocked: The Same Origin Policy disallows reading the remote resource at https://mcs.zijieapi.com/list?aid=6383&sdk_version=5.1.24_dy. (Reason: CORS request did not succeed). Status code: (null)."] @ :0
[  776625ms] [ERROR] [JavaScript Error: "Cross-Origin Request Blocked: The Same Origin Policy disallows reading the remote resource at https://mcs.zijieapi.com/list?aid=6383&sdk_version=5.1.24_dy. (Reason: CORS request did not succeed). Status code: (null)."] @ :0
[  776625ms] [ERROR] [JavaScript Error: "Cross-Origin Request Blocked: The Same Origin Policy disallows reading the remote resource at https://mcs.zijieapi.com/list?aid=6383&sdk_version=5.1.24_dy. (Reason: CORS request did not succeed). Status code: (null)."] @ :0
[  776625ms] [ERROR] [JavaScript Error: "Cross-Origin Request Blocked: The Same Origin Policy disallows reading the remote resource at https://mcs.zijieapi.com/list?aid=6383&sdk_version=5.1.24_dy. (Reason: CORS request did not succeed). Status code: (null)."] @ :0
[  776625ms] [ERROR] [JavaScript Error: "Cross-Origin Request Blocked: The Same Origin Policy disallows reading the remote resource at https://mcs.zijieapi.com/list?aid=6383&sdk_version=5.1.24_dy. (Reason: CORS request did not succeed). Status code: (null)."] @ :0
[  776626ms] [ERROR] [JavaScript Error: "Cross-Origin Request Blocked: The Same Origin Policy disallows reading the remote resource at https://mcs.zijieapi.com/list?aid=6383&sdk_version=5.1.24_dy. (Reason: CORS request did not succeed). Status code: (null)."] @ :0
[  776626ms] [ERROR] [JavaScript Error: "Cross-Origin Request Blocked: The Same Origin Policy disallows reading the remote resource at https://mcs.zijieapi.com/list?aid=6383&sdk_version=5.1.24_dy. (Reason: CORS request did not succeed). Status code: (null)."] @ :0
[  776626ms] [ERROR] [JavaScript Error: "Cross-Origin Request Blocked: The Same Origin Policy disallows reading the remote resource at https://mcs.zijieapi.com/list?aid=6383&sdk_version=5.1.24_dy. (Reason: CORS request did not succeed). Status code: (null)."] @ :0
[  776626ms] [ERROR] [JavaScript Error: "Cross-Origin Request Blocked: The Same Origin Policy disallows reading the remote resource at https://mcs.zijieapi.com/list?aid=6383&sdk_version=5.1.24_dy. (Reason: CORS request did not succeed). Status code: (null)."] @ :0
[  776627ms] [ERROR] [JavaScript Error: "Cross-Origin Request Blocked: The Same Origin Policy disallows reading the remote resource at https://mcs.zijieapi.com/list?aid=6383&sdk_version=5.1.24_dy. (Reason: CORS request did not succeed). Status code: (null)."] @ :0
[  776628ms] [ERROR] [JavaScript Error: "Cross-Origin Request Blocked: The Same Origin Policy disallows reading the remote resource at https://mcs.zijieapi.com/list?aid=6383&sdk_version=5.1.24_dy. (Reason: CORS request did not succeed). Status code: (null)."] @ :0
[  776629ms] [ERROR] [JavaScript Error: "Cross-Origin Request Blocked: The Same Origin Policy disallows reading the remote resource at https://mcs.zijieapi.com/list?aid=6383&sdk_version=5.1.24_dy. (Reason: CORS request did not succeed). Status code: (null)."] @ :0
[  776630ms] [ERROR] [JavaScript Error: "Cross-Origin Request Blocked: The Same Origin Policy disallows reading the remote resource at https://mcs.zijieapi.com/list?aid=6383&sdk_version=5.1.24_dy. (Reason: CORS request did not succeed). Status code: (null)."] @ :0
[  776630ms] [ERROR] [JavaScript Error: "Cross-Origin Request Blocked: The Same Origin Policy disallows reading the remote resource at https://mcs.zijieapi.com/list?aid=6383&sdk_version=5.1.24_dy. (Reason: CORS request did not succeed). Status code: (null)."] @ :0
[  776631ms] [ERROR] [JavaScript Error: "Cross-Origin Request Blocked: The Same Origin Policy disallows reading the remote resource at https://mcs.zijieapi.com/list?aid=6383&sdk_version=5.1.24_dy. (Reason: CORS request did not succeed). Status code: (null)."] @ :0
[  776631ms] [ERROR] [JavaScript Error: "Cross-Origin Request Blocked: The Same Origin Policy disallows reading the remote resource at https://mcs.zijieapi.com/list?aid=6383&sdk_version=5.1.24_dy. (Reason: CORS request did not succeed). Status code: (null)."] @ :0
[  776632ms] [ERROR] [JavaScript Error: "Cross-Origin Request Blocked: The Same Origin Policy disallows reading the remote resource at https://mcs.zijieapi.com/list?aid=6383&sdk_version=5.1.24_dy. (Reason: CORS request did not succeed). Status code: (null)."] @ :0
[  776632ms] [ERROR] [JavaScript Error: "Cross-Origin Request Blocked: The Same Origin Policy disallows reading the remote resource at https://mcs.zijieapi.com/list?aid=6383&sdk_version=5.1.24_dy. (Reason: CORS request did not succeed). Status code: (null)."] @ :0
[  776632ms] [ERROR] [JavaScript Error: "Cross-Origin Request Blocked: The Same Origin Policy disallows reading the remote resource at https://mcs.zijieapi.com/list?aid=6383&sdk_version=5.1.24_dy. (Reason: CORS request did not succeed). Status code: (null)."] @ :0
[  776632ms] [ERROR] [JavaScript Error: "Cross-Origin Request Blocked: The Same Origin Policy disallows reading the remote resource at https://mcs.zijieapi.com/list?aid=6383&sdk_version=5.1.24_dy. (Reason: CORS request did not succeed). Status code: (null)."] @ :0
[  776632ms] [ERROR] [JavaScript Error: "Cross-Origin Request Blocked: The Same Origin Policy disallows reading the remote resource at https://mcs.zijieapi.com/list?aid=6383&sdk_version=5.1.24_dy. (Reason: CORS request did not succeed). Status code: (null)."] @ :0
[  776632ms] [ERROR] [JavaScript Error: "Cross-Origin Request Blocked: The Same Origin Policy disallows reading the remote resource at https://mcs.zijieapi.com/list?aid=6383&sdk_version=5.1.24_dy. (Reason: CORS request did not succeed). Status code: (null)."] @ :0
[  776632ms] [ERROR] [JavaScript Error: "Cross-Origin Request Blocked: The Same Origin Policy disallows reading the remote resource at https://mcs.zijieapi.com/list?aid=6383&sdk_version=5.1.24_dy. (Reason: CORS request did not succeed). Status code: (null)."] @ :0
[  776632ms] [ERROR] [JavaScript Error: "Cross-Origin Request Blocked: The Same Origin Policy disallows reading the remote resource at https://mcs.zijieapi.com/list?aid=6383&sdk_version=5.1.24_dy. (Reason: CORS request did not succeed). Status code: (null)."] @ :0
[  776632ms] [ERROR] [JavaScript Error: "Cross-Origin Request Blocked: The Same Origin Policy disallows reading the remote resource at https://mcs.zijieapi.com/list?aid=6383&sdk_version=5.1.24_dy. (Reason: CORS request did not succeed). Status code: (null)."] @ :0
[  776632ms] [ERROR] [JavaScript Error: "Cross-Origin Request Blocked: The Same Origin Policy disallows reading the remote resource at https://mcs.zijieapi.com/list?aid=6383&sdk_version=5.1.24_dy. (Reason: CORS request did not succeed). Status code: (null)."] @ :0
[  776632ms] [ERROR] [JavaScript Error: "Cross-Origin Request Blocked: The Same Origin Policy disallows reading the remote resource at https://mcs.zijieapi.com/list?aid=6383&sdk_version=5.1.24_dy. (Reason: CORS request did not succeed). Status code: (null)."] @ :0
[  776632ms] [ERROR] [JavaScript Error: "Cross-Origin Request Blocked: The Same Origin Policy disallows reading the remote resource at https://mcs.zijieapi.com/list?aid=6383&sdk_version=5.1.24_dy. (Reason: CORS request did not succeed). Status code: (null)."] @ :0
[  776633ms] [ERROR] [JavaScript Error: "Cross-Origin Request Blocked: The Same Origin Policy disallows reading the remote resource at https://mcs.zijieapi.com/list?aid=6383&sdk_version=5.1.24_dy. (Reason: CORS request did not succeed). Status code: (null)."] @ :0
[  776633ms] [ERROR] [JavaScript Error: "Cross-Origin Request Blocked: The Same Origin Policy disallows reading the remote resource at https://mcs.zijieapi.com/list?aid=6383&sdk_version=5.1.24_dy. (Reason: CORS request did not succeed). Status code: (null)."] @ :0
[  776633ms] [ERROR] [JavaScript Error: "Cross-Origin Request Blocked: The Same Origin Policy disallows reading the remote resource at https://mcs.zijieapi.com/list?aid=6383&sdk_version=5.1.24_dy. (Reason: CORS request did not succeed). Status code: (null)."] @ :0
[  776633ms] [ERROR] [JavaScript Error: "Cross-Origin Request Blocked: The Same Origin Policy disallows reading the remote resource at https://mcs.zijieapi.com/list?aid=6383&sdk_version=5.1.24_dy. (Reason: CORS request did not succeed). Status code: (null)."] @ :0
