[      36ms] [WARNING] Failed to decode downloaded font: https://docs.oracle.com/iaas/build/870879a1c446ead0d9f2.woff2 @ https://docs.oracle.com/en-us/iaas/Content/API/Concepts/cloudshellintro.htm#Cloud_Shell_Architecture:0
[      36ms] [WARNING] OTS parsing error: invalid sfntVersion: 1702391919 @ https://docs.oracle.com/en-us/iaas/Content/API/Concepts/cloudshellintro.htm#Cloud_Shell_Architecture:0
[      36ms] [WARNING] Failed to decode downloaded font: https://docs.oracle.com/iaas/build/34a458257fd0db74a6a3.woff2 @ https://docs.oracle.com/en-us/iaas/Content/API/Concepts/cloudshellintro.htm#Cloud_Shell_Architecture:0
[      36ms] [WARNING] OTS parsing error: invalid sfntVersion: 1702391919 @ https://docs.oracle.com/en-us/iaas/Content/API/Concepts/cloudshellintro.htm#Cloud_Shell_Architecture:0
[      38ms] [WARNING] Failed to decode downloaded font: https://docs.oracle.com/iaas/build/92be74794ca10fbcdb3d.woff @ https://docs.oracle.com/en-us/iaas/Content/API/Concepts/cloudshellintro.htm#Cloud_Shell_Architecture:0
[      38ms] [WARNING] OTS parsing error: invalid sfntVersion: 1702391919 @ https://docs.oracle.com/en-us/iaas/Content/API/Concepts/cloudshellintro.htm#Cloud_Shell_Architecture:0
[      39ms] [WARNING] Failed to decode downloaded font: https://docs.oracle.com/iaas/build/e28f377bd5fff578ce0e.woff @ https://docs.oracle.com/en-us/iaas/Content/API/Concepts/cloudshellintro.htm#Cloud_Shell_Architecture:0
[      39ms] [WARNING] OTS parsing error: invalid sfntVersion: 1702391919 @ https://docs.oracle.com/en-us/iaas/Content/API/Concepts/cloudshellintro.htm#Cloud_Shell_Architecture:0
[     180ms] [WARNING] Failed to decode downloaded font: https://docs.oracle.com/iaas/build/cfa3bfc4e789c049cee1.woff2 @ https://docs.oracle.com/en-us/iaas/Content/API/Concepts/cloudshellintro.htm#Cloud_Shell_Architecture:0
[     180ms] [WARNING] OTS parsing error: invalid sfntVersion: 1702391919 @ https://docs.oracle.com/en-us/iaas/Content/API/Concepts/cloudshellintro.htm#Cloud_Shell_Architecture:0
[     185ms] [WARNING] Failed to decode downloaded font: https://docs.oracle.com/iaas/build/683a82d7b23df073d22f.woff @ https://docs.oracle.com/en-us/iaas/Content/API/Concepts/cloudshellintro.htm#Cloud_Shell_Architecture:0
[     185ms] [WARNING] OTS parsing error: invalid sfntVersion: 1702391919 @ https://docs.oracle.com/en-us/iaas/Content/API/Concepts/cloudshellintro.htm#Cloud_Shell_Architecture:0
[     238ms] [WARNING] Failed to decode downloaded font: https://docs.oracle.com/iaas/build/cfa3bfc4e789c049cee1.woff2 @ https://docs.oracle.com/en-us/iaas/Content/API/Concepts/cloudshellintro.htm#Cloud_Shell_Architecture:0
[     238ms] [WARNING] OTS parsing error: invalid sfntVersion: 1702391919 @ https://docs.oracle.com/en-us/iaas/Content/API/Concepts/cloudshellintro.htm#Cloud_Shell_Architecture:0
[     238ms] [WARNING] Failed to decode downloaded font: https://docs.oracle.com/iaas/build/683a82d7b23df073d22f.woff @ https://docs.oracle.com/en-us/iaas/Content/API/Concepts/cloudshellintro.htm#Cloud_Shell_Architecture:0
[     238ms] [WARNING] OTS parsing error: invalid sfntVersion: 1702391919 @ https://docs.oracle.com/en-us/iaas/Content/API/Concepts/cloudshellintro.htm#Cloud_Shell_Architecture:0
[     238ms] [WARNING] Failed to decode downloaded font: https://docs.oracle.com/iaas/build/34a458257fd0db74a6a3.woff2 @ https://docs.oracle.com/en-us/iaas/Content/API/Concepts/cloudshellintro.htm#Cloud_Shell_Architecture:0
[     238ms] [WARNING] OTS parsing error: invalid sfntVersion: 1702391919 @ https://docs.oracle.com/en-us/iaas/Content/API/Concepts/cloudshellintro.htm#Cloud_Shell_Architecture:0
[     238ms] [WARNING] Failed to decode downloaded font: https://docs.oracle.com/iaas/build/e28f377bd5fff578ce0e.woff @ https://docs.oracle.com/en-us/iaas/Content/API/Concepts/cloudshellintro.htm#Cloud_Shell_Architecture:0
[     238ms] [WARNING] OTS parsing error: invalid sfntVersion: 1702391919 @ https://docs.oracle.com/en-us/iaas/Content/API/Concepts/cloudshellintro.htm#Cloud_Shell_Architecture:0
[     238ms] [WARNING] Failed to decode downloaded font: https://docs.oracle.com/iaas/build/870879a1c446ead0d9f2.woff2 @ https://docs.oracle.com/en-us/iaas/Content/API/Concepts/cloudshellintro.htm#Cloud_Shell_Architecture:0
[     238ms] [WARNING] OTS parsing error: invalid sfntVersion: 1702391919 @ https://docs.oracle.com/en-us/iaas/Content/API/Concepts/cloudshellintro.htm#Cloud_Shell_Architecture:0
[     238ms] [WARNING] Failed to decode downloaded font: https://docs.oracle.com/iaas/build/92be74794ca10fbcdb3d.woff @ https://docs.oracle.com/en-us/iaas/Content/API/Concepts/cloudshellintro.htm#Cloud_Shell_Architecture:0
[     238ms] [WARNING] OTS parsing error: invalid sfntVersion: 1702391919 @ https://docs.oracle.com/en-us/iaas/Content/API/Concepts/cloudshellintro.htm#Cloud_Shell_Architecture:0
[     241ms] [ERROR] Connecting to 'https://dpm.demdex.net/id?d_visid_ver=4.4.0&d_fieldgroup=AAM&d_rtbd=json&d_ver=2&d_orgid=93263704532955710A490D44%40AdobeOrg&d_nsid=0&d_mid=25757356186324348191164379795006202965&d_blob=6G1ynYcLPuiQxYZrsz_pkqfLG9yMXBpb2zX5dvJdYQJzPXImdj0y&ts=1774692323361' violates the following Content Security Policy directive: "connect-src 'self' *.truste.com *.trustarc.com *.psn-pco.it *.nricloud.jp *.sovereigncloud.nz *.jpsovereigncloud.jp *.thaiaiscloud.com *.dutechcloud.ae *.stccloud.com *.opencanvas.jp *.portalclarocco.com.br *.svcl.jp *.eonecloud.com sitecatalyst.omniture.com feedback.us-phoenix-1.oci.oraclecloud.com feedback-dev.us-phoenix-1.oci.oraclecloud.com *.cloud.oracle.com console.r1.oracleiaas.com". The action has been blocked. @ https://www.oracleimg.com/us/assets/metrics/ora_code.js:7
[     246ms] [ERROR] Loading the font 'https://consent.trustarc.com/get?name=SourceSansPro-Regular.ttf' violates the following Content Security Policy directive: "font-src 'self' https://maxcdn.bootstrapcdn.com". The action has been blocked. @ https://consent.trustarc.com/asset/notice.js/v/v1.7-8549:16
[     246ms] [ERROR] Loading the font 'https://consent.trustarc.com/get?name=SourceSansPro-Regular.woff' violates the following Content Security Policy directive: "font-src 'self' https://maxcdn.bootstrapcdn.com". The action has been blocked. @ https://consent.trustarc.com/asset/notice.js/v/v1.7-8549:16
[     246ms] [ERROR] Loading the font 'https://consent.trustarc.com/get?name=SourceSansPro-Regular.otf' violates the following Content Security Policy directive: "font-src 'self' https://maxcdn.bootstrapcdn.com". The action has been blocked. @ https://consent.trustarc.com/asset/notice.js/v/v1.7-8549:16
[     246ms] [WARNING] Failed to decode downloaded font: https://docs.oracle.com/iaas/build/cfa3bfc4e789c049cee1.woff2 @ https://consent.trustarc.com/asset/notice.js/v/v1.7-8549:16
[     246ms] [WARNING] OTS parsing error: invalid sfntVersion: 1702391919 @ https://consent.trustarc.com/asset/notice.js/v/v1.7-8549:16
[     246ms] [WARNING] Failed to decode downloaded font: https://docs.oracle.com/iaas/build/683a82d7b23df073d22f.woff @ https://consent.trustarc.com/asset/notice.js/v/v1.7-8549:16
[     246ms] [WARNING] OTS parsing error: invalid sfntVersion: 1702391919 @ https://consent.trustarc.com/asset/notice.js/v/v1.7-8549:16
[     246ms] [WARNING] Failed to decode downloaded font: https://docs.oracle.com/iaas/build/34a458257fd0db74a6a3.woff2 @ https://consent.trustarc.com/asset/notice.js/v/v1.7-8549:16
[     246ms] [WARNING] OTS parsing error: invalid sfntVersion: 1702391919 @ https://consent.trustarc.com/asset/notice.js/v/v1.7-8549:16
[     246ms] [WARNING] Failed to decode downloaded font: https://docs.oracle.com/iaas/build/e28f377bd5fff578ce0e.woff @ https://consent.trustarc.com/asset/notice.js/v/v1.7-8549:16
[     246ms] [WARNING] OTS parsing error: invalid sfntVersion: 1702391919 @ https://consent.trustarc.com/asset/notice.js/v/v1.7-8549:16
[     246ms] [WARNING] Failed to decode downloaded font: https://docs.oracle.com/iaas/build/870879a1c446ead0d9f2.woff2 @ https://consent.trustarc.com/asset/notice.js/v/v1.7-8549:16
[     246ms] [WARNING] OTS parsing error: invalid sfntVersion: 1702391919 @ https://consent.trustarc.com/asset/notice.js/v/v1.7-8549:16
[     246ms] [WARNING] Failed to decode downloaded font: https://docs.oracle.com/iaas/build/92be74794ca10fbcdb3d.woff @ https://consent.trustarc.com/asset/notice.js/v/v1.7-8549:16
[     246ms] [WARNING] OTS parsing error: invalid sfntVersion: 1702391919 @ https://consent.trustarc.com/asset/notice.js/v/v1.7-8549:16
[     247ms] [WARNING] Failed to decode downloaded font: https://docs.oracle.com/iaas/build/cfa3bfc4e789c049cee1.woff2 @ https://docs.oracle.com/en-us/iaas/Content/API/Concepts/cloudshellintro.htm#Cloud_Shell_Architecture:0
[     247ms] [WARNING] OTS parsing error: invalid sfntVersion: 1702391919 @ https://docs.oracle.com/en-us/iaas/Content/API/Concepts/cloudshellintro.htm#Cloud_Shell_Architecture:0
[     247ms] [WARNING] Failed to decode downloaded font: https://docs.oracle.com/iaas/build/683a82d7b23df073d22f.woff @ https://docs.oracle.com/en-us/iaas/Content/API/Concepts/cloudshellintro.htm#Cloud_Shell_Architecture:0
[     247ms] [WARNING] OTS parsing error: invalid sfntVersion: 1702391919 @ https://docs.oracle.com/en-us/iaas/Content/API/Concepts/cloudshellintro.htm#Cloud_Shell_Architecture:0
[     247ms] [WARNING] Failed to decode downloaded font: https://docs.oracle.com/iaas/build/34a458257fd0db74a6a3.woff2 @ https://docs.oracle.com/en-us/iaas/Content/API/Concepts/cloudshellintro.htm#Cloud_Shell_Architecture:0
[     247ms] [WARNING] OTS parsing error: invalid sfntVersion: 1702391919 @ https://docs.oracle.com/en-us/iaas/Content/API/Concepts/cloudshellintro.htm#Cloud_Shell_Architecture:0
[     247ms] [WARNING] Failed to decode downloaded font: https://docs.oracle.com/iaas/build/e28f377bd5fff578ce0e.woff @ https://docs.oracle.com/en-us/iaas/Content/API/Concepts/cloudshellintro.htm#Cloud_Shell_Architecture:0
[     247ms] [WARNING] OTS parsing error: invalid sfntVersion: 1702391919 @ https://docs.oracle.com/en-us/iaas/Content/API/Concepts/cloudshellintro.htm#Cloud_Shell_Architecture:0
[     247ms] [WARNING] Failed to decode downloaded font: https://docs.oracle.com/iaas/build/870879a1c446ead0d9f2.woff2 @ https://docs.oracle.com/en-us/iaas/Content/API/Concepts/cloudshellintro.htm#Cloud_Shell_Architecture:0
[     247ms] [WARNING] OTS parsing error: invalid sfntVersion: 1702391919 @ https://docs.oracle.com/en-us/iaas/Content/API/Concepts/cloudshellintro.htm#Cloud_Shell_Architecture:0
[     247ms] [WARNING] Failed to decode downloaded font: https://docs.oracle.com/iaas/build/92be74794ca10fbcdb3d.woff @ https://docs.oracle.com/en-us/iaas/Content/API/Concepts/cloudshellintro.htm#Cloud_Shell_Architecture:0
[     247ms] [WARNING] OTS parsing error: invalid sfntVersion: 1702391919 @ https://docs.oracle.com/en-us/iaas/Content/API/Concepts/cloudshellintro.htm#Cloud_Shell_Architecture:0
[    2429ms] [ERROR] Connecting to 'https://dc.oracleinfinity.io/v4/account/wh3g12c3gg/client/id' violates the following Content Security Policy directive: "connect-src 'self' *.truste.com *.trustarc.com *.psn-pco.it *.nricloud.jp *.sovereigncloud.nz *.jpsovereigncloud.jp *.thaiaiscloud.com *.dutechcloud.ae *.stccloud.com *.opencanvas.jp *.portalclarocco.com.br *.svcl.jp *.eonecloud.com sitecatalyst.omniture.com feedback.us-phoenix-1.oci.oraclecloud.com feedback-dev.us-phoenix-1.oci.oraclecloud.com *.cloud.oracle.com console.r1.oracleiaas.com". The action has been blocked. @ https://d.oracleinfinity.io/infy/acs/common/js/1.3.52/common.js:44
