[     130ms] [ERROR] Connecting to 'https://www.google.com.tw/ads/ga-audiences?v=1&t=sr&slf_rd=1&_r=4&tid=G-F2ESR8Q1JF&cid=810526972.1775141089&gtm=45je63v0v889416730za200zd889416730&aip=1&dma=0&gcd=13l3l3l3l1l1&npa=0&frm=0&tag_exp=0~115938465~115938469~116363098~116991816&z=732312617' violates the following Content Security Policy directive: "connect-src 'self' *.useinsider.com FrontendAPI-ggazgncacwcqc8bt.z01.azurefd.net loginapi-c6gnd0a7fefsh3ha.z01.azurefd.net frontAPItest-dadrbagufza9hka7.z01.azurefd.net login4test-bfcjard3dtewf8hd.z01.azurefd.net www.google-analytics.com s.yimg.com *.doubleclick.net *.google.com *.facebook.com bat.bing.com *.ai-ad.net.tw accounts.google.com/gsi/ api.line.me/oauth2/v2.1/ asia-east1-chichat-cat.cloudfunctions.net *.chichat.tw pixel-api.scupio.com/ c3po.aotter.net *.creativecdn.com *.taboola.com *.appier.net *.criteo.com *.criteo.net *.awoo.org *.youtube.com u-dsp.vpadn.com ids-dmp.vpadn.com c-dsp.vpon.com api.tigerfly.tw *.popin.cc *.rixbeedesk.com auto-load-balancer.likr.com.tw auto-load-balancer.likr.tw auto-satellite.advividnetwork.com avivid.likr.tw www.gstatic.com kinesis.ap-southeast-1.amazonaws.com objectstorage.ap-tokyo-1.oraclecloud.com t.ssp.hinet.net tls-ap-southeast-1.bytepluses.com rhea-cache.advividnetwork.com *.googleapis.com *.clarity.ms". The action has been blocked. @ https://www.nitori-net.tw/product/4011370:0
[     132ms] [LOG] trigger_leave_storage @ https://rhea-cache.advividnetwork.com/tracker/event_tracker_gtm.js:1544
[     242ms] TypeError: Cannot read properties of null (reading '1')
    at <anonymous>:1:64
    at <anonymous>:1:298
    at https://www.googletagmanager.com/gtm.js?id=GTM-5B6S3Z5:995:429
    at SQ (https://www.googletagmanager.com/gtm.js?id=GTM-5B6S3Z5:997:31)
    at Kd.RQ (https://www.googletagmanager.com/gtm.js?id=GTM-5B6S3Z5:994:92)
    at Kd.<anonymous> (https://www.googletagmanager.com/gtm.js?id=GTM-5B6S3Z5:389:187)
    at Ld.apply (https://www.googletagmanager.com/gtm.js?id=GTM-5B6S3Z5:315:466)
    at eb (https://www.googletagmanager.com/gtm.js?id=GTM-5B6S3Z5:279:719)
    at db (https://www.googletagmanager.com/gtm.js?id=GTM-5B6S3Z5:279:470)
    at Kd.<anonymous> (https://www.googletagmanager.com/gtm.js?id=GTM-5B6S3Z5:339:473)
[     249ms] [LOG] LINE BaseCode @ :0
[     263ms] [WARNING] <meta name="apple-mobile-web-app-capable" content="yes"> is deprecated. Please include <meta name="mobile-web-app-capable" content="yes"> @ https://www.nitori-net.tw/category/2010/list?sort=price_asc&max_price=3000:0
[     267ms] [LOG] Preload CSS injected @ https://cdn.chichat.tw/clients/c7ac82b9-beb6-45f4-8d45-62e807f1ec9a/public/scripts/script.js:40
[     299ms] [LOG] ***[error] paraArray['txid'] is null @ https://adc.tamedia.com.tw/tr/pixel.js:0
[     300ms] [LOG] ***[error] parse queryString fail. [@parseUrl()] @ https://adc.tamedia.com.tw/tr/pixel.js:0
[     335ms] [LOG] document.browsingTopics() is supported @ https://adc.tamedia.com.tw/idg/topics/topics.html:12
[     336ms] [LOG] Called from in iframe:  <br> Number of topics:
							0  <br>  current time: Thu Apr 02 2026 22:46:15 GMT+0800 (台北標準時間) @ https://adc.tamedia.com.tw/idg/topics/topics.html:35
[     834ms] [LOG] MessagingService @ :35
[     848ms] [LOG] Notification permission denied. @ :79
[     898ms] [LOG] [UUID] 本地已有有效 Cookie，跳過伺服器請求： bec9691d-4581-48cd-b67e-3a7680a72839 @ https://avivid.likr.tw/api/ios_water_webpush_v21.js:4786
[     903ms] [WARNING] An iframe which has both allow-scripts and allow-same-origin for its sandbox attribute can escape its sandboxing. @ https://static.aottercdn.com/trek/sdk/3.5.4/sdk.js:1
[    1094ms] [LOG] trigger load @ https://rhea-cache.advividnetwork.com/tracker/event_tracker_gtm.js:708
[    1095ms] [LOG] trigger leave @ https://rhea-cache.advividnetwork.com/tracker/event_tracker_gtm.js:1533
[    1095ms] [LOG] trigger member @ https://rhea-cache.advividnetwork.com/tracker/event_tracker_gtm.js:902
[    2183ms] [LOG] [track] pid not found @ https://api.ai-ad.net.tw/aiad/public/productfeed/track.js?v=1775141175039:63
