[    9818ms] [WARNING] Warning: fragment with name SearchResultItemFragment already exists.
graphql-tag enforces all fragment names across your application to be unique; read more about
this in the docs: http://dev.apollodata.com/core/fragments.html#unique-names @ https://www.rakuten.com.tw/assets/webpack/navigation-bundle.js?t=a5uzthuy6wb:1
[    9841ms] [WARNING] Warning: fragment with name CampaignRootFragment already exists.
graphql-tag enforces all fragment names across your application to be unique; read more about
this in the docs: http://dev.apollodata.com/core/fragments.html#unique-names @ https://www.rakuten.com.tw/assets/webpack/navigation-bundle.js?t=a5uzthuy6wb:1
[   10094ms] Error: Minified React error #418; visit https://reactjs.org/docs/error-decoder.html?invariant=418 for the full message or use the non-minified dev environment for full errors and additional helpful warnings.
    at ua (https://www.rakuten.com.tw/assets/webpack/navigation-bundle.js?t=a5uzthuy6wb:2:1440326)
    at Os (https://www.rakuten.com.tw/assets/webpack/navigation-bundle.js?t=a5uzthuy6wb:2:1513419)
    at Ec (https://www.rakuten.com.tw/assets/webpack/navigation-bundle.js?t=a5uzthuy6wb:2:1500723)
    at vc (https://www.rakuten.com.tw/assets/webpack/navigation-bundle.js?t=a5uzthuy6wb:2:1500651)
    at mc (https://www.rakuten.com.tw/assets/webpack/navigation-bundle.js?t=a5uzthuy6wb:2:1500514)
    at nc (https://www.rakuten.com.tw/assets/webpack/navigation-bundle.js?t=a5uzthuy6wb:2:1495650)
    at O (https://www.rakuten.com.tw/assets/webpack/navigation-bundle.js?t=a5uzthuy6wb:2:1613363)
    at MessagePort.N (https://www.rakuten.com.tw/assets/webpack/navigation-bundle.js?t=a5uzthuy6wb:2:1613895)
[   10094ms] Error: Minified React error #418; visit https://reactjs.org/docs/error-decoder.html?invariant=418 for the full message or use the non-minified dev environment for full errors and additional helpful warnings.
    at ua (https://www.rakuten.com.tw/assets/webpack/navigation-bundle.js?t=a5uzthuy6wb:2:1440326)
    at Os (https://www.rakuten.com.tw/assets/webpack/navigation-bundle.js?t=a5uzthuy6wb:2:1513419)
    at Ec (https://www.rakuten.com.tw/assets/webpack/navigation-bundle.js?t=a5uzthuy6wb:2:1500723)
    at vc (https://www.rakuten.com.tw/assets/webpack/navigation-bundle.js?t=a5uzthuy6wb:2:1500651)
    at mc (https://www.rakuten.com.tw/assets/webpack/navigation-bundle.js?t=a5uzthuy6wb:2:1500514)
    at nc (https://www.rakuten.com.tw/assets/webpack/navigation-bundle.js?t=a5uzthuy6wb:2:1495650)
    at O (https://www.rakuten.com.tw/assets/webpack/navigation-bundle.js?t=a5uzthuy6wb:2:1613363)
    at MessagePort.N (https://www.rakuten.com.tw/assets/webpack/navigation-bundle.js?t=a5uzthuy6wb:2:1613895)
[   10094ms] Error: Minified React error #418; visit https://reactjs.org/docs/error-decoder.html?invariant=418 for the full message or use the non-minified dev environment for full errors and additional helpful warnings.
    at ua (https://www.rakuten.com.tw/assets/webpack/navigation-bundle.js?t=a5uzthuy6wb:2:1440326)
    at Os (https://www.rakuten.com.tw/assets/webpack/navigation-bundle.js?t=a5uzthuy6wb:2:1513419)
    at Ec (https://www.rakuten.com.tw/assets/webpack/navigation-bundle.js?t=a5uzthuy6wb:2:1500723)
    at vc (https://www.rakuten.com.tw/assets/webpack/navigation-bundle.js?t=a5uzthuy6wb:2:1500651)
    at mc (https://www.rakuten.com.tw/assets/webpack/navigation-bundle.js?t=a5uzthuy6wb:2:1500514)
    at nc (https://www.rakuten.com.tw/assets/webpack/navigation-bundle.js?t=a5uzthuy6wb:2:1495650)
    at O (https://www.rakuten.com.tw/assets/webpack/navigation-bundle.js?t=a5uzthuy6wb:2:1613363)
    at MessagePort.N (https://www.rakuten.com.tw/assets/webpack/navigation-bundle.js?t=a5uzthuy6wb:2:1613895)
[   10094ms] Error: Minified React error #418; visit https://reactjs.org/docs/error-decoder.html?invariant=418 for the full message or use the non-minified dev environment for full errors and additional helpful warnings.
    at ua (https://www.rakuten.com.tw/assets/webpack/navigation-bundle.js?t=a5uzthuy6wb:2:1440326)
    at Os (https://www.rakuten.com.tw/assets/webpack/navigation-bundle.js?t=a5uzthuy6wb:2:1513419)
    at Ec (https://www.rakuten.com.tw/assets/webpack/navigation-bundle.js?t=a5uzthuy6wb:2:1500723)
    at vc (https://www.rakuten.com.tw/assets/webpack/navigation-bundle.js?t=a5uzthuy6wb:2:1500651)
    at mc (https://www.rakuten.com.tw/assets/webpack/navigation-bundle.js?t=a5uzthuy6wb:2:1500514)
    at nc (https://www.rakuten.com.tw/assets/webpack/navigation-bundle.js?t=a5uzthuy6wb:2:1495650)
    at O (https://www.rakuten.com.tw/assets/webpack/navigation-bundle.js?t=a5uzthuy6wb:2:1613363)
    at MessagePort.N (https://www.rakuten.com.tw/assets/webpack/navigation-bundle.js?t=a5uzthuy6wb:2:1613895)
[   10094ms] Error: Minified React error #418; visit https://reactjs.org/docs/error-decoder.html?invariant=418 for the full message or use the non-minified dev environment for full errors and additional helpful warnings.
    at ua (https://www.rakuten.com.tw/assets/webpack/navigation-bundle.js?t=a5uzthuy6wb:2:1440326)
    at Os (https://www.rakuten.com.tw/assets/webpack/navigation-bundle.js?t=a5uzthuy6wb:2:1513419)
    at Ec (https://www.rakuten.com.tw/assets/webpack/navigation-bundle.js?t=a5uzthuy6wb:2:1500723)
    at vc (https://www.rakuten.com.tw/assets/webpack/navigation-bundle.js?t=a5uzthuy6wb:2:1500651)
    at mc (https://www.rakuten.com.tw/assets/webpack/navigation-bundle.js?t=a5uzthuy6wb:2:1500514)
    at nc (https://www.rakuten.com.tw/assets/webpack/navigation-bundle.js?t=a5uzthuy6wb:2:1495650)
    at O (https://www.rakuten.com.tw/assets/webpack/navigation-bundle.js?t=a5uzthuy6wb:2:1613363)
    at MessagePort.N (https://www.rakuten.com.tw/assets/webpack/navigation-bundle.js?t=a5uzthuy6wb:2:1613895)
[   10094ms] Error: Minified React error #418; visit https://reactjs.org/docs/error-decoder.html?invariant=418 for the full message or use the non-minified dev environment for full errors and additional helpful warnings.
    at ua (https://www.rakuten.com.tw/assets/webpack/navigation-bundle.js?t=a5uzthuy6wb:2:1440326)
    at Os (https://www.rakuten.com.tw/assets/webpack/navigation-bundle.js?t=a5uzthuy6wb:2:1513419)
    at Ec (https://www.rakuten.com.tw/assets/webpack/navigation-bundle.js?t=a5uzthuy6wb:2:1500723)
    at vc (https://www.rakuten.com.tw/assets/webpack/navigation-bundle.js?t=a5uzthuy6wb:2:1500651)
    at mc (https://www.rakuten.com.tw/assets/webpack/navigation-bundle.js?t=a5uzthuy6wb:2:1500514)
    at nc (https://www.rakuten.com.tw/assets/webpack/navigation-bundle.js?t=a5uzthuy6wb:2:1495650)
    at O (https://www.rakuten.com.tw/assets/webpack/navigation-bundle.js?t=a5uzthuy6wb:2:1613363)
    at MessagePort.N (https://www.rakuten.com.tw/assets/webpack/navigation-bundle.js?t=a5uzthuy6wb:2:1613895)
[   10094ms] Error: Minified React error #418; visit https://reactjs.org/docs/error-decoder.html?invariant=418 for the full message or use the non-minified dev environment for full errors and additional helpful warnings.
    at ua (https://www.rakuten.com.tw/assets/webpack/navigation-bundle.js?t=a5uzthuy6wb:2:1440326)
    at Os (https://www.rakuten.com.tw/assets/webpack/navigation-bundle.js?t=a5uzthuy6wb:2:1513419)
    at Ec (https://www.rakuten.com.tw/assets/webpack/navigation-bundle.js?t=a5uzthuy6wb:2:1500723)
    at vc (https://www.rakuten.com.tw/assets/webpack/navigation-bundle.js?t=a5uzthuy6wb:2:1500651)
    at mc (https://www.rakuten.com.tw/assets/webpack/navigation-bundle.js?t=a5uzthuy6wb:2:1500514)
    at nc (https://www.rakuten.com.tw/assets/webpack/navigation-bundle.js?t=a5uzthuy6wb:2:1495650)
    at O (https://www.rakuten.com.tw/assets/webpack/navigation-bundle.js?t=a5uzthuy6wb:2:1613363)
    at MessagePort.N (https://www.rakuten.com.tw/assets/webpack/navigation-bundle.js?t=a5uzthuy6wb:2:1613895)
[   10094ms] Error: Minified React error #418; visit https://reactjs.org/docs/error-decoder.html?invariant=418 for the full message or use the non-minified dev environment for full errors and additional helpful warnings.
    at ua (https://www.rakuten.com.tw/assets/webpack/navigation-bundle.js?t=a5uzthuy6wb:2:1440326)
    at Os (https://www.rakuten.com.tw/assets/webpack/navigation-bundle.js?t=a5uzthuy6wb:2:1513419)
    at Ec (https://www.rakuten.com.tw/assets/webpack/navigation-bundle.js?t=a5uzthuy6wb:2:1500723)
    at vc (https://www.rakuten.com.tw/assets/webpack/navigation-bundle.js?t=a5uzthuy6wb:2:1500651)
    at mc (https://www.rakuten.com.tw/assets/webpack/navigation-bundle.js?t=a5uzthuy6wb:2:1500514)
    at nc (https://www.rakuten.com.tw/assets/webpack/navigation-bundle.js?t=a5uzthuy6wb:2:1495650)
    at O (https://www.rakuten.com.tw/assets/webpack/navigation-bundle.js?t=a5uzthuy6wb:2:1613363)
    at MessagePort.N (https://www.rakuten.com.tw/assets/webpack/navigation-bundle.js?t=a5uzthuy6wb:2:1613895)
[   10094ms] Error: Minified React error #418; visit https://reactjs.org/docs/error-decoder.html?invariant=418 for the full message or use the non-minified dev environment for full errors and additional helpful warnings.
    at ua (https://www.rakuten.com.tw/assets/webpack/navigation-bundle.js?t=a5uzthuy6wb:2:1440326)
    at Os (https://www.rakuten.com.tw/assets/webpack/navigation-bundle.js?t=a5uzthuy6wb:2:1513419)
    at Ec (https://www.rakuten.com.tw/assets/webpack/navigation-bundle.js?t=a5uzthuy6wb:2:1500723)
    at vc (https://www.rakuten.com.tw/assets/webpack/navigation-bundle.js?t=a5uzthuy6wb:2:1500651)
    at mc (https://www.rakuten.com.tw/assets/webpack/navigation-bundle.js?t=a5uzthuy6wb:2:1500514)
    at nc (https://www.rakuten.com.tw/assets/webpack/navigation-bundle.js?t=a5uzthuy6wb:2:1495650)
    at O (https://www.rakuten.com.tw/assets/webpack/navigation-bundle.js?t=a5uzthuy6wb:2:1613363)
    at MessagePort.N (https://www.rakuten.com.tw/assets/webpack/navigation-bundle.js?t=a5uzthuy6wb:2:1613895)
[   10094ms] Error: Minified React error #418; visit https://reactjs.org/docs/error-decoder.html?invariant=418 for the full message or use the non-minified dev environment for full errors and additional helpful warnings.
    at ua (https://www.rakuten.com.tw/assets/webpack/navigation-bundle.js?t=a5uzthuy6wb:2:1440326)
    at Os (https://www.rakuten.com.tw/assets/webpack/navigation-bundle.js?t=a5uzthuy6wb:2:1513419)
    at Ec (https://www.rakuten.com.tw/assets/webpack/navigation-bundle.js?t=a5uzthuy6wb:2:1500723)
    at vc (https://www.rakuten.com.tw/assets/webpack/navigation-bundle.js?t=a5uzthuy6wb:2:1500651)
    at mc (https://www.rakuten.com.tw/assets/webpack/navigation-bundle.js?t=a5uzthuy6wb:2:1500514)
    at nc (https://www.rakuten.com.tw/assets/webpack/navigation-bundle.js?t=a5uzthuy6wb:2:1495650)
    at O (https://www.rakuten.com.tw/assets/webpack/navigation-bundle.js?t=a5uzthuy6wb:2:1613363)
    at MessagePort.N (https://www.rakuten.com.tw/assets/webpack/navigation-bundle.js?t=a5uzthuy6wb:2:1613895)
[   10094ms] Error: Minified React error #418; visit https://reactjs.org/docs/error-decoder.html?invariant=418 for the full message or use the non-minified dev environment for full errors and additional helpful warnings.
    at ua (https://www.rakuten.com.tw/assets/webpack/navigation-bundle.js?t=a5uzthuy6wb:2:1440326)
    at Os (https://www.rakuten.com.tw/assets/webpack/navigation-bundle.js?t=a5uzthuy6wb:2:1513419)
    at Ec (https://www.rakuten.com.tw/assets/webpack/navigation-bundle.js?t=a5uzthuy6wb:2:1500723)
    at vc (https://www.rakuten.com.tw/assets/webpack/navigation-bundle.js?t=a5uzthuy6wb:2:1500651)
    at mc (https://www.rakuten.com.tw/assets/webpack/navigation-bundle.js?t=a5uzthuy6wb:2:1500514)
    at nc (https://www.rakuten.com.tw/assets/webpack/navigation-bundle.js?t=a5uzthuy6wb:2:1495650)
    at O (https://www.rakuten.com.tw/assets/webpack/navigation-bundle.js?t=a5uzthuy6wb:2:1613363)
    at MessagePort.N (https://www.rakuten.com.tw/assets/webpack/navigation-bundle.js?t=a5uzthuy6wb:2:1613895)
[   10094ms] Error: Minified React error #418; visit https://reactjs.org/docs/error-decoder.html?invariant=418 for the full message or use the non-minified dev environment for full errors and additional helpful warnings.
    at ua (https://www.rakuten.com.tw/assets/webpack/navigation-bundle.js?t=a5uzthuy6wb:2:1440326)
    at Os (https://www.rakuten.com.tw/assets/webpack/navigation-bundle.js?t=a5uzthuy6wb:2:1513419)
    at Ec (https://www.rakuten.com.tw/assets/webpack/navigation-bundle.js?t=a5uzthuy6wb:2:1500723)
    at vc (https://www.rakuten.com.tw/assets/webpack/navigation-bundle.js?t=a5uzthuy6wb:2:1500651)
    at mc (https://www.rakuten.com.tw/assets/webpack/navigation-bundle.js?t=a5uzthuy6wb:2:1500514)
    at nc (https://www.rakuten.com.tw/assets/webpack/navigation-bundle.js?t=a5uzthuy6wb:2:1495650)
    at O (https://www.rakuten.com.tw/assets/webpack/navigation-bundle.js?t=a5uzthuy6wb:2:1613363)
    at MessagePort.N (https://www.rakuten.com.tw/assets/webpack/navigation-bundle.js?t=a5uzthuy6wb:2:1613895)
[   10094ms] Error: Minified React error #418; visit https://reactjs.org/docs/error-decoder.html?invariant=418 for the full message or use the non-minified dev environment for full errors and additional helpful warnings.
    at ua (https://www.rakuten.com.tw/assets/webpack/navigation-bundle.js?t=a5uzthuy6wb:2:1440326)
    at Os (https://www.rakuten.com.tw/assets/webpack/navigation-bundle.js?t=a5uzthuy6wb:2:1513419)
    at Ec (https://www.rakuten.com.tw/assets/webpack/navigation-bundle.js?t=a5uzthuy6wb:2:1500723)
    at vc (https://www.rakuten.com.tw/assets/webpack/navigation-bundle.js?t=a5uzthuy6wb:2:1500651)
    at mc (https://www.rakuten.com.tw/assets/webpack/navigation-bundle.js?t=a5uzthuy6wb:2:1500514)
    at nc (https://www.rakuten.com.tw/assets/webpack/navigation-bundle.js?t=a5uzthuy6wb:2:1495650)
    at O (https://www.rakuten.com.tw/assets/webpack/navigation-bundle.js?t=a5uzthuy6wb:2:1613363)
    at MessagePort.N (https://www.rakuten.com.tw/assets/webpack/navigation-bundle.js?t=a5uzthuy6wb:2:1613895)
[   10094ms] Error: Minified React error #423; visit https://reactjs.org/docs/error-decoder.html?invariant=423 for the full message or use the non-minified dev environment for full errors and additional helpful warnings.
    at Os (https://www.rakuten.com.tw/assets/webpack/navigation-bundle.js?t=a5uzthuy6wb:2:1513105)
    at Ec (https://www.rakuten.com.tw/assets/webpack/navigation-bundle.js?t=a5uzthuy6wb:2:1500723)
    at vc (https://www.rakuten.com.tw/assets/webpack/navigation-bundle.js?t=a5uzthuy6wb:2:1500651)
    at mc (https://www.rakuten.com.tw/assets/webpack/navigation-bundle.js?t=a5uzthuy6wb:2:1500514)
    at oc (https://www.rakuten.com.tw/assets/webpack/navigation-bundle.js?t=a5uzthuy6wb:2:1497321)
    at nc (https://www.rakuten.com.tw/assets/webpack/navigation-bundle.js?t=a5uzthuy6wb:2:1495876)
    at O (https://www.rakuten.com.tw/assets/webpack/navigation-bundle.js?t=a5uzthuy6wb:2:1613363)
    at MessagePort.N (https://www.rakuten.com.tw/assets/webpack/navigation-bundle.js?t=a5uzthuy6wb:2:1613895)
[   10128ms] [WARNING] Target DOM with id "item-purchase-cta" not found. @ https://www.rakuten.com.tw/assets/webpack/navigation-bundle.js?t=a5uzthuy6wb:1
[   10166ms] [LOG] GTM Script: No valid rpc data found for image insertion, or imageUrl is missing. @ :1
[   10195ms] [LOG] commonParam:  {pubId: rakuten_srp, slotId: 1170x294, category: , iframeFullWidth: true, extraParams: Object} @ https://ad.sitemaji.com/ysm_rakutenfsa.js:0
[   10288ms] [WARNING] [Meta Pixel] - Duplicate Pixel ID: 183778785452057. @ https://connect.facebook.net/en_US/fbevents.js:177
[   10321ms] Uncaught [object Object]
    at error (https://www.googletagmanager.com/gtm.js?id=GTM-N72TJV:195:503)
    at onerror (https://www.googletagmanager.com/gtm.js?id=GTM-N72TJV:203:44)
[   10322ms] Uncaught [object Object]
    at error (https://www.googletagmanager.com/gtm.js?id=GTM-N72TJV:195:503)
    at <anonymous> (https://www.googletagmanager.com/gtm.js?id=GTM-N72TJV:204:160)
[   10789ms] [WARNING] [GPT] Attempted to load GPT from both standard and limited ads domains.
https://goo.gle/gpt-message#153 @ https://securepubads.g.doubleclick.net/pagead/managed/js/gpt/m202604020101/pubads_impl.js?cb=31097618:18
