[     243ms] [WARNING] Mixed Content: The page at 'https://mius.shop.rakuten.tw/gold/' was loaded over HTTPS, but requested an insecure element 'http://bit.ly/10lqeLg'. This request was automatically upgraded to HTTPS, For more information see https://blog.chromium.org/2019/10/no-more-mixed-messages-about-https.html @ https://mius.shop.rakuten.tw/gold/:0
[     247ms] [WARNING] Mixed Content: The page at 'https://mius.shop.rakuten.tw/gold/' was loaded over HTTPS, but requested an insecure element 'http://bit.ly/10lqeLg'. This request was automatically upgraded to HTTPS, For more information see https://blog.chromium.org/2019/10/no-more-mixed-messages-about-https.html @ https://mius.shop.rakuten.tw/gold/:113
[     446ms] [ERROR] Failed to load resource: the server responded with a status of 403 () @ https://shop.r10s.com/00c981a0-ec8c-11e4-8ba2-005056ae57f4/upload/102-0604/0607-R-N.jpg:0
[     451ms] [ERROR] Failed to load resource: the server responded with a status of 403 () @ https://shop.r10s.com/00c981a0-ec8c-11e4-8ba2-005056ae57f4/upload/102-0430/miustop-R-_12.jpg:0
[     458ms] [ERROR] Failed to load resource: the server responded with a status of 403 () @ https://shop.r10s.com/00c981a0-ec8c-11e4-8ba2-005056ae57f4/upload/102-0430/miustop-R_09.jpg:0
[     465ms] [ERROR] Failed to load resource: the server responded with a status of 403 () @ https://shop.r10s.com/00c981a0-ec8c-11e4-8ba2-005056ae57f4/upload/102-0430/miustop-R_02.jpg:0
[     472ms] [ERROR] Failed to load resource: the server responded with a status of 403 () @ https://shop.r10s.com/00c981a0-ec8c-11e4-8ba2-005056ae57f4/upload/102-0430/miustop-R-_05.jpg:0
[     473ms] [ERROR] Failed to load resource: the server responded with a status of 403 () @ https://shop.r10s.com/00c981a0-ec8c-11e4-8ba2-005056ae57f4/upload/102-0423/Y-0118-note-0425.jpg:0
[     474ms] [ERROR] Failed to load resource: the server responded with a status of 403 () @ https://shop.r10s.com/00c981a0-ec8c-11e4-8ba2-005056ae57f4/upload/102-0430/miustop-R-_07.jpg:0
[     474ms] [ERROR] Failed to load resource: the server responded with a status of 403 () @ https://shop.r10s.com/00c981a0-ec8c-11e4-8ba2-005056ae57f4/upload/102-0430/miustop-R_01.jpg:0
[     474ms] [ERROR] Failed to load resource: the server responded with a status of 403 () @ https://shop.r10s.com/00c981a0-ec8c-11e4-8ba2-005056ae57f4/upload/102-0528/HOT-R-0531.jpg:0
[     474ms] [ERROR] Failed to load resource: the server responded with a status of 403 () @ https://shop.r10s.com/00c981a0-ec8c-11e4-8ba2-005056ae57f4/upload/102-0430/miustop-R-_08.jpg:0
[     474ms] [ERROR] Failed to load resource: the server responded with a status of 403 () @ https://shop.r10s.com/00c981a0-ec8c-11e4-8ba2-005056ae57f4/upload/102-0409/24color-0408.jpg:0
[     475ms] [ERROR] Failed to load resource: the server responded with a status of 403 () @ https://shop.r10s.com/00c981a0-ec8c-11e4-8ba2-005056ae57f4/upload/102-0430/miustop-R-_03.jpg:0
[     476ms] [ERROR] Failed to load resource: the server responded with a status of 403 () @ https://shop.r10s.com/00c981a0-ec8c-11e4-8ba2-005056ae57f4/upload/102-0528/r_15c562.gif:0
[     476ms] [ERROR] Failed to load resource: the server responded with a status of 403 () @ https://shop.r10s.com/00c981a0-ec8c-11e4-8ba2-005056ae57f4/upload/102-0528/TOP5-0531-.jpg:0
[     476ms] [ERROR] Failed to load resource: the server responded with a status of 403 () @ https://shop.r10s.com/00c981a0-ec8c-11e4-8ba2-005056ae57f4/upload/102-0604/R-0607.jpg:0
[     476ms] [ERROR] Failed to load resource: the server responded with a status of 403 () @ https://shop.r10s.com/00c981a0-ec8c-11e4-8ba2-005056ae57f4/upload/102-0430/miustop-R-_10.jpg:0
[     478ms] [ERROR] Failed to load resource: the server responded with a status of 403 () @ https://shop.r10s.com/00c981a0-ec8c-11e4-8ba2-005056ae57f4/upload/102-0521/miusonly-0524.jpg:0
[     486ms] [ERROR] Failed to load resource: the server responded with a status of 403 () @ https://shop.r10s.com/00c981a0-ec8c-11e4-8ba2-005056ae57f4/upload/102-0430/miustop-R_06.jpg:0
[     488ms] [ERROR] Failed to load resource: the server responded with a status of 403 () @ https://shop.r10s.com/00c981a0-ec8c-11e4-8ba2-005056ae57f4/upload/102-0604/0607-R-.jpg:0
[     491ms] [ERROR] Failed to load resource: the server responded with a status of 403 () @ https://shop.r10s.com/00c981a0-ec8c-11e4-8ba2-005056ae57f4/upload/102-0604/SVNOTE-RY.jpg:0
[     549ms] [ERROR] Failed to load resource: the server responded with a status of 403 () @ https://shop.r10s.com/00c981a0-ec8c-11e4-8ba2-005056ae57f4/upload/102-0528/jeans-0530.jpg:0
[     552ms] [ERROR] Failed to load resource: the server responded with a status of 403 () @ https://shop.r10s.com/00c981a0-ec8c-11e4-8ba2-005056ae57f4/upload/102-0430/miustop-R_04.jpg:0
[     612ms] [ERROR] Failed to load resource: the server responded with a status of 403 () @ https://shop.r10s.com/00c981a0-ec8c-11e4-8ba2-005056ae57f4/upload/102-0528/R-50OFF-0530-.jpg:0
[     616ms] [ERROR] Failed to load resource: the server responded with a status of 403 () @ https://shop.r10s.com/00c981a0-ec8c-11e4-8ba2-005056ae57f4/upload/102-0430/miustop-R_11.jpg:0
[     617ms] [WARNING] Mixed Content: The page at 'https://mius.shop.rakuten.tw/gold/' was loaded over HTTPS, but requested an insecure element 'http://shop.r10s.com/00c981a0-ec8c-11e4-8ba2-005056ae57f4/upload/102-0430/miustop-R_05.jpg'. This request was automatically upgraded to HTTPS, For more information see https://blog.chromium.org/2019/10/no-more-mixed-messages-about-https.html @ https://mius.shop.rakuten.tw/gold/:0
[     617ms] [WARNING] Mixed Content: The page at 'https://mius.shop.rakuten.tw/gold/' was loaded over HTTPS, but requested an insecure element 'http://shop.r10s.com/00c981a0-ec8c-11e4-8ba2-005056ae57f4/upload/102-0430/miustop-R_07.jpg'. This request was automatically upgraded to HTTPS, For more information see https://blog.chromium.org/2019/10/no-more-mixed-messages-about-https.html @ https://mius.shop.rakuten.tw/gold/:0
[     617ms] [WARNING] Mixed Content: The page at 'https://mius.shop.rakuten.tw/gold/' was loaded over HTTPS, but requested an insecure element 'http://shop.r10s.com/00c981a0-ec8c-11e4-8ba2-005056ae57f4/upload/102-0430/miustop-R_08.jpg'. This request was automatically upgraded to HTTPS, For more information see https://blog.chromium.org/2019/10/no-more-mixed-messages-about-https.html @ https://mius.shop.rakuten.tw/gold/:0
[     617ms] [WARNING] Mixed Content: The page at 'https://mius.shop.rakuten.tw/gold/' was loaded over HTTPS, but requested an insecure element 'http://shop.r10s.com/00c981a0-ec8c-11e4-8ba2-005056ae57f4/upload/102-0430/miustop-R_10.jpg'. This request was automatically upgraded to HTTPS, For more information see https://blog.chromium.org/2019/10/no-more-mixed-messages-about-https.html @ https://mius.shop.rakuten.tw/gold/:0
[     617ms] [WARNING] Mixed Content: The page at 'https://mius.shop.rakuten.tw/gold/' was loaded over HTTPS, but requested an insecure element 'http://shop.r10s.com/00c981a0-ec8c-11e4-8ba2-005056ae57f4/upload/102-0430/miustop-R_12.jpg'. This request was automatically upgraded to HTTPS, For more information see https://blog.chromium.org/2019/10/no-more-mixed-messages-about-https.html @ https://mius.shop.rakuten.tw/gold/:0
[     685ms] [ERROR] Failed to load resource: the server responded with a status of 403 () @ https://shop.r10s.com/00c981a0-ec8c-11e4-8ba2-005056ae57f4/upload/102-0430/miustop-R_05.jpg:0
[     698ms] [ERROR] Failed to load resource: the server responded with a status of 403 () @ https://shop.r10s.com/00c981a0-ec8c-11e4-8ba2-005056ae57f4/upload/102-0430/miustop-R_10.jpg:0
[     703ms] [ERROR] Failed to load resource: the server responded with a status of 403 () @ https://shop.r10s.com/00c981a0-ec8c-11e4-8ba2-005056ae57f4/upload/102-0430/miustop-R_08.jpg:0
[     703ms] [ERROR] Failed to load resource: the server responded with a status of 403 () @ https://shop.r10s.com/00c981a0-ec8c-11e4-8ba2-005056ae57f4/upload/102-0430/miustop-R_07.jpg:0
[     734ms] [ERROR] Failed to load resource: the server responded with a status of 403 () @ https://shop.r10s.com/00c981a0-ec8c-11e4-8ba2-005056ae57f4/upload/102-0430/miustop-R_03.jpg:0
[     742ms] [ERROR] Failed to load resource: the server responded with a status of 403 () @ https://shop.r10s.com/00c981a0-ec8c-11e4-8ba2-005056ae57f4/upload/102-0430/miustop-R_12.jpg:0
