[   19486ms] [WARNING] [GPT] Using deprecated googletag.encryptedSignalProviders. Please use googletag.secureSignalProviders instead.
https://goo.gle/gpt-message#155 @ https://securepubads.g.doubleclick.net/pagead/managed/js/gpt/m202604020101/pubads_impl.js?cb=31097618:18
[   19499ms] [WARNING] [GPT] Using deprecated googletag.encryptedSignalProviders. Please use googletag.secureSignalProviders instead.
https://goo.gle/gpt-message#155 @ https://securepubads.g.doubleclick.net/pagead/managed/js/gpt/m202604020101/pubads_impl.js?cb=31097618:18
[   19503ms] [WARNING] Google Deploy of the SharedId library has been deprecated. Please select another option in the GAM UI. If you use Prebid, we suggest the Prebid.js UserId option. If you do not, you may configure GAM to allow Google to share a first party user identifier with OB and AB participants, which is either the publisherProvidedId or the __gads value when that is missing. @ https://cdn.jsdelivr.net/gh/prebid/shared-id/pubcid.js/docs/pubcid.min.js:0
[   19720ms] [WARNING] [GPT] Using deprecated googletag.encryptedSignalProviders. Please use googletag.secureSignalProviders instead.
https://goo.gle/gpt-message#155 @ https://securepubads.g.doubleclick.net/pagead/managed/js/gpt/m202604020101/pubads_impl.js?cb=31097618:18
[   29257ms] [WARNING] Warning: fragment with name SearchResultItemFragment already exists.
graphql-tag enforces all fragment names across your application to be unique; read more about
this in the docs: http://dev.apollodata.com/core/fragments.html#unique-names @ https://www.rakuten.com.tw/assets/webpack/navigation-bundle.js?t=a5uzthuy6wb:1
[   29276ms] [WARNING] Warning: fragment with name CampaignRootFragment already exists.
graphql-tag enforces all fragment names across your application to be unique; read more about
this in the docs: http://dev.apollodata.com/core/fragments.html#unique-names @ https://www.rakuten.com.tw/assets/webpack/navigation-bundle.js?t=a5uzthuy6wb:1
[   29416ms] Error: Minified React error #418; visit https://reactjs.org/docs/error-decoder.html?invariant=418 for the full message or use the non-minified dev environment for full errors and additional helpful warnings.
    at ua (https://www.rakuten.com.tw/assets/webpack/navigation-bundle.js?t=a5uzthuy6wb:2:1440326)
    at Os (https://www.rakuten.com.tw/assets/webpack/navigation-bundle.js?t=a5uzthuy6wb:2:1513419)
    at Ec (https://www.rakuten.com.tw/assets/webpack/navigation-bundle.js?t=a5uzthuy6wb:2:1500723)
    at vc (https://www.rakuten.com.tw/assets/webpack/navigation-bundle.js?t=a5uzthuy6wb:2:1500651)
    at mc (https://www.rakuten.com.tw/assets/webpack/navigation-bundle.js?t=a5uzthuy6wb:2:1500514)
    at nc (https://www.rakuten.com.tw/assets/webpack/navigation-bundle.js?t=a5uzthuy6wb:2:1495650)
    at O (https://www.rakuten.com.tw/assets/webpack/navigation-bundle.js?t=a5uzthuy6wb:2:1613363)
    at MessagePort.N (https://www.rakuten.com.tw/assets/webpack/navigation-bundle.js?t=a5uzthuy6wb:2:1613895)
[   29417ms] Error: Minified React error #418; visit https://reactjs.org/docs/error-decoder.html?invariant=418 for the full message or use the non-minified dev environment for full errors and additional helpful warnings.
    at ua (https://www.rakuten.com.tw/assets/webpack/navigation-bundle.js?t=a5uzthuy6wb:2:1440326)
    at Os (https://www.rakuten.com.tw/assets/webpack/navigation-bundle.js?t=a5uzthuy6wb:2:1513419)
    at Ec (https://www.rakuten.com.tw/assets/webpack/navigation-bundle.js?t=a5uzthuy6wb:2:1500723)
    at vc (https://www.rakuten.com.tw/assets/webpack/navigation-bundle.js?t=a5uzthuy6wb:2:1500651)
    at mc (https://www.rakuten.com.tw/assets/webpack/navigation-bundle.js?t=a5uzthuy6wb:2:1500514)
    at nc (https://www.rakuten.com.tw/assets/webpack/navigation-bundle.js?t=a5uzthuy6wb:2:1495650)
    at O (https://www.rakuten.com.tw/assets/webpack/navigation-bundle.js?t=a5uzthuy6wb:2:1613363)
    at MessagePort.N (https://www.rakuten.com.tw/assets/webpack/navigation-bundle.js?t=a5uzthuy6wb:2:1613895)
[   29417ms] Error: Minified React error #418; visit https://reactjs.org/docs/error-decoder.html?invariant=418 for the full message or use the non-minified dev environment for full errors and additional helpful warnings.
    at ua (https://www.rakuten.com.tw/assets/webpack/navigation-bundle.js?t=a5uzthuy6wb:2:1440326)
    at Os (https://www.rakuten.com.tw/assets/webpack/navigation-bundle.js?t=a5uzthuy6wb:2:1513419)
    at Ec (https://www.rakuten.com.tw/assets/webpack/navigation-bundle.js?t=a5uzthuy6wb:2:1500723)
    at vc (https://www.rakuten.com.tw/assets/webpack/navigation-bundle.js?t=a5uzthuy6wb:2:1500651)
    at mc (https://www.rakuten.com.tw/assets/webpack/navigation-bundle.js?t=a5uzthuy6wb:2:1500514)
    at nc (https://www.rakuten.com.tw/assets/webpack/navigation-bundle.js?t=a5uzthuy6wb:2:1495650)
    at O (https://www.rakuten.com.tw/assets/webpack/navigation-bundle.js?t=a5uzthuy6wb:2:1613363)
    at MessagePort.N (https://www.rakuten.com.tw/assets/webpack/navigation-bundle.js?t=a5uzthuy6wb:2:1613895)
[   29417ms] Error: Minified React error #418; visit https://reactjs.org/docs/error-decoder.html?invariant=418 for the full message or use the non-minified dev environment for full errors and additional helpful warnings.
    at ua (https://www.rakuten.com.tw/assets/webpack/navigation-bundle.js?t=a5uzthuy6wb:2:1440326)
    at Os (https://www.rakuten.com.tw/assets/webpack/navigation-bundle.js?t=a5uzthuy6wb:2:1513419)
    at Ec (https://www.rakuten.com.tw/assets/webpack/navigation-bundle.js?t=a5uzthuy6wb:2:1500723)
    at vc (https://www.rakuten.com.tw/assets/webpack/navigation-bundle.js?t=a5uzthuy6wb:2:1500651)
    at mc (https://www.rakuten.com.tw/assets/webpack/navigation-bundle.js?t=a5uzthuy6wb:2:1500514)
    at nc (https://www.rakuten.com.tw/assets/webpack/navigation-bundle.js?t=a5uzthuy6wb:2:1495650)
    at O (https://www.rakuten.com.tw/assets/webpack/navigation-bundle.js?t=a5uzthuy6wb:2:1613363)
    at MessagePort.N (https://www.rakuten.com.tw/assets/webpack/navigation-bundle.js?t=a5uzthuy6wb:2:1613895)
[   29417ms] Error: Minified React error #418; visit https://reactjs.org/docs/error-decoder.html?invariant=418 for the full message or use the non-minified dev environment for full errors and additional helpful warnings.
    at ua (https://www.rakuten.com.tw/assets/webpack/navigation-bundle.js?t=a5uzthuy6wb:2:1440326)
    at Os (https://www.rakuten.com.tw/assets/webpack/navigation-bundle.js?t=a5uzthuy6wb:2:1513419)
    at Ec (https://www.rakuten.com.tw/assets/webpack/navigation-bundle.js?t=a5uzthuy6wb:2:1500723)
    at vc (https://www.rakuten.com.tw/assets/webpack/navigation-bundle.js?t=a5uzthuy6wb:2:1500651)
    at mc (https://www.rakuten.com.tw/assets/webpack/navigation-bundle.js?t=a5uzthuy6wb:2:1500514)
    at nc (https://www.rakuten.com.tw/assets/webpack/navigation-bundle.js?t=a5uzthuy6wb:2:1495650)
    at O (https://www.rakuten.com.tw/assets/webpack/navigation-bundle.js?t=a5uzthuy6wb:2:1613363)
    at MessagePort.N (https://www.rakuten.com.tw/assets/webpack/navigation-bundle.js?t=a5uzthuy6wb:2:1613895)
[   29417ms] Error: Minified React error #418; visit https://reactjs.org/docs/error-decoder.html?invariant=418 for the full message or use the non-minified dev environment for full errors and additional helpful warnings.
    at ua (https://www.rakuten.com.tw/assets/webpack/navigation-bundle.js?t=a5uzthuy6wb:2:1440326)
    at Os (https://www.rakuten.com.tw/assets/webpack/navigation-bundle.js?t=a5uzthuy6wb:2:1513419)
    at Ec (https://www.rakuten.com.tw/assets/webpack/navigation-bundle.js?t=a5uzthuy6wb:2:1500723)
    at vc (https://www.rakuten.com.tw/assets/webpack/navigation-bundle.js?t=a5uzthuy6wb:2:1500651)
    at mc (https://www.rakuten.com.tw/assets/webpack/navigation-bundle.js?t=a5uzthuy6wb:2:1500514)
    at nc (https://www.rakuten.com.tw/assets/webpack/navigation-bundle.js?t=a5uzthuy6wb:2:1495650)
    at O (https://www.rakuten.com.tw/assets/webpack/navigation-bundle.js?t=a5uzthuy6wb:2:1613363)
    at MessagePort.N (https://www.rakuten.com.tw/assets/webpack/navigation-bundle.js?t=a5uzthuy6wb:2:1613895)
[   29417ms] Error: Minified React error #418; visit https://reactjs.org/docs/error-decoder.html?invariant=418 for the full message or use the non-minified dev environment for full errors and additional helpful warnings.
    at ua (https://www.rakuten.com.tw/assets/webpack/navigation-bundle.js?t=a5uzthuy6wb:2:1440326)
    at Os (https://www.rakuten.com.tw/assets/webpack/navigation-bundle.js?t=a5uzthuy6wb:2:1513419)
    at Ec (https://www.rakuten.com.tw/assets/webpack/navigation-bundle.js?t=a5uzthuy6wb:2:1500723)
    at vc (https://www.rakuten.com.tw/assets/webpack/navigation-bundle.js?t=a5uzthuy6wb:2:1500651)
    at mc (https://www.rakuten.com.tw/assets/webpack/navigation-bundle.js?t=a5uzthuy6wb:2:1500514)
    at nc (https://www.rakuten.com.tw/assets/webpack/navigation-bundle.js?t=a5uzthuy6wb:2:1495650)
    at O (https://www.rakuten.com.tw/assets/webpack/navigation-bundle.js?t=a5uzthuy6wb:2:1613363)
    at MessagePort.N (https://www.rakuten.com.tw/assets/webpack/navigation-bundle.js?t=a5uzthuy6wb:2:1613895)
[   29417ms] Error: Minified React error #418; visit https://reactjs.org/docs/error-decoder.html?invariant=418 for the full message or use the non-minified dev environment for full errors and additional helpful warnings.
    at ua (https://www.rakuten.com.tw/assets/webpack/navigation-bundle.js?t=a5uzthuy6wb:2:1440326)
    at Os (https://www.rakuten.com.tw/assets/webpack/navigation-bundle.js?t=a5uzthuy6wb:2:1513419)
    at Ec (https://www.rakuten.com.tw/assets/webpack/navigation-bundle.js?t=a5uzthuy6wb:2:1500723)
    at vc (https://www.rakuten.com.tw/assets/webpack/navigation-bundle.js?t=a5uzthuy6wb:2:1500651)
    at mc (https://www.rakuten.com.tw/assets/webpack/navigation-bundle.js?t=a5uzthuy6wb:2:1500514)
    at nc (https://www.rakuten.com.tw/assets/webpack/navigation-bundle.js?t=a5uzthuy6wb:2:1495650)
    at O (https://www.rakuten.com.tw/assets/webpack/navigation-bundle.js?t=a5uzthuy6wb:2:1613363)
    at MessagePort.N (https://www.rakuten.com.tw/assets/webpack/navigation-bundle.js?t=a5uzthuy6wb:2:1613895)
[   29417ms] Error: Minified React error #418; visit https://reactjs.org/docs/error-decoder.html?invariant=418 for the full message or use the non-minified dev environment for full errors and additional helpful warnings.
    at ua (https://www.rakuten.com.tw/assets/webpack/navigation-bundle.js?t=a5uzthuy6wb:2:1440326)
    at Os (https://www.rakuten.com.tw/assets/webpack/navigation-bundle.js?t=a5uzthuy6wb:2:1513419)
    at Ec (https://www.rakuten.com.tw/assets/webpack/navigation-bundle.js?t=a5uzthuy6wb:2:1500723)
    at vc (https://www.rakuten.com.tw/assets/webpack/navigation-bundle.js?t=a5uzthuy6wb:2:1500651)
    at mc (https://www.rakuten.com.tw/assets/webpack/navigation-bundle.js?t=a5uzthuy6wb:2:1500514)
    at nc (https://www.rakuten.com.tw/assets/webpack/navigation-bundle.js?t=a5uzthuy6wb:2:1495650)
    at O (https://www.rakuten.com.tw/assets/webpack/navigation-bundle.js?t=a5uzthuy6wb:2:1613363)
    at MessagePort.N (https://www.rakuten.com.tw/assets/webpack/navigation-bundle.js?t=a5uzthuy6wb:2:1613895)
[   29417ms] Error: Minified React error #418; visit https://reactjs.org/docs/error-decoder.html?invariant=418 for the full message or use the non-minified dev environment for full errors and additional helpful warnings.
    at ua (https://www.rakuten.com.tw/assets/webpack/navigation-bundle.js?t=a5uzthuy6wb:2:1440326)
    at Os (https://www.rakuten.com.tw/assets/webpack/navigation-bundle.js?t=a5uzthuy6wb:2:1513419)
    at Ec (https://www.rakuten.com.tw/assets/webpack/navigation-bundle.js?t=a5uzthuy6wb:2:1500723)
    at vc (https://www.rakuten.com.tw/assets/webpack/navigation-bundle.js?t=a5uzthuy6wb:2:1500651)
    at mc (https://www.rakuten.com.tw/assets/webpack/navigation-bundle.js?t=a5uzthuy6wb:2:1500514)
    at nc (https://www.rakuten.com.tw/assets/webpack/navigation-bundle.js?t=a5uzthuy6wb:2:1495650)
    at O (https://www.rakuten.com.tw/assets/webpack/navigation-bundle.js?t=a5uzthuy6wb:2:1613363)
    at MessagePort.N (https://www.rakuten.com.tw/assets/webpack/navigation-bundle.js?t=a5uzthuy6wb:2:1613895)
[   29417ms] Error: Minified React error #418; visit https://reactjs.org/docs/error-decoder.html?invariant=418 for the full message or use the non-minified dev environment for full errors and additional helpful warnings.
    at ua (https://www.rakuten.com.tw/assets/webpack/navigation-bundle.js?t=a5uzthuy6wb:2:1440326)
    at Os (https://www.rakuten.com.tw/assets/webpack/navigation-bundle.js?t=a5uzthuy6wb:2:1513419)
    at Ec (https://www.rakuten.com.tw/assets/webpack/navigation-bundle.js?t=a5uzthuy6wb:2:1500723)
    at vc (https://www.rakuten.com.tw/assets/webpack/navigation-bundle.js?t=a5uzthuy6wb:2:1500651)
    at mc (https://www.rakuten.com.tw/assets/webpack/navigation-bundle.js?t=a5uzthuy6wb:2:1500514)
    at nc (https://www.rakuten.com.tw/assets/webpack/navigation-bundle.js?t=a5uzthuy6wb:2:1495650)
    at O (https://www.rakuten.com.tw/assets/webpack/navigation-bundle.js?t=a5uzthuy6wb:2:1613363)
    at MessagePort.N (https://www.rakuten.com.tw/assets/webpack/navigation-bundle.js?t=a5uzthuy6wb:2:1613895)
[   29417ms] Error: Minified React error #418; visit https://reactjs.org/docs/error-decoder.html?invariant=418 for the full message or use the non-minified dev environment for full errors and additional helpful warnings.
    at ua (https://www.rakuten.com.tw/assets/webpack/navigation-bundle.js?t=a5uzthuy6wb:2:1440326)
    at Os (https://www.rakuten.com.tw/assets/webpack/navigation-bundle.js?t=a5uzthuy6wb:2:1513419)
    at Ec (https://www.rakuten.com.tw/assets/webpack/navigation-bundle.js?t=a5uzthuy6wb:2:1500723)
    at vc (https://www.rakuten.com.tw/assets/webpack/navigation-bundle.js?t=a5uzthuy6wb:2:1500651)
    at mc (https://www.rakuten.com.tw/assets/webpack/navigation-bundle.js?t=a5uzthuy6wb:2:1500514)
    at nc (https://www.rakuten.com.tw/assets/webpack/navigation-bundle.js?t=a5uzthuy6wb:2:1495650)
    at O (https://www.rakuten.com.tw/assets/webpack/navigation-bundle.js?t=a5uzthuy6wb:2:1613363)
    at MessagePort.N (https://www.rakuten.com.tw/assets/webpack/navigation-bundle.js?t=a5uzthuy6wb:2:1613895)
[   29417ms] Error: Minified React error #418; visit https://reactjs.org/docs/error-decoder.html?invariant=418 for the full message or use the non-minified dev environment for full errors and additional helpful warnings.
    at ua (https://www.rakuten.com.tw/assets/webpack/navigation-bundle.js?t=a5uzthuy6wb:2:1440326)
    at Os (https://www.rakuten.com.tw/assets/webpack/navigation-bundle.js?t=a5uzthuy6wb:2:1513419)
    at Ec (https://www.rakuten.com.tw/assets/webpack/navigation-bundle.js?t=a5uzthuy6wb:2:1500723)
    at vc (https://www.rakuten.com.tw/assets/webpack/navigation-bundle.js?t=a5uzthuy6wb:2:1500651)
    at mc (https://www.rakuten.com.tw/assets/webpack/navigation-bundle.js?t=a5uzthuy6wb:2:1500514)
    at nc (https://www.rakuten.com.tw/assets/webpack/navigation-bundle.js?t=a5uzthuy6wb:2:1495650)
    at O (https://www.rakuten.com.tw/assets/webpack/navigation-bundle.js?t=a5uzthuy6wb:2:1613363)
    at MessagePort.N (https://www.rakuten.com.tw/assets/webpack/navigation-bundle.js?t=a5uzthuy6wb:2:1613895)
[   29417ms] Error: Minified React error #423; visit https://reactjs.org/docs/error-decoder.html?invariant=423 for the full message or use the non-minified dev environment for full errors and additional helpful warnings.
    at Os (https://www.rakuten.com.tw/assets/webpack/navigation-bundle.js?t=a5uzthuy6wb:2:1513105)
    at Ec (https://www.rakuten.com.tw/assets/webpack/navigation-bundle.js?t=a5uzthuy6wb:2:1500723)
    at vc (https://www.rakuten.com.tw/assets/webpack/navigation-bundle.js?t=a5uzthuy6wb:2:1500651)
    at mc (https://www.rakuten.com.tw/assets/webpack/navigation-bundle.js?t=a5uzthuy6wb:2:1500514)
    at oc (https://www.rakuten.com.tw/assets/webpack/navigation-bundle.js?t=a5uzthuy6wb:2:1497321)
    at nc (https://www.rakuten.com.tw/assets/webpack/navigation-bundle.js?t=a5uzthuy6wb:2:1495876)
    at O (https://www.rakuten.com.tw/assets/webpack/navigation-bundle.js?t=a5uzthuy6wb:2:1613363)
    at MessagePort.N (https://www.rakuten.com.tw/assets/webpack/navigation-bundle.js?t=a5uzthuy6wb:2:1613895)
[   29455ms] [WARNING] Target DOM with id "item-purchase-cta" not found. @ https://www.rakuten.com.tw/assets/webpack/navigation-bundle.js?t=a5uzthuy6wb:1
[   29558ms] [LOG] GTM Script: No valid rpc data found for image insertion, or imageUrl is missing. @ :1
[   29797ms] [LOG] commonParam:  {pubId: rakuten_srp, slotId: 1170x294, category: , iframeFullWidth: true, extraParams: Object} @ https://ad.sitemaji.com/ysm_rakutenfsa.js:0
[   29857ms] Uncaught [object Object]
    at error (https://www.googletagmanager.com/gtm.js?id=GTM-N72TJV:195:503)
    at onerror (https://www.googletagmanager.com/gtm.js?id=GTM-N72TJV:203:44)
[   29857ms] Uncaught [object Object]
    at error (https://www.googletagmanager.com/gtm.js?id=GTM-N72TJV:195:503)
    at c.l.onerror (https://www.googletagmanager.com/gtm.js?id=GTM-N72TJV:204:160)
[   29876ms] [WARNING] [Meta Pixel] - Duplicate Pixel ID: 183778785452057. @ https://connect.facebook.net/en_US/fbevents.js:177
