/Users/steven/Library/Python/3.9/lib/python/site-packages/urllib3/__init__.py:35: NotOpenSSLWarning: urllib3 v2 only supports OpenSSL 1.1.1+, currently the 'ssl' module is compiled with 'LibreSSL 2.8.3'. See: https://github.com/urllib3/urllib3/issues/3020
  warnings.warn(
2026-04-01 12:25:10,702 INFO 連線 RTSP: rtsp://stevenhung:FREDjuik12@192.168.68.109:554/stream1
Traceback (most recent call last):
  File "/Users/steven/CCProject/rabbit-care/motion_watcher.py", line 186, in <module>
    run()
  File "/Users/steven/CCProject/rabbit-care/motion_watcher.py", line 131, in run
    import cv2
ModuleNotFoundError: No module named 'cv2'
/Users/steven/Library/Python/3.9/lib/python/site-packages/urllib3/__init__.py:35: NotOpenSSLWarning: urllib3 v2 only supports OpenSSL 1.1.1+, currently the 'ssl' module is compiled with 'LibreSSL 2.8.3'. See: https://github.com/urllib3/urllib3/issues/3020
  warnings.warn(
2026-04-01 12:25:20,837 INFO 連線 RTSP: rtsp://stevenhung:FREDjuik12@192.168.68.109:554/stream1
Traceback (most recent call last):
  File "/Users/steven/CCProject/rabbit-care/motion_watcher.py", line 186, in <module>
    run()
  File "/Users/steven/CCProject/rabbit-care/motion_watcher.py", line 131, in run
    import cv2
ModuleNotFoundError: No module named 'cv2'
/Users/steven/Library/Python/3.9/lib/python/site-packages/urllib3/__init__.py:35: NotOpenSSLWarning: urllib3 v2 only supports OpenSSL 1.1.1+, currently the 'ssl' module is compiled with 'LibreSSL 2.8.3'. See: https://github.com/urllib3/urllib3/issues/3020
  warnings.warn(
2026-04-01 12:25:30,974 INFO 連線 RTSP: rtsp://stevenhung:FREDjuik12@192.168.68.109:554/stream1
Traceback (most recent call last):
  File "/Users/steven/CCProject/rabbit-care/motion_watcher.py", line 186, in <module>
    run()
  File "/Users/steven/CCProject/rabbit-care/motion_watcher.py", line 131, in run
    import cv2
ModuleNotFoundError: No module named 'cv2'
2026-04-01 12:25:36,416 INFO 連線 RTSP: rtsp://stevenhung:FREDjuik12@192.168.68.109:554/stream1
2026-04-01 12:25:37,776 INFO RTSP 串流連線成功
2026-04-01 12:25:37,858 INFO 偵測到移動，開始收集影格
2026-04-01 12:26:52,123 INFO 連線 RTSP: rtsp://stevenhung:FREDjuik12@192.168.68.109:554/stream1
2026-04-01 12:26:53,469 INFO RTSP 串流連線成功
2026-04-01 12:26:53,522 INFO 偵測到移動，開始收集影格
2026-04-01 12:32:02,354 INFO 連線 RTSP: rtsp://stevenhung:FREDjuik12@192.168.68.109:554/stream1
2026-04-01 12:32:03,747 INFO RTSP 串流連線成功
2026-04-01 12:32:03,783 INFO 偵測到移動，開始收集影格
2026-04-01 12:32:56,839 INFO 連線 RTSP: rtsp://stevenhung:FREDjuik12@192.168.68.109:554/stream1
2026-04-01 12:32:58,146 INFO RTSP 串流連線成功
2026-04-01 12:32:58,186 INFO 偵測到移動，開始收集影格
