Connection to 161.33.6.190 closed by remote host.
kex_exchange_identification: read: Connection reset by peer
Connection reset by 161.33.6.190 port 22
Connection closed by 161.33.6.190 port 22
ssh: connect to host 161.33.6.190 port 22: Operation timed out
ssh: connect to host 161.33.6.190 port 22: Connection refused
Connection to 161.33.6.190 closed by remote host.
kex_exchange_identification: read: Connection reset by peer
Connection reset by 161.33.6.190 port 22
ssh: connect to host 161.33.6.190 port 22: Operation timed out
ssh: connect to host 161.33.6.190 port 22: Connection refused
ssh: connect to host 161.33.6.190 port 22: Connection refused
Connection to 161.33.6.190 closed by remote host.
Connection reset by 161.33.6.190 port 22
Connection closed by 161.33.6.190 port 22
ssh: connect to host 161.33.6.190 port 22: Operation timed out
Read from remote host 161.33.6.190: Operation timed out
client_loop: send disconnect: Broken pipe
ssh: connect to host 161.33.6.190 port 22: Operation timed out
Error: remote port forwarding failed for listen port 15200
Error: remote port forwarding failed for listen port 15200
Error: remote port forwarding failed for listen port 15200
Error: remote port forwarding failed for listen port 15200
Error: remote port forwarding failed for listen port 15200
Error: remote port forwarding failed for listen port 15200
Error: remote port forwarding failed for listen port 15200
Error: remote port forwarding failed for listen port 15200
Error: remote port forwarding failed for listen port 15200
Error: remote port forwarding failed for listen port 15200
Error: remote port forwarding failed for listen port 15200
Error: remote port forwarding failed for listen port 15200
Error: remote port forwarding failed for listen port 15200
Error: remote port forwarding failed for listen port 15200
Error: remote port forwarding failed for listen port 15200
Error: remote port forwarding failed for listen port 15200
Error: remote port forwarding failed for listen port 15200
Error: remote port forwarding failed for listen port 15200
Error: remote port forwarding failed for listen port 15200
Error: remote port forwarding failed for listen port 15200
Error: remote port forwarding failed for listen port 15200
Error: remote port forwarding failed for listen port 15200
Error: remote port forwarding failed for listen port 15200
Error: remote port forwarding failed for listen port 15200
Error: remote port forwarding failed for listen port 15200
Error: remote port forwarding failed for listen port 15200
Error: remote port forwarding failed for listen port 15200
Error: remote port forwarding failed for listen port 15200
Error: remote port forwarding failed for listen port 15200
Error: remote port forwarding failed for listen port 15200
Error: remote port forwarding failed for listen port 15200
Error: remote port forwarding failed for listen port 15200
Error: remote port forwarding failed for listen port 15200
Error: remote port forwarding failed for listen port 15200
Error: remote port forwarding failed for listen port 15200
Error: remote port forwarding failed for listen port 15200
Error: remote port forwarding failed for listen port 15200
Error: remote port forwarding failed for listen port 15200
Error: remote port forwarding failed for listen port 15200
Error: remote port forwarding failed for listen port 15200
Error: remote port forwarding failed for listen port 15200
Error: remote port forwarding failed for listen port 15200
Error: remote port forwarding failed for listen port 15200
Error: remote port forwarding failed for listen port 15200
Error: remote port forwarding failed for listen port 15200
Error: remote port forwarding failed for listen port 15200
Error: remote port forwarding failed for listen port 15200
Error: remote port forwarding failed for listen port 15200
Error: remote port forwarding failed for listen port 15200
Error: remote port forwarding failed for listen port 15200
Error: remote port forwarding failed for listen port 15200
Error: remote port forwarding failed for listen port 15200
Error: remote port forwarding failed for listen port 15200
Error: remote port forwarding failed for listen port 15200
Error: remote port forwarding failed for listen port 15200
Error: remote port forwarding failed for listen port 15200
Error: remote port forwarding failed for listen port 15200
Error: remote port forwarding failed for listen port 15200
Error: remote port forwarding failed for listen port 15200
Error: remote port forwarding failed for listen port 15200
Error: remote port forwarding failed for listen port 15200
Error: remote port forwarding failed for listen port 15200
Error: remote port forwarding failed for listen port 15200
Error: remote port forwarding failed for listen port 15200
Error: remote port forwarding failed for listen port 15200
Error: remote port forwarding failed for listen port 15200
Error: remote port forwarding failed for listen port 15200
Error: remote port forwarding failed for listen port 15200
Error: remote port forwarding failed for listen port 15200
Error: remote port forwarding failed for listen port 15200
Error: remote port forwarding failed for listen port 15200
Error: remote port forwarding failed for listen port 15200
Error: remote port forwarding failed for listen port 15200
Error: remote port forwarding failed for listen port 15200
Error: remote port forwarding failed for listen port 15200
Error: remote port forwarding failed for listen port 15200
Error: remote port forwarding failed for listen port 15200
Error: remote port forwarding failed for listen port 15200
Error: remote port forwarding failed for listen port 15200
Error: remote port forwarding failed for listen port 15200
Error: remote port forwarding failed for listen port 15200
Error: remote port forwarding failed for listen port 15200
Error: remote port forwarding failed for listen port 15200
Error: remote port forwarding failed for listen port 15200
Error: remote port forwarding failed for listen port 15200
Error: remote port forwarding failed for listen port 15200
Error: remote port forwarding failed for listen port 15200
Error: remote port forwarding failed for listen port 15200
Error: remote port forwarding failed for listen port 15200
Error: remote port forwarding failed for listen port 15200
Error: remote port forwarding failed for listen port 15200
Error: remote port forwarding failed for listen port 15200
Error: remote port forwarding failed for listen port 15200
Error: remote port forwarding failed for listen port 15200
Error: remote port forwarding failed for listen port 15200
Error: remote port forwarding failed for listen port 15200
Error: remote port forwarding failed for listen port 15200
Error: remote port forwarding failed for listen port 15200
Error: remote port forwarding failed for listen port 15200
Error: remote port forwarding failed for listen port 15200
Error: remote port forwarding failed for listen port 15200
Error: remote port forwarding failed for listen port 15200
Error: remote port forwarding failed for listen port 15200
Error: remote port forwarding failed for listen port 15200
Error: remote port forwarding failed for listen port 15200
Error: remote port forwarding failed for listen port 15200
Error: remote port forwarding failed for listen port 15200
Error: remote port forwarding failed for listen port 15200
Connection to 161.33.6.190 closed by remote host.
kex_exchange_identification: read: Connection reset by peer
Connection reset by 161.33.6.190 port 22
kex_exchange_identification: read: Connection reset by peer
Connection reset by 161.33.6.190 port 22
ssh: connect to host 161.33.6.190 port 22: Operation timed out
ssh: connect to host 161.33.6.190 port 22: Connection refused
ssh: connect to host 161.33.6.190 port 22: Connection refused
Connection to 161.33.6.190 closed by remote host.
System is going down. Unprivileged users are not permitted to log in anymore. For technical details, see pam_nologin(8).

Connection closed by 161.33.6.190 port 22
ssh: connect to host 161.33.6.190 port 22: Operation timed out
ssh: connect to host 161.33.6.190 port 22: Operation timed out
Connection to 161.33.6.190 closed by remote host.
kex_exchange_identification: read: Connection reset by peer
Connection reset by 161.33.6.190 port 22
Connection to 161.33.6.190 closed by remote host.
Read from remote host 161.33.6.190: Connection reset by peer
client_loop: send disconnect: Broken pipe
ssh: connect to host 161.33.6.190 port 22: Connection refused
Read from remote host 161.33.6.190: Operation timed out
client_loop: send disconnect: Broken pipe
Error: remote port forwarding failed for listen port 15200
Error: remote port forwarding failed for listen port 15200
Error: remote port forwarding failed for listen port 15200
Error: remote port forwarding failed for listen port 15200
Error: remote port forwarding failed for listen port 15200
Error: remote port forwarding failed for listen port 15200
Error: remote port forwarding failed for listen port 15200
Error: remote port forwarding failed for listen port 15200
Error: remote port forwarding failed for listen port 15200
Error: remote port forwarding failed for listen port 15200
Error: remote port forwarding failed for listen port 15200
Error: remote port forwarding failed for listen port 15200
Error: remote port forwarding failed for listen port 15200
Error: remote port forwarding failed for listen port 15200
Error: remote port forwarding failed for listen port 15200
Error: remote port forwarding failed for listen port 15200
Error: remote port forwarding failed for listen port 15200
Error: remote port forwarding failed for listen port 15200
Error: remote port forwarding failed for listen port 15200
Error: remote port forwarding failed for listen port 15200
Error: remote port forwarding failed for listen port 15200
Error: remote port forwarding failed for listen port 15200
Error: remote port forwarding failed for listen port 15200
Error: remote port forwarding failed for listen port 15200
Error: remote port forwarding failed for listen port 15200
Error: remote port forwarding failed for listen port 15200
Error: remote port forwarding failed for listen port 15200
Error: remote port forwarding failed for listen port 15200
Error: remote port forwarding failed for listen port 15200
Error: remote port forwarding failed for listen port 15200
Error: remote port forwarding failed for listen port 15200
Error: remote port forwarding failed for listen port 15200
Error: remote port forwarding failed for listen port 15200
Error: remote port forwarding failed for listen port 15200
Error: remote port forwarding failed for listen port 15200
Error: remote port forwarding failed for listen port 15200
Error: remote port forwarding failed for listen port 15200
Error: remote port forwarding failed for listen port 15200
Error: remote port forwarding failed for listen port 15200
Connection to 161.33.6.190 closed by remote host.
kex_exchange_identification: read: Connection reset by peer
Connection reset by 161.33.6.190 port 22
ssh: connect to host 161.33.6.190 port 22: Operation timed out
setsockopt TCP_NODELAY: Invalid argument
setsockopt TCP_NODELAY: Invalid argument
setsockopt TCP_NODELAY: Invalid argument
Connection to 161.33.6.190 closed by remote host.
kex_exchange_identification: read: Connection reset by peer
Connection reset by 161.33.6.190 port 22
kex_exchange_identification: read: Connection reset by peer
Connection reset by 161.33.6.190 port 22
ssh: connect to host 161.33.6.190 port 22: Operation timed out
ssh: connect to host 161.33.6.190 port 22: Connection refused
setsockopt TCP_NODELAY: Invalid argument
setsockopt TCP_NODELAY: Invalid argument
