/Users/steven/Library/Python/3.9/lib/python/site-packages/urllib3/__init__.py:35: NotOpenSSLWarning: urllib3 v2 only supports OpenSSL 1.1.1+, currently the 'ssl' module is compiled with 'LibreSSL 2.8.3'. See: https://github.com/urllib3/urllib3/issues/3020
  warnings.warn(
[07:00:05] 抓取 VIX 資料...
[07:00:06] 抓取 S&P 500 資料與 200MA...
[07:00:06] 抓取 CNN Fear & Greed...
[07:00:06] 生成 HTML...
[07:00:06] 完成 → /Users/steven/CCProject/market-dashboard/index.html
  VIX: 23.87  |  S&P: 6582.69  |  200MA: 6644.6  |  低於 200MA (-0.93%)  |  F&G: 19.3 (extreme fear)
/Users/steven/Library/Python/3.9/lib/python/site-packages/urllib3/__init__.py:35: NotOpenSSLWarning: urllib3 v2 only supports OpenSSL 1.1.1+, currently the 'ssl' module is compiled with 'LibreSSL 2.8.3'. See: https://github.com/urllib3/urllib3/issues/3020
  warnings.warn(
[07:00:05] 抓取 VIX 資料...
[07:00:06] 抓取 S&P 500 資料與 200MA...
[07:00:06] 抓取 CNN Fear & Greed...
[07:00:07] 生成 HTML...
[07:00:07] 完成 → /Users/steven/CCProject/market-dashboard/index.html
  VIX: 23.87  |  S&P: 6582.69  |  200MA: 6644.6  |  低於 200MA (-0.93%)  |  F&G: 19.3 (extreme fear)
/Users/steven/Library/Python/3.9/lib/python/site-packages/urllib3/__init__.py:35: NotOpenSSLWarning: urllib3 v2 only supports OpenSSL 1.1.1+, currently the 'ssl' module is compiled with 'LibreSSL 2.8.3'. See: https://github.com/urllib3/urllib3/issues/3020
  warnings.warn(
[07:00:06] 抓取 VIX 資料...
[07:00:07] 抓取 S&P 500 資料與 200MA...
[07:00:07] 抓取 CNN Fear & Greed...
[07:00:08] 生成 HTML...
[07:00:08] 完成 → /Users/steven/CCProject/market-dashboard/index.html
  VIX: 24.17  |  S&P: 6611.83  |  200MA: 6647.74  |  低於 200MA (-0.54%)  |  F&G: 22.6 (extreme fear)
/Users/steven/Library/Python/3.9/lib/python/site-packages/urllib3/__init__.py:35: NotOpenSSLWarning: urllib3 v2 only supports OpenSSL 1.1.1+, currently the 'ssl' module is compiled with 'LibreSSL 2.8.3'. See: https://github.com/urllib3/urllib3/issues/3020
  warnings.warn(
[07:00:05] 抓取 VIX 資料...
[07:00:06] 抓取 S&P 500 資料與 200MA...
[07:00:06] 抓取 CNN Fear & Greed...
[07:00:07] 生成 HTML...
[07:00:07] 完成 → /Users/steven/CCProject/market-dashboard/index.html
  VIX: 25.78  |  S&P: 6616.85  |  200MA: 6650.92  |  低於 200MA (-0.51%)  |  F&G: 22.2 (extreme fear)
/Users/steven/Library/Python/3.9/lib/python/site-packages/urllib3/__init__.py:35: NotOpenSSLWarning: urllib3 v2 only supports OpenSSL 1.1.1+, currently the 'ssl' module is compiled with 'LibreSSL 2.8.3'. See: https://github.com/urllib3/urllib3/issues/3020
  warnings.warn(
[07:00:05] 抓取 VIX 資料...
[07:00:06] 抓取 S&P 500 資料與 200MA...
[07:00:06] 抓取 CNN Fear & Greed...
[07:00:06] 生成 HTML...
[07:00:06] 完成 → /Users/steven/CCProject/market-dashboard/index.html
  VIX: 21.04  |  S&P: 6782.81  |  200MA: 6654.99  |  高於 200MA (+1.92%)  |  F&G: 30.77 (fear)
/Users/steven/Library/Python/3.9/lib/python/site-packages/urllib3/__init__.py:35: NotOpenSSLWarning: urllib3 v2 only supports OpenSSL 1.1.1+, currently the 'ssl' module is compiled with 'LibreSSL 2.8.3'. See: https://github.com/urllib3/urllib3/issues/3020
  warnings.warn(
[07:00:04] 抓取 VIX 資料...
[07:00:05] 抓取 S&P 500 資料與 200MA...
[07:00:06] 抓取 CNN Fear & Greed...
[07:00:06] 生成 HTML...
[07:00:06] 完成 → /Users/steven/CCProject/market-dashboard/index.html
  VIX: 19.48  |  S&P: 6824.66  |  200MA: 6658.99  |  高於 200MA (+2.48%)  |  F&G: 36.08 (fear)
/Users/steven/Library/Python/3.9/lib/python/site-packages/urllib3/__init__.py:35: NotOpenSSLWarning: urllib3 v2 only supports OpenSSL 1.1.1+, currently the 'ssl' module is compiled with 'LibreSSL 2.8.3'. See: https://github.com/urllib3/urllib3/issues/3020
  warnings.warn(
[07:00:06] 抓取 VIX 資料...
[07:00:07] 抓取 S&P 500 資料與 200MA...
[07:00:07] 抓取 CNN Fear & Greed...
[07:00:08] 抓取台股加權指數資料...
[07:00:08] 生成 HTML...
[07:00:08] 完成 → /Users/steven/CCProject/market-dashboard/index.html
  VIX: 19.22  |  S&P: 6816.89  |  200MA: 6662.61  |  高於 200MA (+2.31%)  |  F&G: 37.74 (fear)
  加權指數: 34861.16  |  200MA: 27612.05  |  vs 200MA: +26.25%  |  距高點: -1.6%  |  ATH: 35414.48
/Users/steven/Library/Python/3.9/lib/python/site-packages/urllib3/__init__.py:35: NotOpenSSLWarning: urllib3 v2 only supports OpenSSL 1.1.1+, currently the 'ssl' module is compiled with 'LibreSSL 2.8.3'. See: https://github.com/urllib3/urllib3/issues/3020
  warnings.warn(
[07:00:05] 抓取 VIX 資料...
[07:00:06] 抓取 S&P 500 資料與 200MA...
[07:00:06] 抓取 CNN Fear & Greed...
[07:00:06] 抓取台股加權指數資料...
[07:00:07] 生成 HTML...
[07:00:07] 完成 → /Users/steven/CCProject/market-dashboard/index.html
  VIX: 19.22  |  S&P: 6816.89  |  200MA: 6662.61  |  高於 200MA (+2.31%)  |  F&G: 37.74 (fear)
  加權指數: 35417.82  |  200MA: 27677.7  |  vs 200MA: +27.96%  |  距高點: 0.0%  |  ATH: 35417.82
