Not logged in · Please run /login
Not logged in · Please run /login
Not logged in · Please run /login
全部正常，輸出報告：

```
【半夜巡邏報告】2026-04-04 09:30

[Mac 服務]
✅ rabbit-care (port 5200)
✅ stock-screener (port 5001)
✅ youtube-monitor
📄 今日摘要：3 支

[Oracle VM]
✅ 連線
💾 磁碟：14% 使用（5.9G / 45G）
🧠 記憶體：可用 279Mi
✅ tele-bot
✅ stock-screener

[修復動作]
無需修復

[備註]
VM 的 journalctl 最近 5 條 error 均為 SSH kex_exchange_identification（外部連線被重置），屬正常的外來掃描/探測行為，非本機服務問題。
```
所有服務皆正常，無需修復。輸出報告如下：

---

【半夜巡邏報告】2026-04-04 09:22

[Mac 服務]
✅ rabbit-care (port 5200)
✅ stock-screener (port 5001)
✅ youtube-monitor
📄 今日摘要：3 支

[Oracle VM]
✅ 連線
💾 磁碟：14% 使用
🧠 記憶體：可用 274Mi
✅ tele-bot
✅ stock-screener

[修復動作]
無需修復

備註：VM journalctl 有 5 條 SSH kex_exchange_identification 錯誤，均為外部連線被重置，屬正常現象（疑似網路掃描），非服務異常。
【半夜巡邏報告】2026-04-04 16:16

[Mac 服務]
✅ rabbit-care (port 5200)
✅ stock-screener (port 5001)
✅ youtube-monitor
📄 今日摘要：8 支

[Oracle VM]
✅ 連線正常
💾 磁碟：14% 使用
🧠 記憶體：可用 240Mi
✅ tele-bot
✅ stock-screener (VM)

[修復動作]
無需修復
【半夜巡邏報告】2026-04-05 02:00

[Mac 服務]
✅ rabbit-care (port 5200)
✅ stock-screener (port 5001)
✅ youtube-monitor
📄 今日摘要：1 支

[Oracle VM]
✅ 連線正常
💾 磁碟：14% 使用
🧠 記憶體：可用 273Mi
✅ tele-bot
✅ stock-screener (VM)

[修復動作]
無需修復
【半夜巡邏報告】2026-04-05 02:00

[Mac 服務]
✅ rabbit-care (port 5200)
✅ stock-screener (port 5001)
✅ youtube-monitor
📄 今日摘要：1 支

[Oracle VM]
✅ 連線正常
💾 磁碟：14% 使用
🧠 記憶體：可用 273Mi
✅ tele-bot
✅ stock-screener (VM)

[修復動作]
無需修復
【半夜巡邏報告】2026-04-06 02:00

[Mac 服務]
✅ rabbit-care (port 5200)
✅ stock-screener (port 5001)
✅ youtube-monitor
📄 今日摘要：1 支

[Oracle VM]
✅ 連線正常
💾 磁碟：14% 使用
🧠 記憶體：可用 278Mi
✅ tele-bot
✅ stock-screener (VM)

[修復動作]
無需修復
【半夜巡邏報告】2026-04-06 02:00

[Mac 服務]
✅ rabbit-care (port 5200)
✅ stock-screener (port 5001)
✅ youtube-monitor
📄 今日摘要：1 支

[Oracle VM]
✅ 連線正常
💾 磁碟：14% 使用
🧠 記憶體：可用 278Mi
✅ tele-bot
✅ stock-screener (VM)

[修復動作]
無需修復
【半夜巡邏報告】2026-04-07 02:00

[Mac 服務]
✅ rabbit-care (port 5200)
✅ stock-screener (port 5001)
✅ youtube-monitor
📄 今日摘要：1 支

[Oracle VM]
✅ 連線正常
💾 磁碟：14% 使用
🧠 記憶體：可用 269Mi
✅ tele-bot
✅ stock-screener (VM)

[修復動作]
無需修復
【半夜巡邏報告】2026-04-07 02:00

[Mac 服務]
✅ rabbit-care (port 5200)
✅ stock-screener (port 5001)
✅ youtube-monitor
📄 今日摘要：1 支

[Oracle VM]
✅ 連線正常
💾 磁碟：14% 使用
🧠 記憶體：可用 269Mi
✅ tele-bot
✅ stock-screener (VM)

[修復動作]
無需修復
【半夜巡邏報告】2026-04-08 02:00

[Mac 服務]
✅ rabbit-care (port 5200)
✅ stock-screener (port 5001)
✅ youtube-monitor
📄 今日摘要：1 支

[Oracle VM]
✅ 連線正常
💾 磁碟：14% 使用
🧠 記憶體：可用 279Mi
✅ tele-bot
✅ stock-screener (VM)

[修復動作]
無需修復
【半夜巡邏報告】2026-04-08 02:00

[Mac 服務]
✅ rabbit-care (port 5200)
✅ stock-screener (port 5001)
✅ youtube-monitor
📄 今日摘要：1 支

[Oracle VM]
✅ 連線正常
💾 磁碟：14% 使用
🧠 記憶體：可用 279Mi
✅ tele-bot
✅ stock-screener (VM)

[修復動作]
無需修復
【半夜巡邏報告】2026-04-09 02:00

[Mac 服務]
✅ rabbit-care (port 5200)
✅ stock-screener (port 5001)
✅ youtube-monitor
📄 今日摘要：1 支

[Oracle VM]
❌ 連線失敗

[修復動作]
無需修復
【半夜巡邏報告】2026-04-09 02:00

[Mac 服務]
✅ rabbit-care (port 5200)
✅ stock-screener (port 5001)
✅ youtube-monitor
📄 今日摘要：1 支

[Oracle VM]
❌ 連線失敗

[修復動作]
無需修復
【半夜巡邏報告】2026-04-10 02:00

[Mac 服務]
✅ rabbit-care (port 5200)
✅ stock-screener (port 5001)
✅ youtube-monitor
📄 今日摘要：1 支

[Oracle VM]
✅ 連線正常
💾 磁碟：15% 使用
🧠 記憶體：可用 299Mi
✅ tele-bot
✅ stock-screener (VM)

[修復動作]
無需修復
【半夜巡邏報告】2026-04-10 02:00

[Mac 服務]
✅ rabbit-care (port 5200)
✅ stock-screener (port 5001)
✅ youtube-monitor
📄 今日摘要：1 支

[Oracle VM]
✅ 連線正常
💾 磁碟：15% 使用
🧠 記憶體：可用 299Mi
✅ tele-bot
✅ stock-screener (VM)

[修復動作]
無需修復
【半夜巡邏報告】2026-04-11 02:00

[Mac 服務]
✅ rabbit-care (port 5200)
✅ stock-screener (port 5001)
✅ youtube-monitor
📄 今日摘要：0 支

[Oracle VM]
✅ 連線正常
💾 磁碟：15% 使用
🧠 記憶體：可用 299Mi
✅ tele-bot
✅ stock-screener (VM)

[修復動作]
無需修復
【半夜巡邏報告】2026-04-11 02:00

[Mac 服務]
✅ rabbit-care (port 5200)
✅ stock-screener (port 5001)
✅ youtube-monitor
📄 今日摘要：0 支

[Oracle VM]
✅ 連線正常
💾 磁碟：15% 使用
🧠 記憶體：可用 299Mi
✅ tele-bot
✅ stock-screener (VM)

[修復動作]
無需修復
【半夜巡邏報告】2026-04-12 02:00

[Mac 服務]
✅ rabbit-care (port 5200)
✅ stock-screener (port 5001)
✅ youtube-monitor
📄 今日摘要：1 支

[Oracle VM]
✅ 連線正常
💾 磁碟：15% 使用
🧠 記憶體：可用 312Mi
✅ tele-bot
✅ stock-screener (VM)

[修復動作]
無需修復
【半夜巡邏報告】2026-04-12 02:00

[Mac 服務]
✅ rabbit-care (port 5200)
✅ stock-screener (port 5001)
✅ youtube-monitor
📄 今日摘要：1 支

[Oracle VM]
✅ 連線正常
💾 磁碟：15% 使用
🧠 記憶體：可用 312Mi
✅ tele-bot
✅ stock-screener (VM)

[修復動作]
無需修復
【半夜巡邏報告】2026-04-13 02:00

[Mac 服務]
✅ rabbit-care (port 5200)
✅ stock-screener (port 5001)
✅ youtube-monitor
📄 今日摘要：0 支

[Oracle VM]
✅ 連線正常
💾 磁碟：15% 使用
🧠 記憶體：可用 306Mi
✅ tele-bot
✅ stock-screener (VM)

[修復動作]
無需修復
【半夜巡邏報告】2026-04-13 02:00

[Mac 服務]
✅ rabbit-care (port 5200)
✅ stock-screener (port 5001)
✅ youtube-monitor
📄 今日摘要：0 支

[Oracle VM]
✅ 連線正常
💾 磁碟：15% 使用
🧠 記憶體：可用 306Mi
✅ tele-bot
✅ stock-screener (VM)

[修復動作]
無需修復
【半夜巡邏報告】2026-04-14 02:00

[Mac 服務]
✅ rabbit-care (port 5200)
✅ stock-screener (port 5001)
✅ youtube-monitor
📄 今日摘要：1 支

[Oracle VM]
✅ 連線正常
💾 磁碟：15% 使用
🧠 記憶體：可用 309Mi
✅ tele-bot
✅ stock-screener (VM)

[修復動作]
無需修復
【半夜巡邏報告】2026-04-14 02:00

[Mac 服務]
✅ rabbit-care (port 5200)
✅ stock-screener (port 5001)
✅ youtube-monitor
📄 今日摘要：1 支

[Oracle VM]
✅ 連線正常
💾 磁碟：15% 使用
🧠 記憶體：可用 309Mi
✅ tele-bot
✅ stock-screener (VM)

[修復動作]
無需修復
【半夜巡邏報告】2026-04-15 02:00

[Mac 服務]
✅ rabbit-care (port 5200)
✅ stock-screener (port 5001)
✅ youtube-monitor
📄 今日摘要：0 支

[Oracle VM]
✅ 連線正常
💾 磁碟：15% 使用
🧠 記憶體：可用 308Mi
✅ tele-bot
✅ stock-screener (VM)

[修復動作]
無需修復
【半夜巡邏報告】2026-04-15 02:00

[Mac 服務]
✅ rabbit-care (port 5200)
✅ stock-screener (port 5001)
✅ youtube-monitor
📄 今日摘要：0 支

[Oracle VM]
✅ 連線正常
💾 磁碟：15% 使用
🧠 記憶體：可用 308Mi
✅ tele-bot
✅ stock-screener (VM)

[修復動作]
無需修復
【半夜巡邏報告】2026-04-16 02:00

[Mac 服務]
✅ rabbit-care (port 5200)
✅ stock-screener (port 5001)
✅ youtube-monitor
📄 今日摘要：1 支

[Oracle VM]
✅ 連線正常
💾 磁碟：15% 使用
🧠 記憶體：可用 307Mi
✅ tele-bot
✅ stock-screener (VM)

[修復動作]
無需修復
【半夜巡邏報告】2026-04-16 02:00

[Mac 服務]
✅ rabbit-care (port 5200)
✅ stock-screener (port 5001)
✅ youtube-monitor
📄 今日摘要：1 支

[Oracle VM]
✅ 連線正常
💾 磁碟：15% 使用
🧠 記憶體：可用 307Mi
✅ tele-bot
✅ stock-screener (VM)

[修復動作]
無需修復
【半夜巡邏報告】2026-04-17 02:00

[Mac 服務]
✅ rabbit-care (port 5200)
✅ stock-screener (port 5001)
✅ youtube-monitor
📄 今日摘要：1 支

[Oracle VM]
✅ 連線正常
💾 磁碟：15% 使用
🧠 記憶體：可用 312Mi
✅ tele-bot
✅ stock-screener (VM)

[修復動作]
無需修復
【半夜巡邏報告】2026-04-17 02:00

[Mac 服務]
✅ rabbit-care (port 5200)
✅ stock-screener (port 5001)
✅ youtube-monitor
📄 今日摘要：1 支

[Oracle VM]
✅ 連線正常
💾 磁碟：15% 使用
🧠 記憶體：可用 312Mi
✅ tele-bot
✅ stock-screener (VM)

[修復動作]
無需修復
【半夜巡邏報告】2026-04-18 02:00

[Mac 服務]
✅ rabbit-care (port 5200)
✅ stock-screener (port 5001)
✅ youtube-monitor
📄 今日摘要：1 支

[Oracle VM]
✅ 連線正常
💾 磁碟：15% 使用
🧠 記憶體：可用 297Mi
✅ tele-bot
✅ stock-screener (VM)

[修復動作]
無需修復
【半夜巡邏報告】2026-04-18 02:00

[Mac 服務]
✅ rabbit-care (port 5200)
✅ stock-screener (port 5001)
✅ youtube-monitor
📄 今日摘要：1 支

[Oracle VM]
✅ 連線正常
💾 磁碟：15% 使用
🧠 記憶體：可用 297Mi
✅ tele-bot
✅ stock-screener (VM)

[修復動作]
無需修復
【半夜巡邏報告】2026-04-19 02:00

[Mac 服務]
✅ rabbit-care (port 5200)
✅ stock-screener (port 5001)
✅ youtube-monitor
📄 今日摘要：1 支

[Oracle VM]
✅ 連線正常
💾 磁碟：15% 使用
🧠 記憶體：可用 297Mi
✅ tele-bot
✅ stock-screener (VM)

[修復動作]
無需修復
【半夜巡邏報告】2026-04-19 02:00

[Mac 服務]
✅ rabbit-care (port 5200)
✅ stock-screener (port 5001)
✅ youtube-monitor
📄 今日摘要：1 支

[Oracle VM]
✅ 連線正常
💾 磁碟：15% 使用
🧠 記憶體：可用 297Mi
✅ tele-bot
✅ stock-screener (VM)

[修復動作]
無需修復
【半夜巡邏報告】2026-04-20 02:00

[Mac 服務]
✅ rabbit-care (port 5200)
✅ stock-screener (port 5001)
✅ youtube-monitor
📄 今日摘要：0 支

[Oracle VM]
✅ 連線正常
💾 磁碟：15% 使用
🧠 記憶體：可用 331Mi
✅ tele-bot
✅ stock-screener (VM)

[修復動作]
無需修復
【半夜巡邏報告】2026-04-20 02:00

[Mac 服務]
✅ rabbit-care (port 5200)
✅ stock-screener (port 5001)
✅ youtube-monitor
📄 今日摘要：0 支

[Oracle VM]
✅ 連線正常
💾 磁碟：15% 使用
🧠 記憶體：可用 331Mi
✅ tele-bot
✅ stock-screener (VM)

[修復動作]
無需修復
【半夜巡邏報告】2026-04-21 02:00

[Mac 服務]
✅ rabbit-care (port 5200)
✅ stock-screener (port 5001)
✅ youtube-monitor
📄 今日摘要：0 支

[Oracle VM]
✅ 連線正常
💾 磁碟：15% 使用
🧠 記憶體：可用 309Mi
✅ tele-bot
✅ stock-screener (VM)

[修復動作]
無需修復
【半夜巡邏報告】2026-04-21 02:00

[Mac 服務]
✅ rabbit-care (port 5200)
✅ stock-screener (port 5001)
✅ youtube-monitor
📄 今日摘要：0 支

[Oracle VM]
✅ 連線正常
💾 磁碟：15% 使用
🧠 記憶體：可用 309Mi
✅ tele-bot
✅ stock-screener (VM)

[修復動作]
無需修復
【半夜巡邏報告】2026-04-22 02:00

[Mac 服務]
✅ rabbit-care (port 5200)
✅ stock-screener (port 5001)
✅ youtube-monitor
📄 今日摘要：0 支

[Oracle VM]
✅ 連線正常
💾 磁碟：15% 使用
🧠 記憶體：可用 330Mi
✅ tele-bot
✅ stock-screener (VM)

[修復動作]
無需修復
【半夜巡邏報告】2026-04-22 02:00

[Mac 服務]
✅ rabbit-care (port 5200)
✅ stock-screener (port 5001)
✅ youtube-monitor
📄 今日摘要：0 支

[Oracle VM]
✅ 連線正常
💾 磁碟：15% 使用
🧠 記憶體：可用 330Mi
✅ tele-bot
✅ stock-screener (VM)

[修復動作]
無需修復
【半夜巡邏報告】2026-04-23 02:00

[Mac 服務]
✅ rabbit-care (port 5200)
✅ stock-screener (port 5001)
✅ youtube-monitor
📄 今日摘要：1 支

[Oracle VM]
✅ 連線正常
💾 磁碟：16% 使用
🧠 記憶體：可用 322Mi
✅ tele-bot
✅ stock-screener (VM)

[修復動作]
無需修復
【半夜巡邏報告】2026-04-23 02:00

[Mac 服務]
✅ rabbit-care (port 5200)
✅ stock-screener (port 5001)
✅ youtube-monitor
📄 今日摘要：1 支

[Oracle VM]
✅ 連線正常
💾 磁碟：16% 使用
🧠 記憶體：可用 322Mi
✅ tele-bot
✅ stock-screener (VM)

[修復動作]
無需修復
【半夜巡邏報告】2026-04-24 02:00

[Mac 服務]
✅ rabbit-care (port 5200)
✅ stock-screener (port 5001)
✅ youtube-monitor
📄 今日摘要：2 支

[Oracle VM]
❌ 連線失敗

[修復動作]
無需修復
【半夜巡邏報告】2026-04-24 02:00

[Mac 服務]
✅ rabbit-care (port 5200)
✅ stock-screener (port 5001)
✅ youtube-monitor
📄 今日摘要：2 支

[Oracle VM]
❌ 連線失敗

[修復動作]
無需修復
【半夜巡邏報告】2026-04-25 02:00

[Mac 服務]
✅ rabbit-care (port 5200)
✅ stock-screener (port 5001)
✅ youtube-monitor
📄 今日摘要：4 支

[Oracle VM]
❌ 連線失敗

[修復動作]
無需修復
【半夜巡邏報告】2026-04-25 02:00

[Mac 服務]
✅ rabbit-care (port 5200)
✅ stock-screener (port 5001)
✅ youtube-monitor
📄 今日摘要：4 支

[Oracle VM]
❌ 連線失敗

[修復動作]
無需修復
