2026-04-13 13:01:02.169 | WARNING  | importlib._bootstrap:_call_with_frames_removed:488 - Optional: pip install shioaji[speed] or uv add shioaji --extra speed for better performance.
2026-04-13 13:01:02,229 INFO ===== 開始隔日沖選股（Shioaji）=====
2026-04-13 13:01:03,567 INFO [sj] 永豐 API 登入成功
2026-04-13 13:01:03,591 INFO [sj] 取得 2314 檔股票合約
2026-04-13 13:01:04,688 INFO 初步篩選（漲幅3-7%）: 共 0 檔
2026-04-13 13:01:04,689 INFO 無初步候選股，可能是非交易日或 API 無資料
Response Code: 0 | Event Code: 0 | Info: host '210.59.255.161:80', hostname '210.59.255.161:80' IP 210.59.255.161:80 (host 1 of 1) (host connection attempt 1 of 1) (total connection attempt 1 of 1) | Event: Session up
Response Code: 200 | Event Code: 16 | Info: APISUB/V1/SYS/CONTRACT | Event: Subscribe or Unsubscribe ok
📊 隔日沖選股 04/13 13:01

⚠️ 今日無符合所有條件的標的

篩選條件（楊永興一夜持股法）：
• 漲幅 3%~5%
• 量比 > 1
• 換手率 3%~8%
• 市值 50~300億
• 成交量台階式放大
• 均線多頭排列
• 現價 > VWAP 且 > 開盤
• 現價距日高 < 8%
• 三大法人淨買超 ≥ 0
2026-04-14 13:01:01.369 | WARNING  | importlib._bootstrap:_call_with_frames_removed:488 - Optional: pip install shioaji[speed] or uv add shioaji --extra speed for better performance.
2026-04-14 13:01:01,424 INFO ===== 開始隔日沖選股（Shioaji）=====
2026-04-14 13:01:02,707 INFO [sj] 永豐 API 登入成功
2026-04-14 13:01:02,733 INFO [sj] 取得 2314 檔股票合約
2026-04-14 13:01:04,125 INFO 初步篩選（漲幅3-7%）: 共 0 檔
2026-04-14 13:01:04,138 INFO 無初步候選股，可能是非交易日或 API 無資料
Response Code: 0 | Event Code: 0 | Info: host '210.59.255.161:80', hostname '210.59.255.161:80' IP 210.59.255.161:80 (host 1 of 1) (host connection attempt 1 of 1) (total connection attempt 1 of 1) | Event: Session up
Response Code: 200 | Event Code: 16 | Info: APISUB/V1/SYS/CONTRACT | Event: Subscribe or Unsubscribe ok
📊 隔日沖選股 04/14 13:01

⚠️ 今日無符合所有條件的標的

篩選條件（楊永興一夜持股法）：
• 漲幅 3%~5%
• 量比 > 1
• 換手率 3%~8%
• 市值 50~300億
• 成交量台階式放大
• 均線多頭排列
• 現價 > VWAP 且 > 開盤
• 現價距日高 < 8%
• 三大法人淨買超 ≥ 0
2026-04-15 13:01:02.035 | WARNING  | importlib._bootstrap:_call_with_frames_removed:488 - Optional: pip install shioaji[speed] or uv add shioaji --extra speed for better performance.
2026-04-15 13:01:02,094 INFO ===== 開始隔日沖選股（Shioaji）=====
2026-04-15 13:01:03,529 INFO [sj] 永豐 API 登入成功
2026-04-15 13:01:03,563 INFO [sj] 取得 2314 檔股票合約
2026-04-15 13:01:05,528 INFO 初步篩選（漲幅3-7%）: 共 0 檔
2026-04-15 13:01:05,529 INFO 無初步候選股，可能是非交易日或 API 無資料
Response Code: 0 | Event Code: 0 | Info: host '210.59.255.161:80', hostname '210.59.255.161:80' IP 210.59.255.161:80 (host 1 of 1) (host connection attempt 1 of 1) (total connection attempt 1 of 1) | Event: Session up
Response Code: 200 | Event Code: 16 | Info: APISUB/V1/SYS/CONTRACT | Event: Subscribe or Unsubscribe ok
📊 隔日沖選股 04/15 13:01

⚠️ 今日無符合所有條件的標的

篩選條件（楊永興一夜持股法）：
• 漲幅 3%~5%
• 量比 > 1
• 換手率 3%~8%
• 市值 50~300億
• 成交量台階式放大
• 均線多頭排列
• 現價 > VWAP 且 > 開盤
• 現價距日高 < 8%
• 三大法人淨買超 ≥ 0
2026-04-16 13:01:02.447 | WARNING  | importlib._bootstrap:_call_with_frames_removed:488 - Optional: pip install shioaji[speed] or uv add shioaji --extra speed for better performance.
2026-04-16 13:01:02,515 INFO ===== 開始隔日沖選股（Shioaji）=====
2026-04-16 13:01:04,739 INFO [sj] 永豐 API 登入成功
2026-04-16 13:01:04,768 INFO [sj] 取得 2314 檔股票合約
2026-04-16 13:01:05,278 INFO 初步篩選（漲幅3-7%）: 共 0 檔
2026-04-16 13:01:05,278 INFO 無初步候選股，可能是非交易日或 API 無資料
Response Code: 0 | Event Code: 0 | Info: host '210.59.255.161:80', hostname '210.59.255.161:80' IP 210.59.255.161:80 (host 1 of 1) (host connection attempt 1 of 1) (total connection attempt 1 of 1) | Event: Session up
Response Code: 200 | Event Code: 16 | Info: APISUB/V1/SYS/CONTRACT | Event: Subscribe or Unsubscribe ok
📊 隔日沖選股 04/16 13:01

⚠️ 今日無符合所有條件的標的

篩選條件（楊永興一夜持股法）：
• 漲幅 3%~5%
• 量比 > 1
• 換手率 3%~8%
• 市值 50~300億
• 成交量台階式放大
• 均線多頭排列
• 現價 > VWAP 且 > 開盤
• 現價距日高 < 8%
• 三大法人淨買超 ≥ 0
2026-04-17 13:01:01.531 | WARNING  | importlib._bootstrap:_call_with_frames_removed:488 - Optional: pip install shioaji[speed] or uv add shioaji --extra speed for better performance.
2026-04-17 13:01:01,591 INFO ===== 開始隔日沖選股（Shioaji）=====
2026-04-17 13:01:02,858 INFO [sj] 永豐 API 登入成功
2026-04-17 13:01:02,880 INFO [sj] 取得 2314 檔股票合約
2026-04-17 13:01:04,080 INFO 初步篩選（漲幅3-7%）: 共 0 檔
2026-04-17 13:01:04,081 INFO 無初步候選股，可能是非交易日或 API 無資料
Response Code: 0 | Event Code: 0 | Info: host '210.59.255.161:80', hostname '210.59.255.161:80' IP 210.59.255.161:80 (host 1 of 1) (host connection attempt 1 of 1) (total connection attempt 1 of 1) | Event: Session up
Response Code: 200 | Event Code: 16 | Info: APISUB/V1/SYS/CONTRACT | Event: Subscribe or Unsubscribe ok
📊 隔日沖選股 04/17 13:01

⚠️ 今日無符合所有條件的標的

篩選條件（楊永興一夜持股法）：
• 漲幅 3%~5%
• 量比 > 1
• 換手率 3%~8%
• 市值 50~300億
• 成交量台階式放大
• 均線多頭排列
• 現價 > VWAP 且 > 開盤
• 現價距日高 < 8%
• 三大法人淨買超 ≥ 0
2026-04-20 13:01:01.716 | WARNING  | importlib._bootstrap:_call_with_frames_removed:488 - Optional: pip install shioaji[speed] or uv add shioaji --extra speed for better performance.
2026-04-20 13:01:01,795 INFO ===== 開始隔日沖選股（Shioaji）=====
2026-04-20 13:01:08,224 INFO [sj] 永豐 API 登入成功
2026-04-20 13:01:08,248 INFO [sj] 取得 2314 檔股票合約
2026-04-20 13:01:19,024 INFO 初步篩選（漲幅3-7%）: 共 0 檔
2026-04-20 13:01:19,025 INFO 無初步候選股，可能是非交易日或 API 無資料
Response Code: 0 | Event Code: 0 | Info: host '210.59.255.161:80', hostname '210.59.255.161:80' IP 210.59.255.161:80 (host 1 of 1) (host connection attempt 1 of 1) (total connection attempt 1 of 1) | Event: Session up
Response Code: 200 | Event Code: 16 | Info: APISUB/V1/SYS/CONTRACT | Event: Subscribe or Unsubscribe ok
📊 隔日沖選股 04/20 13:01

⚠️ 今日無符合所有條件的標的

篩選條件（楊永興一夜持股法）：
• 漲幅 3%~5%
• 量比 > 1
• 換手率 3%~8%
• 市值 50~300億
• 成交量台階式放大
• 均線多頭排列
• 現價 > VWAP 且 > 開盤
• 現價距日高 < 8%
• 三大法人淨買超 ≥ 0
2026-04-21 13:01:01.622 | WARNING  | importlib._bootstrap:_call_with_frames_removed:488 - Optional: pip install shioaji[speed] or uv add shioaji --extra speed for better performance.
2026-04-21 13:01:01,682 INFO ===== 開始隔日沖選股（Shioaji）=====
2026-04-21 13:01:06,989 ERROR {'status': {'status_code': 451}, 'response': {'token': '', 'accounts': [], 'detail': 'Too Many Connections.', 'ip_address': '220.141.9.217', 'person_id': 'N124711691', 'client_name': '', 'contract_download': False, 'web_token': '', 'solace_props': None}}
2026-04-21 13:01:06,989 WARNING Shioaji 不可用，改用 TWSE: {'status': {'status_code': 451}, 'response': {'token': '', 'accounts': [], 'detail': 'Too Many Connections.', 'ip_address': '220.141.9.217', 'person_id': 'N124711691', 'client_name': '', 'contract_download': False, 'web_token': '', 'solace_props': None}}
2026-04-21 13:01:09,990 ERROR TWSE API 失敗: HTTPSConnectionPool(host='openapi.twse.com.tw', port=443): Max retries exceeded with url: /v1/exchangeReport/STOCK_DAY_ALL (Caused by SSLError(SSLCertVerificationError(1, '[SSL: CERTIFICATE_VERIFY_FAILED] certificate verify failed: Missing Subject Key Identifier (_ssl.c:1032)')))
2026-04-21 13:01:12,317 ERROR TPEx API 失敗: HTTPSConnectionPool(host='www.tpex.org.tw', port=443): Max retries exceeded with url: /openapi/v1/tpex_mainboard_daily_close_quotes (Caused by SSLError(SSLCertVerificationError(1, '[SSL: CERTIFICATE_VERIFY_FAILED] certificate verify failed: Missing Subject Key Identifier (_ssl.c:1032)')))
2026-04-21 13:01:12,317 INFO 無初步候選股，可能是非交易日或 API 無資料
Response Code: 0 | Event Code: 0 | Info: host '210.59.255.161:80', hostname '210.59.255.161:80' IP 210.59.255.161:80 (host 1 of 1) (host connection attempt 1 of 1) (total connection attempt 1 of 1) | Event: Session up
📊 隔日沖選股 04/21 13:01

⚠️ 今日無符合所有條件的標的

篩選條件（楊永興一夜持股法）：
• 漲幅 3%~5%
• 量比 > 1
• 換手率 3%~8%
• 市值 50~300億
• 成交量台階式放大
• 均線多頭排列
• 現價 > VWAP 且 > 開盤
• 現價距日高 < 8%
• 三大法人淨買超 ≥ 0
2026-04-22 13:01:01.710 | WARNING  | importlib._bootstrap:_call_with_frames_removed:488 - Optional: pip install shioaji[speed] or uv add shioaji --extra speed for better performance.
2026-04-22 13:01:01,772 INFO ===== 開始隔日沖選股（Shioaji）=====
2026-04-22 13:01:03,016 INFO [sj] 永豐 API 登入成功
2026-04-22 13:01:03,037 INFO [sj] 取得 2316 檔股票合約
2026-04-22 13:01:03,441 INFO 初步篩選（漲幅3-7%）: 共 0 檔
2026-04-22 13:01:03,442 INFO 無初步候選股，可能是非交易日或 API 無資料
Response Code: 0 | Event Code: 0 | Info: host '210.59.255.161:80', hostname '210.59.255.161:80' IP 210.59.255.161:80 (host 1 of 1) (host connection attempt 1 of 1) (total connection attempt 1 of 1) | Event: Session up
Response Code: 200 | Event Code: 16 | Info: APISUB/V1/SYS/CONTRACT | Event: Subscribe or Unsubscribe ok
📊 隔日沖選股 04/22 13:01

⚠️ 今日無符合所有條件的標的

篩選條件（楊永興一夜持股法）：
• 漲幅 3%~5%
• 量比 > 1
• 換手率 3%~8%
• 市值 50~300億
• 成交量台階式放大
• 均線多頭排列
• 現價 > VWAP 且 > 開盤
• 現價距日高 < 8%
• 三大法人淨買超 ≥ 0
