2026-03-30 12:30:02.065 | INFO     | FinMind.data.finmind_api:login_by_token:84 - Login success
2026-03-30 12:30:02.150 | INFO     | FinMind.data.finmind_api:login_by_token:84 - Login success
2026-03-30 12:30:02.323 | INFO     | FinMind.data.finmind_api:get_data:153 - download Dataset.TaiwanStockInstitutionalInvestorsBuySell, data_id: 2313
2026-03-30 12:30:02.732 | INFO     | FinMind.data.finmind_api:get_data:153 - download Dataset.TaiwanStockPrice, data_id: 2313
2026-03-30 12:30:02.797 | INFO     | FinMind.data.finmind_api:get_data:153 - download Dataset.TaiwanStockInstitutionalInvestorsBuySell, data_id: 2355
2026-03-30 12:30:02.878 | INFO     | FinMind.data.finmind_api:get_data:153 - download Dataset.TaiwanStockPrice, data_id: 2355
2026-03-30 12:30:02.944 | INFO     | FinMind.data.finmind_api:get_data:153 - download Dataset.TaiwanStockInstitutionalInvestorsBuySell, data_id: 3715
2026-03-30 12:30:03.461 | INFO     | FinMind.data.finmind_api:get_data:153 - download Dataset.TaiwanStockPrice, data_id: 3715
2026-03-30 12:30:03.520 | INFO     | FinMind.data.finmind_api:get_data:153 - download Dataset.TaiwanStockInstitutionalInvestorsBuySell, data_id: 1905
2026-03-30 12:30:04.075 | INFO     | FinMind.data.finmind_api:get_data:153 - download Dataset.TaiwanStockPrice, data_id: 1905
2026-03-30 12:30:04.143 | INFO     | FinMind.data.finmind_api:get_data:153 - download Dataset.TaiwanStockInstitutionalInvestorsBuySell, data_id: 2489
2026-03-30 12:30:04.216 | INFO     | FinMind.data.finmind_api:get_data:153 - download Dataset.TaiwanStockPrice, data_id: 2489
2026-03-30 12:30:04.281 | INFO     | FinMind.data.finmind_api:get_data:153 - download Dataset.TaiwanStockInstitutionalInvestorsBuySell, data_id: 1802
2026-03-30 12:30:04.360 | INFO     | FinMind.data.finmind_api:get_data:153 - download Dataset.TaiwanStockPrice, data_id: 1802
2026-03-30 12:30:04.424 | INFO     | FinMind.data.finmind_api:get_data:153 - download Dataset.TaiwanStockInstitutionalInvestorsBuySell, data_id: 4958
2026-03-30 12:30:04.500 | INFO     | FinMind.data.finmind_api:get_data:153 - download Dataset.TaiwanStockPrice, data_id: 4958
2026-03-30 12:30:04.563 | INFO     | FinMind.data.finmind_api:get_data:153 - download Dataset.TaiwanStockInstitutionalInvestorsBuySell, data_id: 6285
2026-03-30 12:30:04.638 | INFO     | FinMind.data.finmind_api:get_data:153 - download Dataset.TaiwanStockPrice, data_id: 6285
2026-03-30 12:30:04.707 | INFO     | FinMind.data.finmind_api:get_data:153 - download Dataset.TaiwanStockInstitutionalInvestorsBuySell, data_id: 2419
2026-03-30 12:30:05.677 | INFO     | FinMind.data.finmind_api:get_data:153 - download Dataset.TaiwanStockPrice, data_id: 2419
2026-03-30 12:30:05.740 | INFO     | FinMind.data.finmind_api:get_data:153 - download Dataset.TaiwanStockInstitutionalInvestorsBuySell, data_id: 1528
2026-03-30 12:30:05.821 | INFO     | FinMind.data.finmind_api:get_data:153 - download Dataset.TaiwanStockPrice, data_id: 1528
2026-03-30 12:30:05.881 | INFO     | FinMind.data.finmind_api:get_data:153 - download Dataset.TaiwanStockInstitutionalInvestorsBuySell, data_id: 3026
2026-03-30 12:30:05.952 | INFO     | FinMind.data.finmind_api:get_data:153 - download Dataset.TaiwanStockPrice, data_id: 3026
2026-03-30 12:30:06.013 | INFO     | FinMind.data.finmind_api:get_data:153 - download Dataset.TaiwanStockInstitutionalInvestorsBuySell, data_id: 4919
2026-03-30 12:30:06.466 | INFO     | FinMind.data.finmind_api:get_data:153 - download Dataset.TaiwanStockPrice, data_id: 4919
2026-03-30 12:30:06.531 | INFO     | FinMind.data.finmind_api:get_data:153 - download Dataset.TaiwanStockInstitutionalInvestorsBuySell, data_id: 1582
2026-03-30 12:30:06.614 | INFO     | FinMind.data.finmind_api:get_data:153 - download Dataset.TaiwanStockPrice, data_id: 1582
2026-03-30 12:30:06.692 | INFO     | FinMind.data.finmind_api:get_data:153 - download Dataset.TaiwanStockInstitutionalInvestorsBuySell, data_id: 6213
2026-03-30 12:30:06.766 | INFO     | FinMind.data.finmind_api:get_data:153 - download Dataset.TaiwanStockPrice, data_id: 6213
2026-03-30 12:30:06.825 | INFO     | FinMind.data.finmind_api:get_data:153 - download Dataset.TaiwanStockInstitutionalInvestorsBuySell, data_id: 3062
2026-03-30 12:30:07.550 | INFO     | FinMind.data.finmind_api:get_data:153 - download Dataset.TaiwanStockPrice, data_id: 3062
2026-03-30 12:30:07.612 | INFO     | FinMind.data.finmind_api:get_data:153 - download Dataset.TaiwanStockInstitutionalInvestorsBuySell, data_id: 5871
2026-03-30 12:30:07.699 | INFO     | FinMind.data.finmind_api:get_data:153 - download Dataset.TaiwanStockPrice, data_id: 5871
2026-03-30 12:30:07.762 | INFO     | FinMind.data.finmind_api:get_data:153 - download Dataset.TaiwanStockInstitutionalInvestorsBuySell, data_id: 1309
2026-03-30 12:30:08.458 | INFO     | FinMind.data.finmind_api:get_data:153 - download Dataset.TaiwanStockPrice, data_id: 1309
2026-03-30 12:30:08.523 | INFO     | FinMind.data.finmind_api:get_data:153 - download Dataset.TaiwanStockInstitutionalInvestorsBuySell, data_id: 2484
2026-03-30 12:30:08.594 | INFO     | FinMind.data.finmind_api:get_data:153 - download Dataset.TaiwanStockPrice, data_id: 2484
2026-03-30 12:30:08.657 | INFO     | FinMind.data.finmind_api:get_data:153 - download Dataset.TaiwanStockInstitutionalInvestorsBuySell, data_id: 1909
2026-03-30 12:30:09.081 | INFO     | FinMind.data.finmind_api:get_data:153 - download Dataset.TaiwanStockPrice, data_id: 1909
2026-03-30 12:30:09.192 | INFO     | FinMind.data.finmind_api:get_data:153 - download Dataset.TaiwanStockInstitutionalInvestorsBuySell, data_id: 2485
2026-03-30 12:30:09.669 | INFO     | FinMind.data.finmind_api:get_data:153 - download Dataset.TaiwanStockPrice, data_id: 2485
2026-03-30 12:30:09.803 | INFO     | FinMind.data.finmind_api:get_data:153 - download Dataset.TaiwanStockPrice, data_id: 3006
2026-03-30 12:30:09.865 | INFO     | FinMind.data.finmind_api:get_data:153 - download Dataset.TaiwanStockInstitutionalInvestorsBuySell, data_id: 3006
2026-03-30 12:30:10.274 | INFO     | FinMind.data.finmind_api:get_data:153 - download Dataset.TaiwanStockPrice, data_id: 2344
2026-03-30 12:30:10.334 | INFO     | FinMind.data.finmind_api:get_data:153 - download Dataset.TaiwanStockInstitutionalInvestorsBuySell, data_id: 2344
2026-03-30 12:30:10.418 | INFO     | FinMind.data.finmind_api:get_data:153 - download Dataset.TaiwanFuturesInstitutionalInvestors, data_id: TX
🌙 <b>隔日沖候選</b>｜2026-03-30 12:30

🌐 大盤外資期貨（2026-03-27）：偏空 ↓（-39,919 口）

📋 <b>篩選條件</b>
量&gt;5000張 ＋ 漲&gt;2% ＋ 收高70%+ ＋ 外資買超

✅ 符合 14 檔：

🟢 <b>2313 華通</b>
   收:270.0  漲:+10.0%  收盤位:100%
   量:156,245張（均106,827）  外資:+10,322張
   量平穩

🟢 <b>3715 定穎投控</b>
   收:203.5  漲:+10.0%  收盤位:100%
   量:76,656張（均47,852）  外資:+4,259張
   量平穩

🟢 <b>1802 台玻</b>
   收:54.9  漲:+3.0%  收盤位:98%
   量:56,916張（均80,503）  外資:+2,281張
   量平穩

🟢 <b>6285 啟碁</b>
   收:188.5  漲:+9.6%  收盤位:98%
   量:46,939張（均26,383）  外資:+10,707張
   量平穩

🟢 <b>3026 禾伸堂</b>
   收:151.0  漲:+3.1%  收盤位:72%
   量:28,955張（均9,411）  外資:+3,340張
   爆量3.1x 收高 → 強勢吸貨 ✅

🟢 <b>4919 新唐</b>
   收:102.5  漲:+10.0%  收盤位:100%
   量:28,648張（均27,073）  外資:+1,512張
   量平穩

🟢 <b>1582 信錦</b>
   收:102.0  漲:+9.7%  收盤位:100%
   量:26,631張（均8,703）  外資:+1,260張
   爆量3.1x 收高 → 強勢吸貨 ✅

🟢 <b>6213 聯茂</b>
   收:158.0  漲:+9.7%  收盤位:100%
   量:25,477張（均13,681）  外資:+1,338張
   量平穩

⚡ 進場：收盤前30分鐘（14:00~14:30）確認量增收高再買
🛑 出場：隔日開盤漲2~4%賣，開盤跳空綠立刻出

👀 <b>自選股狀況</b>
📌 3006 晶豪科  收:172  漲:+9.2%  量:5,943張
   量平穩  外資+273張
📌 2344 華邦電  收:92  漲:+2.4%  量:159,719張
   量平穩  外資+24,119張

⚠️ 數據參考，非投資建議，買賣自負
2026-03-31 12:30:03.885 | WARNING  | importlib._bootstrap:_call_with_frames_removed:491 - Optional: pip install shioaji[speed] or uv add shioaji --extra speed for better performance.
2026-03-31 12:30:04.309 | INFO     | FinMind.data.finmind_api:login_by_token:84 - Login success
2026-03-31 12:30:04.395 | INFO     | FinMind.data.finmind_api:login_by_token:84 - Login success
Response Code: 0 | Event Code: 0 | Info: host '210.59.255.161:80', hostname '210.59.255.161:80' IP 210.59.255.161:80 (host 1 of 1) (host connection attempt 1 of 1) (total connection attempt 1 of 1) | Event: Session up
Traceback (most recent call last):
  File "/Users/steven/CCProject/finmind/swing_alert.py", line 195, in <module>
    df = get_sj_snapshot_all()
  File "/Users/steven/CCProject/finmind/swing_alert.py", line 82, in get_sj_snapshot_all
    api = _get_sj()
  File "/Users/steven/CCProject/finmind/swing_alert.py", line 43, in _get_sj
    _sj_api.login(
    ~~~~~~~~~~~~~^
        api_key=os.environ['SHIOAJI_API_KEY'],
        ^^^^^^^^^^^^^^^^^^^^^^^^^^^^^^^^^^^^^^
        secret_key=os.environ['SHIOAJI_SECRET_KEY'],
        ^^^^^^^^^^^^^^^^^^^^^^^^^^^^^^^^^^^^^^^^^^^^
    )
    ^
  File "/Users/steven/CCProject/finmind/venv/lib/python3.14/site-packages/shioaji/shioaji.py", line 347, in login
    accounts, contract_download, person_id = self._solace.token_login(
                                             ~~~~~~~~~~~~~~~~~~~~~~~~^
        api_key, secret_key, subscribe_trade, receive_window
        ^^^^^^^^^^^^^^^^^^^^^^^^^^^^^^^^^^^^^^^^^^^^^^^^^^^^
    )
    ^
  File "api.pyx", line 738, in api.SolaceAPI.token_login
  File "/Users/steven/CCProject/finmind/venv/lib/python3.14/site-packages/shioaji/utils.py", line 57, in raise_resp_error
    raise Exception(resp)
Exception: {'status': {'status_code': 400}, 'response': {'token': '', 'accounts': [], 'detail': 'key: BRwGK1MrAbhSoBc7biaVwRAGdFfF7tWzER2TKvhH4Cyx not exist.', 'ip_address': '59.115.247.178', 'person_id': '', 'client_name': '', 'contract_download': False, 'web_token': '', 'solace_props': None}}
2026-04-01 12:30:02.320 | WARNING  | importlib._bootstrap:_call_with_frames_removed:491 - Optional: pip install shioaji[speed] or uv add shioaji --extra speed for better performance.
2026-04-01 12:30:02.965 | INFO     | FinMind.data.finmind_api:login_by_token:84 - Login success
2026-04-01 12:30:03.051 | INFO     | FinMind.data.finmind_api:login_by_token:84 - Login success
2026-04-01 12:30:05.778 | INFO     | FinMind.data.finmind_api:get_data:153 - download Dataset.TaiwanStockInstitutionalInvestorsBuySell, data_id: 3006
2026-04-01 12:30:06.938 | INFO     | FinMind.data.finmind_api:get_data:153 - download Dataset.TaiwanStockInstitutionalInvestorsBuySell, data_id: 2344
2026-04-01 12:30:07.973 | INFO     | FinMind.data.finmind_api:get_data:153 - download Dataset.TaiwanFuturesInstitutionalInvestors, data_id: TX
Response Code: 0 | Event Code: 0 | Info: host '210.59.255.161:80', hostname '210.59.255.161:80' IP 210.59.255.161:80 (host 1 of 1) (host connection attempt 1 of 1) (total connection attempt 1 of 1) | Event: Session up
[sj] 永豐 API 登入成功
Response Code: 200 | Event Code: 16 | Info: APISUB/V1/SYS/CONTRACT | Event: Subscribe or Unsubscribe ok
🌙 <b>隔日沖候選</b>｜2026-04-01 12:30

🌐 大盤外資期貨（2026-03-31）：偏空 ↓（-37,214 口）

📋 <b>篩選條件</b>
量&gt;5000張 ＋ 漲&gt;2% ＋ 收高70%+ ＋ 外資買超

❌ 今日無符合隔日沖條件標的（外資未買超）

👀 <b>自選股狀況</b>
📌 3006 晶豪科  收:157  漲:+4.7%  量:2張
   縮量上漲 → 力道偏弱 🔍  外資+229張
📌 2344 華邦電  收:92  漲:+2.0%  量:147張
   量平穩  外資+5,077張

⚠️ 數據參考，非投資建議，買賣自負
2026-04-02 12:30:01.645 | WARNING  | importlib._bootstrap:_call_with_frames_removed:491 - Optional: pip install shioaji[speed] or uv add shioaji --extra speed for better performance.
2026-04-02 12:30:02.122 | INFO     | FinMind.data.finmind_api:login_by_token:84 - Login success
2026-04-02 12:30:02.182 | INFO     | FinMind.data.finmind_api:login_by_token:84 - Login success
2026-04-02 12:30:04.858 | INFO     | FinMind.data.finmind_api:get_data:153 - download Dataset.TaiwanStockInstitutionalInvestorsBuySell, data_id: 3006
2026-04-02 12:30:05.206 | INFO     | FinMind.data.finmind_api:get_data:153 - download Dataset.TaiwanStockInstitutionalInvestorsBuySell, data_id: 2344
2026-04-02 12:30:05.285 | INFO     | FinMind.data.finmind_api:get_data:153 - download Dataset.TaiwanFuturesInstitutionalInvestors, data_id: TX
Response Code: 0 | Event Code: 0 | Info: host '210.59.255.161:80', hostname '210.59.255.161:80' IP 210.59.255.161:80 (host 1 of 1) (host connection attempt 1 of 1) (total connection attempt 1 of 1) | Event: Session up
[sj] 永豐 API 登入成功
Response Code: 200 | Event Code: 16 | Info: APISUB/V1/SYS/CONTRACT | Event: Subscribe or Unsubscribe ok
🌙 <b>隔日沖候選</b>｜2026-04-02 12:30

🌐 大盤外資期貨（2026-04-01）：偏空 ↓（-31,373 口）

📋 <b>篩選條件</b>
量&gt;5000張 ＋ 漲&gt;2% ＋ 收高70%+ ＋ 外資買超

❌ 今日無符合隔日沖條件標的（外資未買超）

👀 <b>自選股狀況</b>
📌 3006 晶豪科  收:150  漲:-3.8%  量:2張
   縮量回檔 → 健康整理 ✅  外資-950張
📌 2344 華邦電  收:93  漲:-0.1%  量:148張
   量平穩  外資-30,628張

⚠️ 數據參考，非投資建議，買賣自負
2026-04-03 12:30:01.785 | WARNING  | importlib._bootstrap:_call_with_frames_removed:491 - Optional: pip install shioaji[speed] or uv add shioaji --extra speed for better performance.
2026-04-03 12:30:02.374 | INFO     | FinMind.data.finmind_api:login_by_token:84 - Login success
2026-04-03 12:30:02.424 | INFO     | FinMind.data.finmind_api:login_by_token:84 - Login success
2026-04-03 12:30:04.772 | INFO     | FinMind.data.finmind_api:get_data:153 - download Dataset.TaiwanStockInstitutionalInvestorsBuySell, data_id: 3006
2026-04-03 12:30:05.110 | INFO     | FinMind.data.finmind_api:get_data:153 - download Dataset.TaiwanStockInstitutionalInvestorsBuySell, data_id: 2344
2026-04-03 12:30:06.045 | INFO     | FinMind.data.finmind_api:get_data:153 - download Dataset.TaiwanFuturesInstitutionalInvestors, data_id: TX
Response Code: 0 | Event Code: 0 | Info: host '210.59.255.161:80', hostname '210.59.255.161:80' IP 210.59.255.161:80 (host 1 of 1) (host connection attempt 1 of 1) (total connection attempt 1 of 1) | Event: Session up
[sj] 永豐 API 登入成功
Response Code: 200 | Event Code: 16 | Info: APISUB/V1/SYS/CONTRACT | Event: Subscribe or Unsubscribe ok
🌙 <b>隔日沖候選</b>｜2026-04-03 12:30

🌐 大盤外資期貨（2026-04-02）：偏空 ↓（-34,855 口）

📋 <b>篩選條件</b>
量&gt;5000張 ＋ 漲&gt;2% ＋ 收高70%+ ＋ 外資買超

❌ 今日無符合隔日沖條件標的（外資未買超）

👀 <b>自選股狀況</b>
📌 3006 晶豪科  收:150  漲:-3.8%  量:2張
   量平穩  外資-183張
📌 2344 華邦電  收:92  漲:-1.4%  量:182張
   量平穩  外資+8,415張

⚠️ 數據參考，非投資建議，買賣自負
2026-04-06 12:30:01.761 | WARNING  | importlib._bootstrap:_call_with_frames_removed:491 - Optional: pip install shioaji[speed] or uv add shioaji --extra speed for better performance.
2026-04-06 12:30:02.223 | INFO     | FinMind.data.finmind_api:login_by_token:84 - Login success
2026-04-06 12:30:02.283 | INFO     | FinMind.data.finmind_api:login_by_token:84 - Login success
Response Code: 0 | Event Code: 0 | Info: host '210.59.255.161:80', hostname '210.59.255.161:80' IP 210.59.255.161:80 (host 1 of 1) (host connection attempt 1 of 1) (total connection attempt 1 of 1) | Event: Session up
Traceback (most recent call last):
  File "/Users/steven/CCProject/finmind/swing_alert.py", line 208, in <module>
    df = get_sj_snapshot_all()
  File "/Users/steven/CCProject/finmind/swing_alert.py", line 95, in get_sj_snapshot_all
    api = _get_sj()
  File "/Users/steven/CCProject/finmind/swing_alert.py", line 56, in _get_sj
    _sj_api.login(
    ~~~~~~~~~~~~~^
        api_key=os.environ['SHIOAJI_API_KEY'],
        ^^^^^^^^^^^^^^^^^^^^^^^^^^^^^^^^^^^^^^
        secret_key=os.environ['SHIOAJI_SECRET_KEY'],
        ^^^^^^^^^^^^^^^^^^^^^^^^^^^^^^^^^^^^^^^^^^^^
    )
    ^
  File "/Users/steven/CCProject/finmind/venv/lib/python3.14/site-packages/shioaji/shioaji.py", line 356, in login
    self.fetch_contracts(contract_download, contracts_timeout, contracts_cb)
    ~~~~~~~~~~~~~~~~~~~~^^^^^^^^^^^^^^^^^^^^^^^^^^^^^^^^^^^^^^^^^^^^^^^^^^^^
  File "/Users/steven/CCProject/finmind/venv/lib/python3.14/site-packages/shioaji/shioaji.py", line 300, in fetch_contracts
    self._solace.fetch_all_contract(contracts_timeout, contracts_cb)
    ~~~~~~~~~~~~~~~~~~~~~~~~~~~~~~~^^^^^^^^^^^^^^^^^^^^^^^^^^^^^^^^^
  File "api.pyx", line 915, in api.SolaceAPI.fetch_all_contract
  File "api.pyx", line 926, in api.SolaceAPI.fetch_contract_max_page
  File "api.pyx", line 896, in api.SolaceAPI.fetch_contracts
  File "/Users/steven/CCProject/finmind/venv/lib/python3.14/site-packages/pysolace/__init__.py", line 261, in request
    raise TimeoutError(
    ...<3 lines>...
    )
TimeoutError: Topic: api/v1/data/contracts, Corr: c3, Client: PYAPI/N124711691/0406/043002/967373/220.141.20.206, payload: {'token': 'eyJ0eXAiOiJKV1QiLCJhbGciOiJIUzI1NiJ9.eyJuYmYiOjE3NzU0NDk4MDMsImV4cCI6MTc3NTUzNjIwMywic2ltdWxhdGlvbiI6ZmFsc2UsInBlcnNvbl9pZCI6Ik4xMjQ3MTE2OTEiLCJ2ZXJzaW9uIjoiMS4zLjIiLCJwMnAiOiIjUDJQL3Y6YmNzb2xhY2UwMS9Pcnlma3FxbS9QWUFQSS9OMTI0NzExNjkxLzA0MDYvMDQzMDAyLzk2NzM3My8yMjAuMTQxLjIwLjIwNi8jIiwiaXAiOiIyMjAuMTQxLjIwLjIwNiIsInBlcm1pc3Npb25zIjpbIkRhdGEiLCJQb3J0Zm9saW8iXSwibGV2ZWwiOjAsImNhX3JlcXVpcmVkIjp0cnVlfQ.OZNRbRQ6gpwEhsPbnXlIVwiMOM8DG-uJVMvcqk6rbX4', 'security_type': <SecurityType.Index: 'IND'>, 'page': 0, 'page_size': 5000}
2026-04-07 12:30:02.384 | WARNING  | importlib._bootstrap:_call_with_frames_removed:491 - Optional: pip install shioaji[speed] or uv add shioaji --extra speed for better performance.
2026-04-07 12:30:03.241 | INFO     | FinMind.data.finmind_api:login_by_token:84 - Login success
2026-04-07 12:30:03.286 | INFO     | FinMind.data.finmind_api:login_by_token:84 - Login success
2026-04-07 12:30:05.536 | INFO     | FinMind.data.finmind_api:get_data:153 - download Dataset.TaiwanStockInstitutionalInvestorsBuySell, data_id: 3006
2026-04-07 12:30:06.206 | INFO     | FinMind.data.finmind_api:get_data:153 - download Dataset.TaiwanStockInstitutionalInvestorsBuySell, data_id: 2344
2026-04-07 12:30:06.618 | INFO     | FinMind.data.finmind_api:get_data:153 - download Dataset.TaiwanFuturesInstitutionalInvestors, data_id: TX
Response Code: 0 | Event Code: 0 | Info: host '210.59.255.161:80', hostname '210.59.255.161:80' IP 210.59.255.161:80 (host 1 of 1) (host connection attempt 1 of 1) (total connection attempt 1 of 1) | Event: Session up
[sj] 永豐 API 登入成功
Response Code: 200 | Event Code: 16 | Info: APISUB/V1/SYS/CONTRACT | Event: Subscribe or Unsubscribe ok
🌙 <b>隔日沖候選</b>｜2026-04-07 12:30

🌐 大盤外資期貨（2026-04-02）：偏空 ↓（-34,855 口）

📋 <b>篩選條件</b>
量&gt;5000張 ＋ 漲&gt;2% ＋ 收高70%+ ＋ 外資買超

❌ 今日無符合隔日沖條件標的（外資未買超）

👀 <b>自選股狀況</b>
📌 3006 晶豪科  收:158  漲:+5.0%  量:14張
   爆量2.5x 方向待確認 🔍  外資-183張
📌 2344 華邦電  收:90  漲:-2.1%  量:132張
   量平穩  外資+8,415張

⚠️ 數據參考，非投資建議，買賣自負
2026-04-08 12:30:01.762 | WARNING  | importlib._bootstrap:_call_with_frames_removed:491 - Optional: pip install shioaji[speed] or uv add shioaji --extra speed for better performance.
2026-04-08 12:30:02.459 | INFO     | FinMind.data.finmind_api:login_by_token:84 - Login success
2026-04-08 12:30:02.505 | INFO     | FinMind.data.finmind_api:login_by_token:84 - Login success
2026-04-08 12:30:05.225 | INFO     | FinMind.data.finmind_api:get_data:153 - download Dataset.TaiwanStockInstitutionalInvestorsBuySell, data_id: 3006
2026-04-08 12:30:05.556 | INFO     | FinMind.data.finmind_api:get_data:153 - download Dataset.TaiwanStockInstitutionalInvestorsBuySell, data_id: 2344
2026-04-08 12:30:06.245 | INFO     | FinMind.data.finmind_api:get_data:153 - download Dataset.TaiwanFuturesInstitutionalInvestors, data_id: TX
Response Code: 0 | Event Code: 0 | Info: host '210.59.255.161:80', hostname '210.59.255.161:80' IP 210.59.255.161:80 (host 1 of 1) (host connection attempt 1 of 1) (total connection attempt 1 of 1) | Event: Session up
[sj] 永豐 API 登入成功
Response Code: 200 | Event Code: 16 | Info: APISUB/V1/SYS/CONTRACT | Event: Subscribe or Unsubscribe ok
🌙 <b>隔日沖候選</b>｜2026-04-08 12:30

🌐 大盤外資期貨（2026-04-07）：偏空 ↓（-31,350 口）

📋 <b>篩選條件</b>
量&gt;5000張 ＋ 漲&gt;2% ＋ 收高70%+ ＋ 外資買超

❌ 今日無符合隔日沖條件標的（外資未買超）

👀 <b>自選股狀況</b>
📌 3006 晶豪科  收:159  漲:+1.3%  量:19張
   量平穩  外資-3,458張
📌 2344 華邦電  收:94  漲:+5.5%  量:125張
   量平穩  外資-19,174張

⚠️ 數據參考，非投資建議，買賣自負
2026-04-09 12:30:02.549 | WARNING  | importlib._bootstrap:_call_with_frames_removed:491 - Optional: pip install shioaji[speed] or uv add shioaji --extra speed for better performance.
2026-04-09 12:30:03.057 | INFO     | FinMind.data.finmind_api:login_by_token:84 - Login success
2026-04-09 12:30:03.102 | INFO     | FinMind.data.finmind_api:login_by_token:84 - Login success
2026-04-09 12:30:05.106 | INFO     | FinMind.data.finmind_api:get_data:153 - download Dataset.TaiwanStockInstitutionalInvestorsBuySell, data_id: 3481
2026-04-09 12:30:05.425 | INFO     | FinMind.data.finmind_api:get_data:153 - download Dataset.TaiwanStockPrice, data_id: 3481
2026-04-09 12:30:05.494 | INFO     | FinMind.data.finmind_api:get_data:153 - download Dataset.TaiwanStockInstitutionalInvestorsBuySell, data_id: 0050
2026-04-09 12:30:06.185 | INFO     | FinMind.data.finmind_api:get_data:153 - download Dataset.TaiwanStockPrice, data_id: 0050
2026-04-09 12:30:06.250 | INFO     | FinMind.data.finmind_api:get_data:153 - download Dataset.TaiwanStockInstitutionalInvestorsBuySell, data_id: 2344
2026-04-09 12:30:06.756 | INFO     | FinMind.data.finmind_api:get_data:153 - download Dataset.TaiwanStockPrice, data_id: 2344
2026-04-09 12:30:06.825 | INFO     | FinMind.data.finmind_api:get_data:153 - download Dataset.TaiwanStockInstitutionalInvestorsBuySell, data_id: 6770
2026-04-09 12:30:06.917 | INFO     | FinMind.data.finmind_api:get_data:153 - download Dataset.TaiwanStockPrice, data_id: 6770
2026-04-09 12:30:06.979 | INFO     | FinMind.data.finmind_api:get_data:153 - download Dataset.TaiwanStockInstitutionalInvestorsBuySell, data_id: 1303
2026-04-09 12:30:08.281 | INFO     | FinMind.data.finmind_api:get_data:153 - download Dataset.TaiwanStockPrice, data_id: 1303
2026-04-09 12:30:08.408 | INFO     | FinMind.data.finmind_api:get_data:153 - download Dataset.TaiwanStockInstitutionalInvestorsBuySell, data_id: 2408
2026-04-09 12:30:10.127 | INFO     | FinMind.data.finmind_api:get_data:153 - download Dataset.TaiwanStockPrice, data_id: 2408
2026-04-09 12:30:10.190 | INFO     | FinMind.data.finmind_api:get_data:153 - download Dataset.TaiwanStockInstitutionalInvestorsBuySell, data_id: 0052
2026-04-09 12:30:13.607 | INFO     | FinMind.data.finmind_api:get_data:153 - download Dataset.TaiwanStockPrice, data_id: 0052
2026-04-09 12:30:13.675 | INFO     | FinMind.data.finmind_api:get_data:153 - download Dataset.TaiwanStockInstitutionalInvestorsBuySell, data_id: 2883
2026-04-09 12:30:13.793 | INFO     | FinMind.data.finmind_api:get_data:153 - download Dataset.TaiwanStockPrice, data_id: 2883
2026-04-09 12:30:13.859 | INFO     | FinMind.data.finmind_api:get_data:153 - download Dataset.TaiwanStockInstitutionalInvestorsBuySell, data_id: 0056
2026-04-09 12:30:13.963 | INFO     | FinMind.data.finmind_api:get_data:153 - download Dataset.TaiwanStockPrice, data_id: 0056
2026-04-09 12:30:14.029 | INFO     | FinMind.data.finmind_api:get_data:153 - download Dataset.TaiwanStockInstitutionalInvestorsBuySell, data_id: 6285
2026-04-09 12:30:14.113 | INFO     | FinMind.data.finmind_api:get_data:153 - download Dataset.TaiwanStockPrice, data_id: 6285
2026-04-09 12:30:14.176 | INFO     | FinMind.data.finmind_api:get_data:153 - download Dataset.TaiwanStockInstitutionalInvestorsBuySell, data_id: 2317
2026-04-09 12:30:14.280 | INFO     | FinMind.data.finmind_api:get_data:153 - download Dataset.TaiwanStockPrice, data_id: 2317
2026-04-09 12:30:14.344 | INFO     | FinMind.data.finmind_api:get_data:153 - download Dataset.TaiwanStockInstitutionalInvestorsBuySell, data_id: 1101
2026-04-09 12:30:14.443 | INFO     | FinMind.data.finmind_api:get_data:153 - download Dataset.TaiwanStockPrice, data_id: 1101
2026-04-09 12:30:14.507 | INFO     | FinMind.data.finmind_api:get_data:153 - download Dataset.TaiwanStockInstitutionalInvestorsBuySell, data_id: 6213
2026-04-09 12:30:14.600 | INFO     | FinMind.data.finmind_api:get_data:153 - download Dataset.TaiwanStockPrice, data_id: 6213
2026-04-09 12:30:14.660 | INFO     | FinMind.data.finmind_api:get_data:153 - download Dataset.TaiwanStockInstitutionalInvestorsBuySell, data_id: 1802
2026-04-09 12:30:14.754 | INFO     | FinMind.data.finmind_api:get_data:153 - download Dataset.TaiwanStockPrice, data_id: 1802
2026-04-09 12:30:14.822 | INFO     | FinMind.data.finmind_api:get_data:153 - download Dataset.TaiwanStockInstitutionalInvestorsBuySell, data_id: 4906
2026-04-09 12:30:14.914 | INFO     | FinMind.data.finmind_api:get_data:153 - download Dataset.TaiwanStockPrice, data_id: 4906
2026-04-09 12:30:14.995 | INFO     | FinMind.data.finmind_api:get_data:153 - download Dataset.TaiwanStockInstitutionalInvestorsBuySell, data_id: 2382
2026-04-09 12:30:15.136 | INFO     | FinMind.data.finmind_api:get_data:153 - download Dataset.TaiwanStockPrice, data_id: 2382
2026-04-09 12:30:15.210 | INFO     | FinMind.data.finmind_api:get_data:153 - download Dataset.TaiwanStockInstitutionalInvestorsBuySell, data_id: 2330
2026-04-09 12:30:15.376 | INFO     | FinMind.data.finmind_api:get_data:153 - download Dataset.TaiwanStockPrice, data_id: 2330
2026-04-09 12:30:15.440 | INFO     | FinMind.data.finmind_api:get_data:153 - download Dataset.TaiwanStockInstitutionalInvestorsBuySell, data_id: 2002
2026-04-09 12:30:15.637 | INFO     | FinMind.data.finmind_api:get_data:153 - download Dataset.TaiwanStockPrice, data_id: 2002
2026-04-09 12:30:15.711 | INFO     | FinMind.data.finmind_api:get_data:153 - download Dataset.TaiwanStockInstitutionalInvestorsBuySell, data_id: 2426
2026-04-09 12:30:15.816 | INFO     | FinMind.data.finmind_api:get_data:153 - download Dataset.TaiwanStockPrice, data_id: 2426
2026-04-09 12:30:15.880 | INFO     | FinMind.data.finmind_api:get_data:153 - download Dataset.TaiwanStockInstitutionalInvestorsBuySell, data_id: 1717
2026-04-09 12:30:15.979 | INFO     | FinMind.data.finmind_api:get_data:153 - download Dataset.TaiwanStockPrice, data_id: 1717
2026-04-09 12:30:16.067 | INFO     | FinMind.data.finmind_api:get_data:153 - download Dataset.TaiwanFuturesInstitutionalInvestors, data_id: TX
Response Code: 0 | Event Code: 0 | Info: host '210.59.255.161:80', hostname '210.59.255.161:80' IP 210.59.255.161:80 (host 1 of 1) (host connection attempt 1 of 1) (total connection attempt 1 of 1) | Event: Session up
[sj] 永豐 API 登入成功
Response Code: 200 | Event Code: 16 | Info: APISUB/V1/SYS/CONTRACT | Event: Subscribe or Unsubscribe ok
[fallback] Shioaji 快照失敗，改用 TWSE API
🌙 <b>隔日沖候選</b>｜2026-04-09 12:30

🌐 大盤外資期貨（2026-04-08）：偏空 ↓（-32,478 口）

📋 <b>篩選條件</b>
量&gt;5000張 ＋ 漲&gt;2% ＋ 收高70%+ ＋ 外資買超

✅ 符合 18 檔：

🟢 <b>3481 群創</b>
   收:26.2  漲:+8.9%  收盤位:86%
   量:368,105張（均293,192）  外資:+131,973張
   量平穩

🟢 <b>0050 元大台灣50</b>
   收:79.2  漲:+5.2%  收盤位:96%
   量:235,675張（均163,708）  外資:+96,384張
   量平穩

🟢 <b>2344 華邦電</b>
   收:95.6  漲:+6.9%  收盤位:94%
   量:171,450張（均195,665）  外資:+21,232張
   量平穩

🟢 <b>6770 力積電</b>
   收:57.6  漲:+6.7%  收盤位:86%
   量:115,253張（均144,513）  外資:+6,370張
   量平穩

🟢 <b>1303 南亞</b>
   收:85.1  漲:+5.7%  收盤位:73%
   量:110,264張（均97,289）  外資:+10,653張
   量平穩

🟢 <b>2408 南亞科</b>
   收:223.0  漲:+8.2%  收盤位:94%
   量:95,259張（均111,612）  外資:+4,348張
   量平穩

🟢 <b>0052 富邦科技</b>
   收:47.0  漲:+5.4%  收盤位:91%
   量:92,091張（均49,388）  外資:+21,119張
   量平穩

🟢 <b>2883 凱基金</b>
   收:21.4  漲:+3.9%  收盤位:80%
   量:88,997張（均49,920）  外資:+43,513張
   量平穩

⚡ 進場：收盤前30分鐘（14:00~14:30）確認量增收高再買
🛑 出場：隔日開盤漲2~4%賣，開盤跳空綠立刻出


⚠️ 數據參考，非投資建議，買賣自負
2026-04-10 12:30:10.379 | WARNING  | importlib._bootstrap:_call_with_frames_removed:488 - Optional: pip install shioaji[speed] or uv add shioaji --extra speed for better performance.
2026-04-10 12:30:12.233 | INFO     | FinMind.data.finmind_api:login_by_token:84 - Login success
2026-04-10 12:30:12.284 | INFO     | FinMind.data.finmind_api:login_by_token:84 - Login success
Response Code: 0 | Event Code: 0 | Info: host '210.59.255.161:80', hostname '210.59.255.161:80' IP 210.59.255.161:80 (host 1 of 1) (host connection attempt 1 of 1) (total connection attempt 1 of 1) | Event: Session up
[sj] 永豐 API 登入成功
Response Code: 200 | Event Code: 16 | Info: APISUB/V1/SYS/CONTRACT | Event: Subscribe or Unsubscribe ok
[error] Shioaji 快照失敗，無法取得今日即時資料，結束執行
